#
# A fatal error has been detected by the Java Runtime Environment:
#
#  EXCEPTION_ACCESS_VIOLATION (0xc0000005) at pc=0x00007ffe4a30266d, pid=10396, tid=5200
#
# JRE version: Java(TM) SE Runtime Environment (15.0.2+7) (build 15.0.2+7-27)
# Java VM: Java HotSpot(TM) 64-Bit Server VM (15.0.2+7-27, mixed mode, sharing, tiered, compressed oops, g1 gc, windows-amd64)
# Problematic frame:
# C  [lwjgl_opengl.dll+0x1266d]
#
# No core dump will be written. Minidumps are not enabled by default on client versions of Windows
#
# If you would like to submit a bug report, please visit:
#   https://bugreport.java.com/bugreport/crash.jsp
# The crash happened outside the Java Virtual Machine in native code.
# See problematic frame for where to report the bug.
#

---------------  S U M M A R Y ------------

Command Line: -Djava.library.path=./lib/natives/windows -javaagent:D:\Program Files\JetBrains\IntelliJ IDEA Community Edition 2021.2\lib\idea_rt.jar=61206:D:\Program Files\JetBrains\IntelliJ IDEA Community Edition 2021.2\bin -Dfile.encoding=UTF-8 com.ATTAR.main.Main

Host: Intel(R) Core(TM) i3-3110M CPU @ 2.40GHz, 4 cores, 7G,  Windows 10 , 64 bit Build 19041 (10.0.19041.1348)
Time: Tue Nov 23 15:21:12 2021 Central Europe Standard Time elapsed time: 6.794553 seconds (0d 0h 0m 6s)

---------------  T H R E A D  ---------------

Current thread (0x0000021ef8bd89a0):  JavaThread "Thread-1" [_thread_in_native, id=5200, stack(0x000000f801000000,0x000000f801100000)]

Stack: [0x000000f801000000,0x000000f801100000],  sp=0x000000f8010ff118,  free space=1020k
Native frames: (J=compiled Java code, j=interpreted, Vv=VM code, C=native code)
C  [lwjgl_opengl.dll+0x1266d]

Java frames: (J=compiled Java code, j=interpreted, Vv=VM code)
J 1374  org.lwjgl.opengl.GL15.glBindBuffer(II)V (0 bytes) @ 0x0000021ee9d0ec74 [0x0000021ee9d0ec20+0x0000000000000054]
J 1476 c1 com.ATTAR.fonts.Sdf.RenderText(Lcom/ATTAR/grafic/Shader;Ljava/lang/String;FFFLorg/joml/Vector4f;Lorg/joml/Matrix4f;)V (401 bytes) @ 0x0000021ee29c829c [0x0000021ee29c7640+0x0000000000000c5c]
J 1482 c1 com.ATTAR.components.CompRender.Update(Ljava/lang/String;Lorg/joml/Vector2f;FLorg/joml/Vector4f;)V (31 bytes) @ 0x0000021ee29ca89c [0x0000021ee29ca7c0+0x00000000000000dc]
j  com.ATTAR.scenes.GameScene$1.run()V+41
j  java.lang.Thread.run()V+11 java.base@15.0.2
v  ~StubRoutines::call_stub

siginfo: EXCEPTION_ACCESS_VIOLATION (0xc0000005), reading address 0x00000000000000e8


Register to memory mapping:

RIP=0x00007ffe4a30266d lwjgl_opengl.dll
RAX=0x00007ffe4069de40 jvm.dll
RBX=0x0 is NULL
RCX=0x0000000000008892 is an unknown value
RDX=0x000000000000000d is an unknown value
RSP=0x000000f8010ff118 is pointing into the stack for thread: 0x0000021ef8bd89a0
RBP=0x000000f8010ff180 is pointing into the stack for thread: 0x0000021ef8bd89a0
RSI=0x0000021efe629308 is pointing into metadata
RDI=0x0000000000000018 is an unknown value
R8 =0x0000000000008892 is an unknown value
R9 =0x000000000000000d is an unknown value
R10=0x0 is NULL
R11=0x000000008207e380 is an oop: java.lang.Character 
{0x000000008207e380} - klass: 'java/lang/Character'
R12=0x0 is NULL
R13=0x00000000897b01b0 is an oop: java.util.HashMap 
{0x00000000897b01b0} - klass: 'java/util/HashMap'
R14=0x000000f8010ff170 is pointing into the stack for thread: 0x0000021ef8bd89a0
R15=0x0000021ef8bd89a0 is a thread


Registers:
RAX=0x00007ffe4069de40, RBX=0x0000000000000000, RCX=0x0000000000008892, RDX=0x000000000000000d
RSP=0x000000f8010ff118, RBP=0x000000f8010ff180, RSI=0x0000021efe629308, RDI=0x0000000000000018
R8 =0x0000000000008892, R9 =0x000000000000000d, R10=0x0000000000000000, R11=0x000000008207e380
R12=0x0000000000000000, R13=0x00000000897b01b0, R14=0x000000f8010ff170, R15=0x0000021ef8bd89a0
RIP=0x00007ffe4a30266d, EFLAGS=0x0000000000010246

Top of Stack: (sp=0x000000f8010ff118)
0x000000f8010ff118:   0000021ee9d0ed14 0000021ef8bd89a0
0x000000f8010ff128:   000000f8010ff3c0 0000021efe6307f9
0x000000f8010ff138:   0000000000000000 000000f8010ff3b0
0x000000f8010ff148:   0000021ee29b22b4 000000f8010ff260
0x000000f8010ff158:   00007ffe3ffeced8 0000021efdd9d1b0
0x000000f8010ff168:   00000000000000b6 00000000890dd0b8
0x000000f8010ff178:   00000000000003d8 000000f8010ff3b0
0x000000f8010ff188:   0000021ee29c829c 000000f8010ff208
0x000000f8010ff198:   0000021ef8bd89a0 000000f8010ff1d0
0x000000f8010ff1a8:   0000021ef8bd0000 0000000000000000
0x000000f8010ff1b8:   00007ffe401bfc00 0000000800cad838
0x000000f8010ff1c8:   00007ffe3ffd612c 00000000896a9b80
0x000000f8010ff1d8:   0000000000000000 0000021ef8bd89a0
0x000000f8010ff1e8:   0000021efcd9c898 00000000000000d8
0x000000f8010ff1f8:   000000f8010ff700 0000021ef8bd89a0
0x000000f8010ff208:   00007ffe405126b0 0000021ef8bd89a0 

Instructions: (pc=0x00007ffe4a30266d)
0x00007ffe4a30256d:   d1 41 8b cb 4c 8b 50 18 49 ff a2 c0 43 00 00 cc
0x00007ffe4a30257d:   cc cc cc 48 8b 01 45 0f b7 d8 44 0f b7 44 24 28
0x00007ffe4a30258d:   41 0f b7 d1 41 0f b7 cb 4c 8b 50 18 49 ff a2 e0
0x00007ffe4a30259d:   43 00 00 48 8b 01 0f 28 c2 f3 0f 10 54 24 28 0f
0x00007ffe4a3025ad:   28 cb 48 8b 48 18 48 ff a1 a0 43 00 00 cc cc cc
0x00007ffe4a3025bd:   cc cc cc 48 8b 01 0f 28 c2 f2 0f 10 54 24 28 0f
0x00007ffe4a3025cd:   28 cb 48 8b 48 18 48 ff a1 80 43 00 00 cc cc cc
0x00007ffe4a3025dd:   cc cc cc 48 8b 01 49 8b c8 48 8b 50 18 48 ff a2
0x00007ffe4a3025ed:   d0 43 00 00 cc cc cc cc cc cc cc cc cc cc cc cc
0x00007ffe4a3025fd:   cc cc cc 48 8b 01 49 8b c8 48 8b 50 18 48 ff a2
0x00007ffe4a30260d:   f0 43 00 00 cc cc cc cc cc cc cc cc cc cc cc cc
0x00007ffe4a30261d:   cc cc cc 48 8b 01 49 8b c8 48 8b 50 18 48 ff a2
0x00007ffe4a30262d:   b0 43 00 00 cc cc cc cc cc cc cc cc cc cc cc cc
0x00007ffe4a30263d:   cc cc cc 48 8b 01 49 8b c8 48 8b 50 18 48 ff a2
0x00007ffe4a30264d:   90 43 00 00 cc cc cc cc cc cc cc cc cc cc cc cc
0x00007ffe4a30265d:   cc cc cc 48 8b 01 41 8b d1 41 8b c8 4c 8b 50 18
0x00007ffe4a30266d:   49 ff a2 e8 00 00 00 cc cc cc cc cc cc cc cc cc
0x00007ffe4a30267d:   cc cc cc 48 8b 01 49 8b d1 41 8b c8 4c 8b 50 18
0x00007ffe4a30268d:   49 ff a2 48 09 00 00 cc cc cc cc cc cc cc cc cc
0x00007ffe4a30269d:   cc cc cc 48 8b 01 49 8b d1 41 8b c8 4c 8b 50 18
0x00007ffe4a3026ad:   49 ff a2 d0 0e 00 00 cc cc cc cc cc cc cc cc cc
0x00007ffe4a3026bd:   cc cc cc 48 8b 01 48 8b 48 18 48 8b 81 58 1b 00
0x00007ffe4a3026cd:   00 41 8b c8 48 ff e0 cc cc cc cc cc cc cc cc cc
0x00007ffe4a3026dd:   cc cc cc 40 53 48 8b 01 41 8b d8 4c 8b 44 24 30
0x00007ffe4a3026ed:   49 8b d1 44 8b 4c 24 38 8b cb 4c 8b 50 18 5b 49
0x00007ffe4a3026fd:   ff a2 e8 02 00 00 cc cc cc cc cc cc cc cc cc cc
0x00007ffe4a30270d:   cc cc cc 40 53 48 8b 01 41 8b d8 4c 8b 44 24 30
0x00007ffe4a30271d:   49 8b d1 4c 8b 4c 24 38 8b cb 4c 8b 50 18 5b 49
0x00007ffe4a30272d:   ff a2 18 03 00 00 cc cc cc cc cc cc cc cc cc cc
0x00007ffe4a30273d:   cc cc cc 40 53 48 8b 01 41 8b d8 4c 8b 44 24 30
0x00007ffe4a30274d:   49 8b d1 4c 8b 4c 24 38 8b cb 4c 8b 50 18 5b 49
0x00007ffe4a30275d:   ff a2 70 10 00 00 cc cc cc cc cc cc cc cc cc cc 


Stack slot to memory mapping:
stack at sp + 0 slots: 0x0000021ee9d0ed14 is at entry_point+244 in (nmethod*)0x0000021ee9d0ea90
stack at sp + 1 slots: 0x0000021ef8bd89a0 is a thread
stack at sp + 2 slots: 0x000000f8010ff3c0 is pointing into the stack for thread: 0x0000021ef8bd89a0
stack at sp + 3 slots: 0x0000021efe6307f9 is pointing into metadata
stack at sp + 4 slots: 0x0 is NULL
stack at sp + 5 slots: 0x000000f8010ff3b0 is pointing into the stack for thread: 0x0000021ef8bd89a0
stack at sp + 6 slots: 0x0000021ee29b22b4 is at entry_point+116 in (nmethod*)0x0000021ee29b2090
stack at sp + 7 slots: 0x000000f8010ff260 is pointing into the stack for thread: 0x0000021ef8bd89a0


---------------  P R O C E S S  ---------------

Threads class SMR info:
_java_thread_list=0x0000021efcf30140, length=17, elements={
0x0000021ef81ae5a0, 0x0000021ef81af080, 0x0000021ef81c6b40, 0x0000021ef81cb520,
0x0000021ef81cd690, 0x0000021ef81d0be0, 0x0000021ef81d5330, 0x0000021ef81e2070,
0x0000021ef81906f0, 0x0000021ef8c1dd40, 0x0000021ef8dd5b70, 0x0000021ef90d08e0,
0x0000021ef90f26b0, 0x0000021ef90fa280, 0x0000021ef9161920, 0x0000021ed9faa420,
0x0000021ef8bd89a0
}

Java Threads: ( => current thread )
  0x0000021ef81ae5a0 JavaThread "Reference Handler" daemon [_thread_blocked, id=11544, stack(0x000000f87f200000,0x000000f87f300000)]
  0x0000021ef81af080 JavaThread "Finalizer" daemon [_thread_blocked, id=11700, stack(0x000000f87f300000,0x000000f87f400000)]
  0x0000021ef81c6b40 JavaThread "Signal Dispatcher" daemon [_thread_blocked, id=4212, stack(0x000000f87f400000,0x000000f87f500000)]
  0x0000021ef81cb520 JavaThread "Attach Listener" daemon [_thread_blocked, id=6372, stack(0x000000f87f500000,0x000000f87f600000)]
  0x0000021ef81cd690 JavaThread "Service Thread" daemon [_thread_blocked, id=11788, stack(0x000000f87f600000,0x000000f87f700000)]
  0x0000021ef81d0be0 JavaThread "C2 CompilerThread0" daemon [_thread_blocked, id=11656, stack(0x000000f87f700000,0x000000f87f800000)]
  0x0000021ef81d5330 JavaThread "C1 CompilerThread0" daemon [_thread_blocked, id=10512, stack(0x000000f87f800000,0x000000f87f900000)]
  0x0000021ef81e2070 JavaThread "Sweeper thread" daemon [_thread_blocked, id=5492, stack(0x000000f87f900000,0x000000f87fa00000)]
  0x0000021ef81906f0 JavaThread "Common-Cleaner" daemon [_thread_blocked, id=1732, stack(0x000000f87fa00000,0x000000f87fb00000)]
  0x0000021ef8c1dd40 JavaThread "Monitor Ctrl-Break" daemon [_thread_in_native, id=3800, stack(0x000000f87fb00000,0x000000f87fc00000)]
  0x0000021ef8dd5b70 JavaThread "Notification Thread" daemon [_thread_blocked, id=11352, stack(0x000000f87fc00000,0x000000f87fd00000)]
  0x0000021ef90d08e0 JavaThread "Java2D Disposer" daemon [_thread_blocked, id=3620, stack(0x000000f800100000,0x000000f800200000)]
  0x0000021ef90f26b0 JavaThread "AWT-Shutdown" [_thread_blocked, id=7772, stack(0x000000f800200000,0x000000f800300000)]
  0x0000021ef90fa280 JavaThread "AWT-Windows" daemon [_thread_in_native, id=11396, stack(0x000000f800300000,0x000000f800400000)]
  0x0000021ef9161920 JavaThread "AWT-EventQueue-0" [_thread_in_native, id=9396, stack(0x000000f800400000,0x000000f800500000)]
  0x0000021ed9faa420 JavaThread "DestroyJavaVM" [_thread_blocked, id=3164, stack(0x000000f87eb00000,0x000000f87ec00000)]
=>0x0000021ef8bd89a0 JavaThread "Thread-1" [_thread_in_native, id=5200, stack(0x000000f801000000,0x000000f801100000)]

Other Threads:
  0x0000021ef81a9250 VMThread "VM Thread" [stack: 0x000000f87f100000,0x000000f87f200000] [id=8532]
  0x0000021ef8ddd590 WatcherThread [stack: 0x000000f87fd00000,0x000000f87fe00000] [id=10656]
  0x0000021ed9fe51e0 GCTaskThread "GC Thread#0" [stack: 0x000000f87ec00000,0x000000f87ed00000] [id=11356]
  0x0000021ef90c7620 GCTaskThread "GC Thread#1" [stack: 0x000000f800900000,0x000000f800a00000] [id=11224]
  0x0000021ef90c6c90 GCTaskThread "GC Thread#2" [stack: 0x000000f800a00000,0x000000f800b00000] [id=10624]
  0x0000021ef90c8c70 GCTaskThread "GC Thread#3" [stack: 0x000000f800b00000,0x000000f800c00000] [id=10560]
  0x0000021ed9ff5e80 ConcurrentGCThread "G1 Main Marker" [stack: 0x000000f87ed00000,0x000000f87ee00000] [id=7960]
  0x0000021ed9ff7990 ConcurrentGCThread "G1 Conc#0" [stack: 0x000000f87ee00000,0x000000f87ef00000] [id=8096]
  0x0000021eda06dde0 ConcurrentGCThread "G1 Refine#0" [stack: 0x000000f87ef00000,0x000000f87f000000] [id=9840]
  0x0000021efcd885c0 ConcurrentGCThread "G1 Refine#1" [stack: 0x000000f800c00000,0x000000f800d00000] [id=3124]
  0x0000021eda06e8f0 ConcurrentGCThread "G1 Young RemSet Sampling" [stack: 0x000000f87f000000,0x000000f87f100000] [id=5104]

Threads with active compile tasks:

VM state: not at safepoint (normal execution)

VM Mutex/Monitor currently owned by a thread: None

Heap address: 0x0000000081e00000, size: 2018 MB, Compressed Oops mode: 32-bit
CDS archive(s) mapped at: [0x0000000800000000-0x0000000800b50000-0x0000000800b50000), size 11862016, SharedBaseAddress: 0x0000000800000000, ArchiveRelocationMode: 0.
Compressed class space mapped at: 0x0000000800b50000-0x0000000840b50000, size: 1073741824
Narrow klass base: 0x0000000800000000, Narrow klass shift: 3, Narrow klass range: 0x100000000

GC Precious Log:
 CPUs: 4 total, 4 available
 Memory: 8067M
 Large Page Support: Disabled
 NUMA Support: Disabled
 Compressed Oops: Enabled (32-bit)
 Heap Region Size: 1M
 Heap Min Capacity: 8M
 Heap Initial Capacity: 128M
 Heap Max Capacity: 2018M
 Pre-touch: Disabled
 Parallel Workers: 4
 Concurrent Workers: 1
 Concurrent Refinement Workers: 4
 Periodic GC: Disabled

Heap:
 garbage-first heap   total 131072K, used 16440K [0x0000000081e00000, 0x0000000100000000)
  region size 1024K, 12 young (12288K), 2 survivors (2048K)
 Metaspace       used 14442K, capacity 14621K, committed 14848K, reserved 1062912K
  class space    used 1389K, capacity 1460K, committed 1536K, reserved 1048576K

Heap Regions: E=young(eden), S=young(survivor), O=old, HS=humongous(starts), HC=humongous(continues), CS=collection set, F=free, OA=open archive, CA=closed archive, TAMS=top-at-mark-start (previous, next)
|   0|0x0000000081e00000, 0x0000000081f00000, 0x0000000081f00000|100%|HS|  |TAMS 0x0000000081e00000, 0x0000000081e00000| Complete 
|   1|0x0000000081f00000, 0x0000000082000000, 0x0000000082000000|100%|HC|  |TAMS 0x0000000081f00000, 0x0000000081f00000| Complete 
|   2|0x0000000082000000, 0x0000000082100000, 0x0000000082100000|100%| O|  |TAMS 0x0000000082000000, 0x0000000082000000| Untracked 
|   3|0x0000000082100000, 0x000000008210e200, 0x0000000082200000|  5%| O|  |TAMS 0x0000000082100000, 0x0000000082100000| Untracked 
|   4|0x0000000082200000, 0x0000000082300000, 0x0000000082300000|100%|HS|  |TAMS 0x0000000082200000, 0x0000000082200000| Complete 
|   5|0x0000000082300000, 0x0000000082400000, 0x0000000082400000|100%|HS|  |TAMS 0x0000000082300000, 0x0000000082300000| Complete 
|   6|0x0000000082400000, 0x0000000082500000, 0x0000000082500000|100%|HS|  |TAMS 0x0000000082400000, 0x0000000082400000| Complete 
|   7|0x0000000082500000, 0x0000000082500000, 0x0000000082600000|  0%| F|  |TAMS 0x0000000082500000, 0x0000000082500000| Untracked 
|   8|0x0000000082600000, 0x0000000082600000, 0x0000000082700000|  0%| F|  |TAMS 0x0000000082600000, 0x0000000082600000| Untracked 
|   9|0x0000000082700000, 0x0000000082700000, 0x0000000082800000|  0%| F|  |TAMS 0x0000000082700000, 0x0000000082700000| Untracked 
|  10|0x0000000082800000, 0x0000000082800000, 0x0000000082900000|  0%| F|  |TAMS 0x0000000082800000, 0x0000000082800000| Untracked 
|  11|0x0000000082900000, 0x0000000082900000, 0x0000000082a00000|  0%| F|  |TAMS 0x0000000082900000, 0x0000000082900000| Untracked 
|  12|0x0000000082a00000, 0x0000000082a00000, 0x0000000082b00000|  0%| F|  |TAMS 0x0000000082a00000, 0x0000000082a00000| Untracked 
|  13|0x0000000082b00000, 0x0000000082b00000, 0x0000000082c00000|  0%| F|  |TAMS 0x0000000082b00000, 0x0000000082b00000| Untracked 
|  14|0x0000000082c00000, 0x0000000082c00000, 0x0000000082d00000|  0%| F|  |TAMS 0x0000000082c00000, 0x0000000082c00000| Untracked 
|  15|0x0000000082d00000, 0x0000000082d00000, 0x0000000082e00000|  0%| F|  |TAMS 0x0000000082d00000, 0x0000000082d00000| Untracked 
|  16|0x0000000082e00000, 0x0000000082e00000, 0x0000000082f00000|  0%| F|  |TAMS 0x0000000082e00000, 0x0000000082e00000| Untracked 
|  17|0x0000000082f00000, 0x0000000082f00000, 0x0000000083000000|  0%| F|  |TAMS 0x0000000082f00000, 0x0000000082f00000| Untracked 
|  18|0x0000000083000000, 0x0000000083000000, 0x0000000083100000|  0%| F|  |TAMS 0x0000000083000000, 0x0000000083000000| Untracked 
|  19|0x0000000083100000, 0x0000000083100000, 0x0000000083200000|  0%| F|  |TAMS 0x0000000083100000, 0x0000000083100000| Untracked 
|  20|0x0000000083200000, 0x0000000083200000, 0x0000000083300000|  0%| F|  |TAMS 0x0000000083200000, 0x0000000083200000| Untracked 
|  21|0x0000000083300000, 0x0000000083300000, 0x0000000083400000|  0%| F|  |TAMS 0x0000000083300000, 0x0000000083300000| Untracked 
|  22|0x0000000083400000, 0x0000000083400000, 0x0000000083500000|  0%| F|  |TAMS 0x0000000083400000, 0x0000000083400000| Untracked 
|  23|0x0000000083500000, 0x0000000083500000, 0x0000000083600000|  0%| F|  |TAMS 0x0000000083500000, 0x0000000083500000| Untracked 
|  24|0x0000000083600000, 0x0000000083600000, 0x0000000083700000|  0%| F|  |TAMS 0x0000000083600000, 0x0000000083600000| Untracked 
|  25|0x0000000083700000, 0x0000000083700000, 0x0000000083800000|  0%| F|  |TAMS 0x0000000083700000, 0x0000000083700000| Untracked 
|  26|0x0000000083800000, 0x0000000083800000, 0x0000000083900000|  0%| F|  |TAMS 0x0000000083800000, 0x0000000083800000| Untracked 
|  27|0x0000000083900000, 0x0000000083900000, 0x0000000083a00000|  0%| F|  |TAMS 0x0000000083900000, 0x0000000083900000| Untracked 
|  28|0x0000000083a00000, 0x0000000083a00000, 0x0000000083b00000|  0%| F|  |TAMS 0x0000000083a00000, 0x0000000083a00000| Untracked 
|  29|0x0000000083b00000, 0x0000000083b00000, 0x0000000083c00000|  0%| F|  |TAMS 0x0000000083b00000, 0x0000000083b00000| Untracked 
|  30|0x0000000083c00000, 0x0000000083c00000, 0x0000000083d00000|  0%| F|  |TAMS 0x0000000083c00000, 0x0000000083c00000| Untracked 
|  31|0x0000000083d00000, 0x0000000083d00000, 0x0000000083e00000|  0%| F|  |TAMS 0x0000000083d00000, 0x0000000083d00000| Untracked 
|  32|0x0000000083e00000, 0x0000000083e00000, 0x0000000083f00000|  0%| F|  |TAMS 0x0000000083e00000, 0x0000000083e00000| Untracked 
|  33|0x0000000083f00000, 0x0000000083f00000, 0x0000000084000000|  0%| F|  |TAMS 0x0000000083f00000, 0x0000000083f00000| Untracked 
|  34|0x0000000084000000, 0x0000000084000000, 0x0000000084100000|  0%| F|  |TAMS 0x0000000084000000, 0x0000000084000000| Untracked 
|  35|0x0000000084100000, 0x0000000084100000, 0x0000000084200000|  0%| F|  |TAMS 0x0000000084100000, 0x0000000084100000| Untracked 
|  36|0x0000000084200000, 0x0000000084200000, 0x0000000084300000|  0%| F|  |TAMS 0x0000000084200000, 0x0000000084200000| Untracked 
|  37|0x0000000084300000, 0x0000000084300000, 0x0000000084400000|  0%| F|  |TAMS 0x0000000084300000, 0x0000000084300000| Untracked 
|  38|0x0000000084400000, 0x0000000084400000, 0x0000000084500000|  0%| F|  |TAMS 0x0000000084400000, 0x0000000084400000| Untracked 
|  39|0x0000000084500000, 0x0000000084500000, 0x0000000084600000|  0%| F|  |TAMS 0x0000000084500000, 0x0000000084500000| Untracked 
|  40|0x0000000084600000, 0x0000000084600000, 0x0000000084700000|  0%| F|  |TAMS 0x0000000084600000, 0x0000000084600000| Untracked 
|  41|0x0000000084700000, 0x0000000084700000, 0x0000000084800000|  0%| F|  |TAMS 0x0000000084700000, 0x0000000084700000| Untracked 
|  42|0x0000000084800000, 0x0000000084800000, 0x0000000084900000|  0%| F|  |TAMS 0x0000000084800000, 0x0000000084800000| Untracked 
|  43|0x0000000084900000, 0x0000000084900000, 0x0000000084a00000|  0%| F|  |TAMS 0x0000000084900000, 0x0000000084900000| Untracked 
|  44|0x0000000084a00000, 0x0000000084a00000, 0x0000000084b00000|  0%| F|  |TAMS 0x0000000084a00000, 0x0000000084a00000| Untracked 
|  45|0x0000000084b00000, 0x0000000084b00000, 0x0000000084c00000|  0%| F|  |TAMS 0x0000000084b00000, 0x0000000084b00000| Untracked 
|  46|0x0000000084c00000, 0x0000000084c00000, 0x0000000084d00000|  0%| F|  |TAMS 0x0000000084c00000, 0x0000000084c00000| Untracked 
|  47|0x0000000084d00000, 0x0000000084d00000, 0x0000000084e00000|  0%| F|  |TAMS 0x0000000084d00000, 0x0000000084d00000| Untracked 
|  48|0x0000000084e00000, 0x0000000084e00000, 0x0000000084f00000|  0%| F|  |TAMS 0x0000000084e00000, 0x0000000084e00000| Untracked 
|  49|0x0000000084f00000, 0x0000000084f00000, 0x0000000085000000|  0%| F|  |TAMS 0x0000000084f00000, 0x0000000084f00000| Untracked 
|  50|0x0000000085000000, 0x0000000085000000, 0x0000000085100000|  0%| F|  |TAMS 0x0000000085000000, 0x0000000085000000| Untracked 
|  51|0x0000000085100000, 0x0000000085100000, 0x0000000085200000|  0%| F|  |TAMS 0x0000000085100000, 0x0000000085100000| Untracked 
|  52|0x0000000085200000, 0x0000000085200000, 0x0000000085300000|  0%| F|  |TAMS 0x0000000085200000, 0x0000000085200000| Untracked 
|  53|0x0000000085300000, 0x0000000085300000, 0x0000000085400000|  0%| F|  |TAMS 0x0000000085300000, 0x0000000085300000| Untracked 
|  54|0x0000000085400000, 0x0000000085400000, 0x0000000085500000|  0%| F|  |TAMS 0x0000000085400000, 0x0000000085400000| Untracked 
|  55|0x0000000085500000, 0x0000000085500000, 0x0000000085600000|  0%| F|  |TAMS 0x0000000085500000, 0x0000000085500000| Untracked 
|  56|0x0000000085600000, 0x0000000085600000, 0x0000000085700000|  0%| F|  |TAMS 0x0000000085600000, 0x0000000085600000| Untracked 
|  57|0x0000000085700000, 0x0000000085700000, 0x0000000085800000|  0%| F|  |TAMS 0x0000000085700000, 0x0000000085700000| Untracked 
|  58|0x0000000085800000, 0x0000000085800000, 0x0000000085900000|  0%| F|  |TAMS 0x0000000085800000, 0x0000000085800000| Untracked 
|  59|0x0000000085900000, 0x0000000085900000, 0x0000000085a00000|  0%| F|  |TAMS 0x0000000085900000, 0x0000000085900000| Untracked 
|  60|0x0000000085a00000, 0x0000000085a00000, 0x0000000085b00000|  0%| F|  |TAMS 0x0000000085a00000, 0x0000000085a00000| Untracked 
|  61|0x0000000085b00000, 0x0000000085b00000, 0x0000000085c00000|  0%| F|  |TAMS 0x0000000085b00000, 0x0000000085b00000| Untracked 
|  62|0x0000000085c00000, 0x0000000085c00000, 0x0000000085d00000|  0%| F|  |TAMS 0x0000000085c00000, 0x0000000085c00000| Untracked 
|  63|0x0000000085d00000, 0x0000000085d00000, 0x0000000085e00000|  0%| F|  |TAMS 0x0000000085d00000, 0x0000000085d00000| Untracked 
|  64|0x0000000085e00000, 0x0000000085e00000, 0x0000000085f00000|  0%| F|  |TAMS 0x0000000085e00000, 0x0000000085e00000| Untracked 
|  65|0x0000000085f00000, 0x0000000085f00000, 0x0000000086000000|  0%| F|  |TAMS 0x0000000085f00000, 0x0000000085f00000| Untracked 
|  66|0x0000000086000000, 0x0000000086000000, 0x0000000086100000|  0%| F|  |TAMS 0x0000000086000000, 0x0000000086000000| Untracked 
|  67|0x0000000086100000, 0x0000000086100000, 0x0000000086200000|  0%| F|  |TAMS 0x0000000086100000, 0x0000000086100000| Untracked 
|  68|0x0000000086200000, 0x0000000086200000, 0x0000000086300000|  0%| F|  |TAMS 0x0000000086200000, 0x0000000086200000| Untracked 
|  69|0x0000000086300000, 0x0000000086300000, 0x0000000086400000|  0%| F|  |TAMS 0x0000000086300000, 0x0000000086300000| Untracked 
|  70|0x0000000086400000, 0x0000000086400000, 0x0000000086500000|  0%| F|  |TAMS 0x0000000086400000, 0x0000000086400000| Untracked 
|  71|0x0000000086500000, 0x0000000086500000, 0x0000000086600000|  0%| F|  |TAMS 0x0000000086500000, 0x0000000086500000| Untracked 
|  72|0x0000000086600000, 0x0000000086600000, 0x0000000086700000|  0%| F|  |TAMS 0x0000000086600000, 0x0000000086600000| Untracked 
|  73|0x0000000086700000, 0x0000000086700000, 0x0000000086800000|  0%| F|  |TAMS 0x0000000086700000, 0x0000000086700000| Untracked 
|  74|0x0000000086800000, 0x0000000086800000, 0x0000000086900000|  0%| F|  |TAMS 0x0000000086800000, 0x0000000086800000| Untracked 
|  75|0x0000000086900000, 0x0000000086900000, 0x0000000086a00000|  0%| F|  |TAMS 0x0000000086900000, 0x0000000086900000| Untracked 
|  76|0x0000000086a00000, 0x0000000086a00000, 0x0000000086b00000|  0%| F|  |TAMS 0x0000000086a00000, 0x0000000086a00000| Untracked 
|  77|0x0000000086b00000, 0x0000000086b00000, 0x0000000086c00000|  0%| F|  |TAMS 0x0000000086b00000, 0x0000000086b00000| Untracked 
|  78|0x0000000086c00000, 0x0000000086c00000, 0x0000000086d00000|  0%| F|  |TAMS 0x0000000086c00000, 0x0000000086c00000| Untracked 
|  79|0x0000000086d00000, 0x0000000086d00000, 0x0000000086e00000|  0%| F|  |TAMS 0x0000000086d00000, 0x0000000086d00000| Untracked 
|  80|0x0000000086e00000, 0x0000000086e00000, 0x0000000086f00000|  0%| F|  |TAMS 0x0000000086e00000, 0x0000000086e00000| Untracked 
|  81|0x0000000086f00000, 0x0000000086f00000, 0x0000000087000000|  0%| F|  |TAMS 0x0000000086f00000, 0x0000000086f00000| Untracked 
|  82|0x0000000087000000, 0x0000000087000000, 0x0000000087100000|  0%| F|  |TAMS 0x0000000087000000, 0x0000000087000000| Untracked 
|  83|0x0000000087100000, 0x0000000087100000, 0x0000000087200000|  0%| F|  |TAMS 0x0000000087100000, 0x0000000087100000| Untracked 
|  84|0x0000000087200000, 0x0000000087200000, 0x0000000087300000|  0%| F|  |TAMS 0x0000000087200000, 0x0000000087200000| Untracked 
|  85|0x0000000087300000, 0x0000000087300000, 0x0000000087400000|  0%| F|  |TAMS 0x0000000087300000, 0x0000000087300000| Untracked 
|  86|0x0000000087400000, 0x0000000087400000, 0x0000000087500000|  0%| F|  |TAMS 0x0000000087400000, 0x0000000087400000| Untracked 
|  87|0x0000000087500000, 0x0000000087500000, 0x0000000087600000|  0%| F|  |TAMS 0x0000000087500000, 0x0000000087500000| Untracked 
|  88|0x0000000087600000, 0x0000000087600000, 0x0000000087700000|  0%| F|  |TAMS 0x0000000087600000, 0x0000000087600000| Untracked 
|  89|0x0000000087700000, 0x0000000087700000, 0x0000000087800000|  0%| F|  |TAMS 0x0000000087700000, 0x0000000087700000| Untracked 
|  90|0x0000000087800000, 0x0000000087800000, 0x0000000087900000|  0%| F|  |TAMS 0x0000000087800000, 0x0000000087800000| Untracked 
|  91|0x0000000087900000, 0x0000000087900000, 0x0000000087a00000|  0%| F|  |TAMS 0x0000000087900000, 0x0000000087900000| Untracked 
|  92|0x0000000087a00000, 0x0000000087a00000, 0x0000000087b00000|  0%| F|  |TAMS 0x0000000087a00000, 0x0000000087a00000| Untracked 
|  93|0x0000000087b00000, 0x0000000087b00000, 0x0000000087c00000|  0%| F|  |TAMS 0x0000000087b00000, 0x0000000087b00000| Untracked 
|  94|0x0000000087c00000, 0x0000000087c00000, 0x0000000087d00000|  0%| F|  |TAMS 0x0000000087c00000, 0x0000000087c00000| Untracked 
|  95|0x0000000087d00000, 0x0000000087d00000, 0x0000000087e00000|  0%| F|  |TAMS 0x0000000087d00000, 0x0000000087d00000| Untracked 
|  96|0x0000000087e00000, 0x0000000087e00000, 0x0000000087f00000|  0%| F|  |TAMS 0x0000000087e00000, 0x0000000087e00000| Untracked 
|  97|0x0000000087f00000, 0x0000000087f00000, 0x0000000088000000|  0%| F|  |TAMS 0x0000000087f00000, 0x0000000087f00000| Untracked 
|  98|0x0000000088000000, 0x0000000088000000, 0x0000000088100000|  0%| F|  |TAMS 0x0000000088000000, 0x0000000088000000| Untracked 
|  99|0x0000000088100000, 0x0000000088100000, 0x0000000088200000|  0%| F|  |TAMS 0x0000000088100000, 0x0000000088100000| Untracked 
| 100|0x0000000088200000, 0x0000000088200000, 0x0000000088300000|  0%| F|  |TAMS 0x0000000088200000, 0x0000000088200000| Untracked 
| 101|0x0000000088300000, 0x0000000088300000, 0x0000000088400000|  0%| F|  |TAMS 0x0000000088300000, 0x0000000088300000| Untracked 
| 102|0x0000000088400000, 0x0000000088400000, 0x0000000088500000|  0%| F|  |TAMS 0x0000000088400000, 0x0000000088400000| Untracked 
| 103|0x0000000088500000, 0x0000000088500000, 0x0000000088600000|  0%| F|  |TAMS 0x0000000088500000, 0x0000000088500000| Untracked 
| 104|0x0000000088600000, 0x0000000088600000, 0x0000000088700000|  0%| F|  |TAMS 0x0000000088600000, 0x0000000088600000| Untracked 
| 105|0x0000000088700000, 0x0000000088700000, 0x0000000088800000|  0%| F|  |TAMS 0x0000000088700000, 0x0000000088700000| Untracked 
| 106|0x0000000088800000, 0x0000000088800000, 0x0000000088900000|  0%| F|  |TAMS 0x0000000088800000, 0x0000000088800000| Untracked 
| 107|0x0000000088900000, 0x0000000088900000, 0x0000000088a00000|  0%| F|  |TAMS 0x0000000088900000, 0x0000000088900000| Untracked 
| 108|0x0000000088a00000, 0x0000000088a00000, 0x0000000088b00000|  0%| F|  |TAMS 0x0000000088a00000, 0x0000000088a00000| Untracked 
| 109|0x0000000088b00000, 0x0000000088b00000, 0x0000000088c00000|  0%| F|  |TAMS 0x0000000088b00000, 0x0000000088b00000| Untracked 
| 110|0x0000000088c00000, 0x0000000088c00000, 0x0000000088d00000|  0%| F|  |TAMS 0x0000000088c00000, 0x0000000088c00000| Untracked 
| 111|0x0000000088d00000, 0x0000000088d00000, 0x0000000088e00000|  0%| F|  |TAMS 0x0000000088d00000, 0x0000000088d00000| Untracked 
| 112|0x0000000088e00000, 0x0000000088e00000, 0x0000000088f00000|  0%| F|  |TAMS 0x0000000088e00000, 0x0000000088e00000| Untracked 
| 113|0x0000000088f00000, 0x0000000089000000, 0x0000000089000000|100%| S|CS|TAMS 0x0000000088f00000, 0x0000000088f00000| Complete 
| 114|0x0000000089000000, 0x0000000089100000, 0x0000000089100000|100%| S|CS|TAMS 0x0000000089000000, 0x0000000089000000| Complete 
| 115|0x0000000089100000, 0x0000000089100000, 0x0000000089200000|  0%| F|  |TAMS 0x0000000089100000, 0x0000000089100000| Untracked 
| 116|0x0000000089200000, 0x0000000089200000, 0x0000000089300000|  0%| F|  |TAMS 0x0000000089200000, 0x0000000089200000| Untracked 
| 117|0x0000000089300000, 0x0000000089300000, 0x0000000089400000|  0%| F|  |TAMS 0x0000000089300000, 0x0000000089300000| Untracked 
| 118|0x0000000089400000, 0x00000000894d2410, 0x0000000089500000| 82%| E|  |TAMS 0x0000000089400000, 0x0000000089400000| Complete 
| 119|0x0000000089500000, 0x0000000089600000, 0x0000000089600000|100%| E|  |TAMS 0x0000000089500000, 0x0000000089500000| Complete 
| 120|0x0000000089600000, 0x0000000089700000, 0x0000000089700000|100%| E|CS|TAMS 0x0000000089600000, 0x0000000089600000| Complete 
| 121|0x0000000089700000, 0x0000000089800000, 0x0000000089800000|100%| E|CS|TAMS 0x0000000089700000, 0x0000000089700000| Complete 
| 122|0x0000000089800000, 0x0000000089900000, 0x0000000089900000|100%| E|CS|TAMS 0x0000000089800000, 0x0000000089800000| Complete 
| 123|0x0000000089900000, 0x0000000089a00000, 0x0000000089a00000|100%| E|CS|TAMS 0x0000000089900000, 0x0000000089900000| Complete 
| 124|0x0000000089a00000, 0x0000000089b00000, 0x0000000089b00000|100%| E|CS|TAMS 0x0000000089a00000, 0x0000000089a00000| Complete 
| 125|0x0000000089b00000, 0x0000000089c00000, 0x0000000089c00000|100%| E|CS|TAMS 0x0000000089b00000, 0x0000000089b00000| Complete 
| 126|0x0000000089c00000, 0x0000000089d00000, 0x0000000089d00000|100%| E|CS|TAMS 0x0000000089c00000, 0x0000000089c00000| Complete 
| 127|0x0000000089d00000, 0x0000000089e00000, 0x0000000089e00000|100%| E|CS|TAMS 0x0000000089d00000, 0x0000000089d00000| Complete 

Card table byte_map: [0x0000021ef15e0000,0x0000021ef19e0000] _byte_map_base: 0x0000021ef11d1000

Marking Bits (Prev, Next): (CMBitMap*) 0x0000021ed9fe58e0, (CMBitMap*) 0x0000021ed9fe5920
 Prev Bits: [0x0000021ef1de0000, 0x0000021ef3d68000)
 Next Bits: [0x0000021ef3d70000, 0x0000021ef5cf8000)

Polling page: 0x0000021ed7f30000

Metaspace:

Usage:
  Non-class:     12.85 MB capacity,    12.75 MB (>99%) used,    88.86 KB ( <1%) free+waste,    18.25 KB ( <1%) overhead. 
      Class:      1.43 MB capacity,     1.36 MB ( 95%) used,    63.35 KB (  4%) free+waste,     6.69 KB ( <1%) overhead. 
       Both:     14.28 MB capacity,    14.11 MB ( 99%) used,   152.21 KB (  1%) free+waste,    24.94 KB ( <1%) overhead. 

Virtual space:
  Non-class space:       14.00 MB reserved,      13.00 MB ( 93%) committed 
      Class space:        1.00 GB reserved,       1.50 MB ( <1%) committed 
             Both:        1.01 GB reserved,      14.50 MB (  1%) committed 

Chunk freelists:
   Non-Class:  87.00 KB
       Class:  12.00 KB
        Both:  99.00 KB

MaxMetaspaceSize: 17179869184.00 GB
CompressedClassSpaceSize: 1.00 GB

CodeHeap 'non-profiled nmethods': size=120000Kb used=489Kb max_used=489Kb free=119510Kb
 bounds [0x0000021ee9cb0000, 0x0000021ee9f20000, 0x0000021ef11e0000]
CodeHeap 'profiled nmethods': size=120000Kb used=2715Kb max_used=2715Kb free=117284Kb
 bounds [0x0000021ee2780000, 0x0000021ee2a30000, 0x0000021ee9cb0000]
CodeHeap 'non-nmethods': size=5760Kb used=1674Kb max_used=1689Kb free=4085Kb
 bounds [0x0000021ee21e0000, 0x0000021ee2450000, 0x0000021ee2780000]
 total_blobs=2771 nmethods=1681 adapters=1003
 compilation: enabled
              stopped_count=0, restarted_count=0
 full_count=0

Compilation events (20 events):
Event: 6.698 Thread 0x0000021ef81d5330 1557       3       org.lwjgl.system.MemoryAccess$MemoryAccessorUnsafe::memGetLong (8 bytes)
Event: 6.699 Thread 0x0000021ef81d5330 nmethod 1557 0x0000021ee29e7310 code [0x0000021ee29e74c0, 0x0000021ee29e7698]
Event: 6.699 Thread 0x0000021ef81d5330 1562       3       org.lwjgl.system.MemoryUtil::memSet (38 bytes)
Event: 6.699 Thread 0x0000021ef81d5330 nmethod 1562 0x0000021ee29e7790 code [0x0000021ee29e7940, 0x0000021ee29e7a88]
Event: 6.699 Thread 0x0000021ef81d5330 1558       3       org.lwjgl.system.MemoryAccess$MemoryAccessorUnsafe::shl (21 bytes)
Event: 6.699 Thread 0x0000021ef81d5330 nmethod 1558 0x0000021ee29e7b90 code [0x0000021ee29e7d20, 0x0000021ee29e7e78]
Event: 6.699 Thread 0x0000021ef81d5330 1559       3       org.lwjgl.system.MemoryAccess$MemoryAccessorUnsafe::shr (21 bytes)
Event: 6.699 Thread 0x0000021ef81d5330 nmethod 1559 0x0000021ee29e7f10 code [0x0000021ee29e80a0, 0x0000021ee29e81f8]
Event: 6.699 Thread 0x0000021ef81d5330 1560       3       org.lwjgl.system.MemoryAccess$MemoryAccessorUnsafe::merge (9 bytes)
Event: 6.699 Thread 0x0000021ef81d5330 nmethod 1560 0x0000021ee29e8290 code [0x0000021ee29e8420, 0x0000021ee29e8518]
Event: 6.699 Thread 0x0000021ef81d5330 1561       3       org.lwjgl.system.MemoryAccess$MemoryAccessorUnsafe::memPutLong (9 bytes)
Event: 6.700 Thread 0x0000021ef81d5330 nmethod 1561 0x0000021ee29e8590 code [0x0000021ee29e8740, 0x0000021ee29e8918]
Event: 6.707 Thread 0x0000021ef81d5330 1563       3       java.util.HashMap::resize (356 bytes)
Event: 6.708 Thread 0x0000021ef81d5330 nmethod 1563 0x0000021ee29e8a10 code [0x0000021ee29e8cc0, 0x0000021ee29ea148]
Event: 6.724 Thread 0x0000021ef81d5330 1565       3       com.mlomb.freetypejni.GlyphSlot::getBitmapTop (8 bytes)
Event: 6.724 Thread 0x0000021ef81d5330 nmethod 1565 0x0000021ee29ea610 code [0x0000021ee29ea7c0, 0x0000021ee29ea8e8]
Event: 6.736 Thread 0x0000021ef81d5330 1567       1       sun.nio.fs.WindowsPath::getFileSystem (5 bytes)
Event: 6.736 Thread 0x0000021ef81d5330 nmethod 1567 0x0000021ee9d21690 code [0x0000021ee9d21820, 0x0000021ee9d218d8]
Event: 6.736 Thread 0x0000021ef81d5330 1568       1       sun.nio.fs.NativeBuffer::setOwner (6 bytes)
Event: 6.736 Thread 0x0000021ef81d5330 nmethod 1568 0x0000021ee9d21990 code [0x0000021ee9d21b20, 0x0000021ee9d21c18]

GC Heap History (2 events):
Event: 2.734 GC heap before
{Heap before GC invocations=0 (full 0):
 garbage-first heap   total 131072K, used 15360K [0x0000000081e00000, 0x0000000100000000)
  region size 1024K, 13 young (13312K), 0 survivors (0K)
 Metaspace       used 12221K, capacity 12340K, committed 12672K, reserved 1060864K
  class space    used 1251K, capacity 1299K, committed 1408K, reserved 1048576K
}
Event: 2.744 GC heap after
{Heap after GC invocations=1 (full 0):
 garbage-first heap   total 131072K, used 5176K [0x0000000081e00000, 0x0000000100000000)
  region size 1024K, 2 young (2048K), 2 survivors (2048K)
 Metaspace       used 12221K, capacity 12340K, committed 12672K, reserved 1060864K
  class space    used 1251K, capacity 1299K, committed 1408K, reserved 1048576K
}

Deoptimization events (20 events):
Event: 3.188 Thread 0x0000021ef9161920 DEOPT PACKING pc=0x0000021ee299abc2 sp=0x000000f8004fe150
Event: 3.188 Thread 0x0000021ef9161920 DEOPT UNPACKING pc=0x0000021ee222e23f sp=0x000000f8004fd668 mode 0
Event: 3.189 Thread 0x0000021ef9161920 DEOPT PACKING pc=0x0000021ee299abc2 sp=0x000000f8004fe150
Event: 3.189 Thread 0x0000021ef9161920 DEOPT UNPACKING pc=0x0000021ee222e23f sp=0x000000f8004fd668 mode 0
Event: 6.599 Thread 0x0000021ef9161920 Uncommon trap: trap_request=0xffffffc6 fr.pc=0x0000021ee9d13498 relative=0x0000000000000178
Event: 6.599 Thread 0x0000021ef9161920 Uncommon trap: reason=bimorphic_or_optimized_type_check action=maybe_recompile pc=0x0000021ee9d13498 method=org.lwjgl.system.MemoryAccess$MemoryAccessorUnsafe.setup(Ljava/lang/Class;JI)Ljava/nio/Buffer; @ 53 c2
Event: 6.599 Thread 0x0000021ef9161920 DEOPT PACKING pc=0x0000021ee9d13498 sp=0x000000f8004fdbe0
Event: 6.599 Thread 0x0000021ef9161920 DEOPT UNPACKING pc=0x0000021ee222e42f sp=0x000000f8004fdb80 mode 2
Event: 6.672 Thread 0x0000021ef9161920 Uncommon trap: trap_request=0xffffffc6 fr.pc=0x0000021ee9d13498 relative=0x0000000000000178
Event: 6.672 Thread 0x0000021ef9161920 Uncommon trap: reason=bimorphic_or_optimized_type_check action=maybe_recompile pc=0x0000021ee9d13498 method=org.lwjgl.system.MemoryAccess$MemoryAccessorUnsafe.setup(Ljava/lang/Class;JI)Ljava/nio/Buffer; @ 53 c2
Event: 6.672 Thread 0x0000021ef9161920 DEOPT PACKING pc=0x0000021ee9d13498 sp=0x000000f8004fdb60
Event: 6.672 Thread 0x0000021ef9161920 DEOPT UNPACKING pc=0x0000021ee222e42f sp=0x000000f8004fdb00 mode 2
Event: 6.680 Thread 0x0000021efd405210 Uncommon trap: trap_request=0xffffff45 fr.pc=0x0000021ee9cee2c8 relative=0x0000000000000228
Event: 6.680 Thread 0x0000021efd405210 Uncommon trap: reason=unstable_if action=reinterpret pc=0x0000021ee9cee2c8 method=java.util.HashMap.putVal(ILjava/lang/Object;Ljava/lang/Object;ZZ)Ljava/lang/Object; @ 162 c2
Event: 6.680 Thread 0x0000021efd405210 DEOPT PACKING pc=0x0000021ee9cee2c8 sp=0x000000f8010ff1f0
Event: 6.680 Thread 0x0000021efd405210 DEOPT UNPACKING pc=0x0000021ee222e42f sp=0x000000f8010ff118 mode 2
Event: 6.680 Thread 0x0000021efd405210 Uncommon trap: trap_request=0xffffff45 fr.pc=0x0000021ee9d0400c relative=0x00000000000009ac
Event: 6.680 Thread 0x0000021efd405210 Uncommon trap: reason=unstable_if action=reinterpret pc=0x0000021ee9d0400c method=java.util.HashMap.resize()[Ljava/util/HashMap$Node; @ 203 c2
Event: 6.680 Thread 0x0000021efd405210 DEOPT PACKING pc=0x0000021ee9d0400c sp=0x000000f8010ff090
Event: 6.680 Thread 0x0000021efd405210 DEOPT UNPACKING pc=0x0000021ee222e42f sp=0x000000f8010ff030 mode 2

Classes unloaded (0 events):
No events

Classes redefined (0 events):
No events

Internal exceptions (18 events):
Event: 0.302 Thread 0x0000021ef8c1dd40 Exception <a 'java/lang/NoSuchMethodError'{0x0000000089a08780}: 'java.lang.Object java.lang.invoke.DirectMethodHandle$Holder.invokeStatic(java.lang.Object)'> (0x0000000089a08780) 
thrown [./open/src/hotspot/share/interpreter/linkResolver.cpp, line 782]
Event: 0.303 Thread 0x0000021ef8c1dd40 Exception <a 'java/lang/NoSuchMethodError'{0x0000000089a0c090}: 'java.lang.Object java.lang.invoke.DirectMethodHandle$Holder.invokeStaticInit(java.lang.Object)'> (0x0000000089a0c090) 
thrown [./open/src/hotspot/share/interpreter/linkResolver.cpp, line 782]
Event: 0.315 Thread 0x0000021ef8c1dd40 Exception <a 'java/lang/NoSuchMethodError'{0x0000000089a19438}: 'void java.lang.invoke.DirectMethodHandle$Holder.invokeStatic(java.lang.Object, java.lang.Object)'> (0x0000000089a19438) 
thrown [./open/src/hotspot/share/interpreter/linkResolver.cpp, line 782]
Event: 0.339 Thread 0x0000021ed9faa420 Exception <a 'java/lang/NoSuchMethodError'{0x0000000089ab1870}: 'void java.lang.invoke.DirectMethodHandle$Holder.invokeSpecial(java.lang.Object, java.lang.Object, java.lang.Object)'> (0x0000000089ab1870) 
thrown [./open/src/hotspot/share/interpreter/linkResolver.cpp, line 782]
Event: 0.345 Thread 0x0000021ed9faa420 Exception <a 'java/lang/NoSuchMethodError'{0x0000000089ac5dd0}: 'java.lang.Object java.lang.invoke.DirectMethodHandle$Holder.invokeStatic(java.lang.Object, java.lang.Object, int)'> (0x0000000089ac5dd0) 
thrown [./open/src/hotspot/share/interpreter/linkResolver.cpp, line 782]
Event: 0.348 Thread 0x0000021ed9faa420 Exception <a 'java/lang/NoSuchMethodError'{0x0000000089ad1f80}: 'void java.lang.invoke.DelegatingMethodHandle$Holder.delegate(java.lang.Object, java.lang.Object, int, java.lang.Object)'> (0x0000000089ad1f80) 
thrown [./open/src/hotspot/share/interpreter/linkResolver.cpp, line 782]
Event: 0.349 Thread 0x0000021ed9faa420 Exception <a 'java/lang/NoSuchMethodError'{0x0000000089ad60d0}: 'int java.lang.invoke.DirectMethodHandle$Holder.invokeSpecial(java.lang.Object, java.lang.Object, java.lang.Object)'> (0x0000000089ad60d0) 
thrown [./open/src/hotspot/share/interpreter/linkResolver.cpp, line 782]
Event: 0.674 Thread 0x0000021ed9faa420 Exception <a 'java/lang/ClassNotFoundException'{0x0000000089803ec0}: sun/awt/resources/spi/awtProvider> (0x0000000089803ec0) 
thrown [./open/src/hotspot/share/classfile/systemDictionary.cpp, line 295]
Event: 0.714 Thread 0x0000021ed9faa420 Exception <a 'java/io/FileNotFoundException'{0x0000000089851c08}> (0x0000000089851c08) 
thrown [./open/src/hotspot/share/prims/jni.cpp, line 578]
Event: 0.729 Thread 0x0000021ed9faa420 Exception <a 'java/io/FileNotFoundException'{0x0000000089880598}> (0x0000000089880598) 
thrown [./open/src/hotspot/share/prims/jni.cpp, line 578]
Event: 0.880 Thread 0x0000021ed9faa420 Exception <a 'java/lang/NoSuchMethodError'{0x00000000897624f0}: 'java.lang.Object java.lang.invoke.DirectMethodHandle$Holder.newInvokeSpecial(java.lang.Object, java.lang.Object, java.lang.Object, java.lang.Object, java.lang.Object)'> (0x00000000897624f0) 
thrown [./open/src/hotspot/share/interpreter/linkResolver.cpp, line 782]
Event: 0.882 Thread 0x0000021ed9faa420 Exception <a 'java/lang/NoSuchMethodError'{0x000000008976df80}: 'java.lang.Object java.lang.invoke.DirectMethodHandle$Holder.invokeStatic(java.lang.Object, int, java.lang.Object, java.lang.Object, java.lang.Object, java.lang.Object)'> (0x000000008976df80) 
thrown [./open/src/hotspot/share/interpreter/linkResolver.cpp, line 782]
Event: 0.892 Thread 0x0000021ed9faa420 Exception <a 'java/lang/NoSuchMethodError'{0x00000000897945a0}: 'java.lang.Object java.lang.invoke.DirectMethodHandle$Holder.invokeStatic(java.lang.Object, int, java.lang.Object)'> (0x00000000897945a0) 
thrown [./open/src/hotspot/share/interpreter/linkResolver.cpp, line 782]
Event: 0.950 Thread 0x0000021ed9faa420 Exception <a 'java/lang/ClassNotFoundException'{0x0000000089651418}: com/sun/swing/internal/plaf/metal/resources/spi/metalProvider> (0x0000000089651418) 
thrown [./open/src/hotspot/share/classfile/systemDictionary.cpp, line 295]
Event: 0.952 Thread 0x0000021ed9faa420 Exception <a 'java/lang/ClassNotFoundException'{0x00000000896556d8}: com/sun/swing/internal/plaf/basic/resources/spi/basicProvider> (0x00000000896556d8) 
thrown [./open/src/hotspot/share/classfile/systemDictionary.cpp, line 295]
Event: 1.204 Thread 0x0000021ed9faa420 Exception <a 'java/lang/NoSuchMethodError'{0x0000000089411c60}: 'void java.lang.invoke.DirectMethodHandle$Holder.invokeStaticInit(java.lang.Object)'> (0x0000000089411c60) 
thrown [./open/src/hotspot/share/interpreter/linkResolver.cpp, line 782]
Event: 2.589 Thread 0x0000021ef9161920 Exception <a 'sun/nio/fs/WindowsException'{0x0000000089330e60}> (0x0000000089330e60) 
thrown [./open/src/hotspot/share/prims/jni.cpp, line 578]
Event: 2.590 Thread 0x0000021ef9161920 Exception <a 'sun/nio/fs/WindowsException'{0x0000000089331330}> (0x0000000089331330) 
thrown [./open/src/hotspot/share/prims/jni.cpp, line 578]

Events (20 events):
Event: 6.655 loading class java/awt/image/PixelInterleavedSampleModel
Event: 6.656 loading class java/awt/image/ComponentSampleModel
Event: 6.656 loading class java/awt/image/ComponentSampleModel done
Event: 6.656 loading class java/awt/image/PixelInterleavedSampleModel done
Event: 6.656 loading class java/awt/image/DataBufferByte
Event: 6.656 loading class java/awt/image/DataBufferByte done
Event: 6.656 loading class sun/awt/image/ByteInterleavedRaster
Event: 6.656 loading class sun/awt/image/ByteComponentRaster
Event: 6.656 loading class sun/awt/image/ByteComponentRaster done
Event: 6.656 loading class sun/awt/image/ByteInterleavedRaster done
Event: 6.657 loading class sun/awt/image/BytePackedRaster
Event: 6.657 loading class sun/awt/image/BytePackedRaster done
Event: 6.658 loading class com/sun/imageio/plugins/common/ReaderUtil
Event: 6.658 loading class com/sun/imageio/plugins/common/ReaderUtil done
Event: 6.665 Thread 0x0000021efd405210 Thread added: 0x0000021efd405210
Event: 6.679 Thread 0x0000021ef8c735a0 Thread added: 0x0000021ef8c735a0
Event: 6.680 Thread 0x0000021efd405210 Thread exited: 0x0000021efd405210
Event: 6.724 Loaded shared library D:\eclipse-workspace\2DGameEngine\lib\natives\windows\freetype-jni-64.dll
Event: 6.731 Loaded shared library D:\eclipse-workspace\2DGameEngine\lib\natives\windows\freetype-jni-64.dll
Event: 6.749 Thread 0x0000021ef8bd89a0 Thread added: 0x0000021ef8bd89a0


Dynamic libraries:
0x00007ff705460000 - 0x00007ff70546f000 	C:\Program Files\Java\jdk-15.0.2\bin\java.exe
0x00007ffe64310000 - 0x00007ffe64505000 	C:\WINDOWS\SYSTEM32\ntdll.dll
0x00007ffe63660000 - 0x00007ffe6371e000 	C:\WINDOWS\System32\KERNEL32.DLL
0x00007ffe61a60000 - 0x00007ffe61d28000 	C:\WINDOWS\System32\KERNELBASE.dll
0x00007ffe61d30000 - 0x00007ffe61e30000 	C:\WINDOWS\System32\ucrtbase.dll
0x00007ffe5d090000 - 0x00007ffe5d0a9000 	C:\Program Files\Java\jdk-15.0.2\bin\VCRUNTIME140.dll
0x00007ffe5d070000 - 0x00007ffe5d088000 	C:\Program Files\Java\jdk-15.0.2\bin\jli.dll
0x00007ffe63990000 - 0x00007ffe63a3c000 	C:\WINDOWS\System32\ADVAPI32.dll
0x00007ffe63a40000 - 0x00007ffe63ade000 	C:\WINDOWS\System32\msvcrt.dll
0x00007ffe62360000 - 0x00007ffe623fb000 	C:\WINDOWS\System32\sechost.dll
0x00007ffe64000000 - 0x00007ffe6412a000 	C:\WINDOWS\System32\RPCRT4.dll
0x00007ffe634b0000 - 0x00007ffe63651000 	C:\WINDOWS\System32\USER32.dll
0x00007ffe62250000 - 0x00007ffe62272000 	C:\WINDOWS\System32\win32u.dll
0x00007ffe642a0000 - 0x00007ffe642cb000 	C:\WINDOWS\System32\GDI32.dll
0x00007ffe61fe0000 - 0x00007ffe620eb000 	C:\WINDOWS\System32\gdi32full.dll
0x00007ffe61ee0000 - 0x00007ffe61f7d000 	C:\WINDOWS\System32\msvcp_win.dll
0x00007ffe59280000 - 0x00007ffe5951a000 	C:\WINDOWS\WinSxS\amd64_microsoft.windows.common-controls_6595b64144ccf1df_6.0.19041.1110_none_60b5254171f9507e\COMCTL32.dll
0x00007ffe581d0000 - 0x00007ffe581da000 	C:\WINDOWS\SYSTEM32\VERSION.dll
0x00007ffe64140000 - 0x00007ffe64170000 	C:\WINDOWS\System32\IMM32.DLL
0x00007ffe5cf70000 - 0x00007ffe5cf7c000 	C:\Program Files\Java\jdk-15.0.2\bin\vcruntime140_1.dll
0x00007ffe525d0000 - 0x00007ffe52661000 	C:\Program Files\Java\jdk-15.0.2\bin\msvcp140.dll
0x00007ffe3fca0000 - 0x00007ffe407fe000 	C:\Program Files\Java\jdk-15.0.2\bin\server\jvm.dll
0x00007ffe63840000 - 0x00007ffe63848000 	C:\WINDOWS\System32\PSAPI.DLL
0x00007ffe49340000 - 0x00007ffe49349000 	C:\WINDOWS\SYSTEM32\WSOCK32.dll
0x00007ffe62400000 - 0x00007ffe6246b000 	C:\WINDOWS\System32\WS2_32.dll
0x00007ffe59c50000 - 0x00007ffe59c77000 	C:\WINDOWS\SYSTEM32\WINMM.dll
0x00007ffe5f930000 - 0x00007ffe5f942000 	C:\WINDOWS\SYSTEM32\kernel.appcore.dll
0x00007ffe5bec0000 - 0x00007ffe5beca000 	C:\Program Files\Java\jdk-15.0.2\bin\jimage.dll
0x00007ffe55da0000 - 0x00007ffe55f84000 	C:\WINDOWS\SYSTEM32\DBGHELP.DLL
0x00007ffe55d70000 - 0x00007ffe55d9c000 	C:\WINDOWS\SYSTEM32\dbgcore.DLL
0x00007ffe62280000 - 0x00007ffe62303000 	C:\WINDOWS\System32\bcryptPrimitives.dll
0x00007ffe57ce0000 - 0x00007ffe57cee000 	C:\Program Files\Java\jdk-15.0.2\bin\instrument.dll
0x00007ffe57cb0000 - 0x00007ffe57cd5000 	C:\Program Files\Java\jdk-15.0.2\bin\java.dll
0x00007ffe626d0000 - 0x00007ffe62e0f000 	C:\WINDOWS\System32\SHELL32.dll
0x00007ffe5fb30000 - 0x00007ffe602c0000 	C:\WINDOWS\SYSTEM32\windows.storage.dll
0x00007ffe63ae0000 - 0x00007ffe63e35000 	C:\WINDOWS\System32\combase.dll
0x00007ffe613b0000 - 0x00007ffe613de000 	C:\WINDOWS\SYSTEM32\Wldp.dll
0x00007ffe64190000 - 0x00007ffe6423d000 	C:\WINDOWS\System32\SHCORE.dll
0x00007ffe63850000 - 0x00007ffe638a5000 	C:\WINDOWS\System32\shlwapi.dll
0x00007ffe61900000 - 0x00007ffe6191f000 	C:\WINDOWS\SYSTEM32\profapi.dll
0x00007ffe57a70000 - 0x00007ffe57a88000 	C:\Program Files\Java\jdk-15.0.2\bin\zip.dll
0x00007ffe57b10000 - 0x00007ffe57b29000 	C:\Program Files\Java\jdk-15.0.2\bin\net.dll
0x00007ffe56b90000 - 0x00007ffe56c9c000 	C:\WINDOWS\SYSTEM32\WINHTTP.dll
0x00007ffe61110000 - 0x00007ffe6117a000 	C:\WINDOWS\system32\mswsock.dll
0x00007ffe57a90000 - 0x00007ffe57aa2000 	C:\Program Files\Java\jdk-15.0.2\bin\nio.dll
0x00007ffe57a50000 - 0x00007ffe57a6a000 	D:\Program Files\JetBrains\IntelliJ IDEA Community Edition 2021.2\bin\breakgen64.dll
0x00007ffe52570000 - 0x00007ffe525cb000 	C:\Users\Nero\AppData\Local\Temp\lwjglNero\3.1.6-build-14\lwjgl.dll
0x00007ffe52510000 - 0x00007ffe52561000 	C:\Users\Nero\AppData\Local\Temp\lwjglNero\3.1.6-build-14\glfw.dll
0x00007ffe5f450000 - 0x00007ffe5f4ee000 	C:\WINDOWS\system32\uxtheme.dll
0x00007ffe524c0000 - 0x00007ffe52505000 	C:\WINDOWS\SYSTEM32\dinput8.dll
0x00007ffe57a30000 - 0x00007ffe57a41000 	C:\WINDOWS\SYSTEM32\xinput1_4.dll
0x00007ffe62310000 - 0x00007ffe6235e000 	C:\WINDOWS\System32\cfgmgr32.dll
0x00007ffe61700000 - 0x00007ffe61734000 	C:\WINDOWS\SYSTEM32\DEVOBJ.dll
0x00007ffe5f640000 - 0x00007ffe5f66f000 	C:\WINDOWS\SYSTEM32\dwmapi.dll
0x00007ffe573d0000 - 0x00007ffe57522000 	C:\WINDOWS\SYSTEM32\inputhost.dll
0x00007ffe62550000 - 0x00007ffe6261d000 	C:\WINDOWS\System32\OLEAUT32.dll
0x00007ffe5f040000 - 0x00007ffe5f132000 	C:\WINDOWS\SYSTEM32\CoreMessaging.dll
0x00007ffe5d600000 - 0x00007ffe5d6f6000 	C:\WINDOWS\SYSTEM32\PROPSYS.dll
0x00007ffe5da40000 - 0x00007ffe5db94000 	C:\WINDOWS\SYSTEM32\wintypes.dll
0x00007ffe5dbd0000 - 0x00007ffe5df2e000 	C:\WINDOWS\SYSTEM32\CoreUIComponents.dll
0x00007ffe60720000 - 0x00007ffe60753000 	C:\WINDOWS\SYSTEM32\ntmarta.dll
0x00007ffe63720000 - 0x00007ffe63835000 	C:\WINDOWS\System32\MSCTF.dll
0x00007ffe602c0000 - 0x00007ffe602cd000 	C:\WINDOWS\SYSTEM32\HID.DLL
0x00007ffe63030000 - 0x00007ffe634a2000 	C:\WINDOWS\System32\SETUPAPI.DLL
0x00007ffe61a30000 - 0x00007ffe61a57000 	C:\WINDOWS\System32\bcrypt.dll
0x00007ffe61f80000 - 0x00007ffe61fe0000 	C:\WINDOWS\System32\WINTRUST.dll
0x00007ffe620f0000 - 0x00007ffe62246000 	C:\WINDOWS\System32\CRYPT32.dll
0x00007ffe61540000 - 0x00007ffe61552000 	C:\WINDOWS\SYSTEM32\MSASN1.dll
0x00007ffe52340000 - 0x00007ffe524c0000 	C:\Program Files\Java\jdk-15.0.2\bin\awt.dll
0x00007ffe5f380000 - 0x00007ffe5f410000 	C:\WINDOWS\SYSTEM32\apphelp.dll
0x00007ffe3a940000 - 0x00007ffe3aa65000 	C:\WINDOWS\system32\opengl32.dll
0x00007ffe53450000 - 0x00007ffe5347c000 	C:\WINDOWS\SYSTEM32\GLU32.dll
0x00007ffe62e10000 - 0x00007ffe62f3a000 	C:\WINDOWS\System32\ole32.dll
0x00007ffe4cfb0000 - 0x00007ffe4d035000 	C:\Program Files\Java\jdk-15.0.2\bin\freetype.dll
0x00007ffe4cf00000 - 0x00007ffe4cfa9000 	C:\Program Files\Java\jdk-15.0.2\bin\fontmanager.dll
0x00007ffe57530000 - 0x00007ffe57629000 	C:\WINDOWS\SYSTEM32\textinputframework.dll
0x00007ffe62620000 - 0x00007ffe626c9000 	C:\WINDOWS\System32\clbcatq.dll
0x00007ffe596a0000 - 0x00007ffe59799000 	C:\Windows\System32\AppXDeploymentClient.dll
0x00007ffe02ba0000 - 0x00007ffe033d2000 	C:\WINDOWS\SYSTEM32\ig7icd64.dll
0x00007ffe4d0e0000 - 0x00007ffe4d544000 	C:\WINDOWS\SYSTEM32\igdusc64.dll
0x00007ffe5f320000 - 0x00007ffe5f334000 	C:\WINDOWS\SYSTEM32\WTSAPI32.dll
0x00007ffe61940000 - 0x00007ffe6198b000 	C:\WINDOWS\SYSTEM32\powrprof.dll
0x00007ffe61920000 - 0x00007ffe61932000 	C:\WINDOWS\SYSTEM32\UMPDC.dll
0x00007ffe60320000 - 0x00007ffe60414000 	C:\WINDOWS\SYSTEM32\dxgi.dll
0x00007ffe5d700000 - 0x00007ffe5d964000 	C:\WINDOWS\SYSTEM32\d3d11.dll
0x00007ffe4e5d0000 - 0x00007ffe4f172000 	C:\WINDOWS\SYSTEM32\igd10iumd64.dll
0x00007ffe61420000 - 0x00007ffe61447000 	C:\WINDOWS\SYSTEM32\ncrypt.dll
0x00007ffe613e0000 - 0x00007ffe6141b000 	C:\WINDOWS\SYSTEM32\NTASN1.dll
0x00007ffe5d350000 - 0x00007ffe5d38b000 	C:\WINDOWS\SYSTEM32\dxcore.dll
0x00007ffe4a2f0000 - 0x00007ffe4a34f000 	C:\Users\Nero\AppData\Local\Temp\lwjglNero\3.1.6-build-14\lwjgl_opengl.dll
0x00007ffe4a110000 - 0x00007ffe4a200000 	C:\Users\Nero\AppData\Local\Temp\lwjglNero\3.1.6-build-14\OpenAL.dll
0x00007ffe5a180000 - 0x00007ffe5a205000 	C:\WINDOWS\System32\MMDevApi.dll
0x00007ffe5a210000 - 0x00007ffe5a391000 	C:\WINDOWS\SYSTEM32\AUDIOSES.DLL
0x00007ffe5f540000 - 0x00007ffe5f554000 	C:\WINDOWS\SYSTEM32\resourcepolicyclient.dll
0x00007ffe12be0000 - 0x00007ffe12d2e000 	D:\eclipse-workspace\2DGameEngine\lib\natives\windows\freetype-jni-64.dll
0x00007ffe4a0e0000 - 0x00007ffe4a10b000 	C:\WINDOWS\SYSTEM32\VCRUNTIME140D.dll
0x00007ffe112e0000 - 0x00007ffe114a7000 	C:\WINDOWS\SYSTEM32\ucrtbased.dll
0x00007ffe423b0000 - 0x00007ffe4242e000 	C:\Users\Nero\AppData\Local\Temp\lwjglNero\3.1.6-build-14\lwjgl_stb.dll

dbghelp: loaded successfully - version: 4.0.5 - missing functions: none
symbol engine: initialized successfully - sym options: 0x614 - pdb path: .;C:\Program Files\Java\jdk-15.0.2\bin;C:\WINDOWS\SYSTEM32;C:\WINDOWS\WinSxS\amd64_microsoft.windows.common-controls_6595b64144ccf1df_6.0.19041.1110_none_60b5254171f9507e;C:\Program Files\Java\jdk-15.0.2\bin\server;D:\Program Files\JetBrains\IntelliJ IDEA Community Edition 2021.2\bin;C:\Users\Nero\AppData\Local\Temp\lwjglNero\3.1.6-build-14;D:\eclipse-workspace\2DGameEngine\lib\natives\windows

VM Arguments:
jvm_args: -Djava.library.path=./lib/natives/windows -javaagent:D:\Program Files\JetBrains\IntelliJ IDEA Community Edition 2021.2\lib\idea_rt.jar=61206:D:\Program Files\JetBrains\IntelliJ IDEA Community Edition 2021.2\bin -Dfile.encoding=UTF-8 
java_command: com.ATTAR.main.Main
java_class_path (initial): D:\eclipse-workspace\2DGameEngine\bin;D:\eclipse-workspace\2DGameEngine\lib\lwjgl.jar;D:\eclipse-workspace\2DGameEngine\lib\lwjgl-assimp.jar;D:\eclipse-workspace\2DGameEngine\lib\lwjgl-assimp-natives-linux.jar;D:\eclipse-workspace\2DGameEngine\lib\lwjgl-assimp-natives-macos.jar;D:\eclipse-workspace\2DGameEngine\lib\lwjgl-assimp-natives-windows.jar;D:\eclipse-workspace\2DGameEngine\lib\lwjgl-glfw.jar;D:\eclipse-workspace\2DGameEngine\lib\lwjgl-glfw-natives-linux.jar;D:\eclipse-workspace\2DGameEngine\lib\lwjgl-glfw-natives-macos.jar;D:\eclipse-workspace\2DGameEngine\lib\lwjgl-glfw-natives-windows.jar;D:\eclipse-workspace\2DGameEngine\lib\lwjgl-natives-linux.jar;D:\eclipse-workspace\2DGameEngine\lib\lwjgl-natives-macos.jar;D:\eclipse-workspace\2DGameEngine\lib\lwjgl-natives-windows.jar;D:\eclipse-workspace\2DGameEngine\lib\lwjgl-openal.jar;D:\eclipse-workspace\2DGameEngine\lib\lwjgl-openal-natives-linux.jar;D:\eclipse-workspace\2DGameEngine\lib\lwjgl-openal-natives-macos.jar;D:\eclipse-workspace\2DGameEngine\lib\lwjgl-openal-natives-windows.jar;D:\eclipse-workspace\2DGameEngine\lib\lwjgl-opengl.jar;D:\eclipse-workspace\2DGameEngine\lib\lwjgl-opengl-natives-linux.jar;D:\eclipse-workspace\2DGameEngine\lib\lwjgl-opengl-natives-macos.jar;D:\eclipse-workspace\2DGameEngine\lib\lwjgl-opengl-natives-windows.jar;D:\eclipse-workspace\2DGameEngine\lib\lwjgl-stb.jar;D:\eclipse-workspace\2DGameEngine\lib\lwjgl-stb-natives-linux.jar;D:\eclipse-workspace\2DGameEngine\lib\lwjgl-stb-natives-macos.jar;D:\eclipse-workspace\2DGameEngine\lib\lwjgl-stb-natives-windows.jar;D:\eclipse-workspace\2DGameEngine\lib\jbox2d-library.jar;D:\eclipse-workspace\2DGameEngine\lib\freetype-jni.jar
Launcher Type: SUN_STANDARD

[Global flags]
     intx CICompilerCount                          = 3                                         {product} {ergonomic}
     uint ConcGCThreads                            = 1                                         {product} {ergonomic}
     uint G1ConcRefinementThreads                  = 4                                         {product} {ergonomic}
   size_t G1HeapRegionSize                         = 1048576                                   {product} {ergonomic}
    uintx GCDrainStackTargetSize                   = 64                                        {product} {ergonomic}
   size_t InitialHeapSize                          = 134217728                                 {product} {ergonomic}
   size_t MarkStackSize                            = 4194304                                   {product} {ergonomic}
   size_t MaxHeapSize                              = 2116026368                                {product} {ergonomic}
   size_t MaxNewSize                               = 1268776960                                {product} {ergonomic}
   size_t MinHeapDeltaBytes                        = 1048576                                   {product} {ergonomic}
   size_t MinHeapSize                              = 8388608                                   {product} {ergonomic}
    uintx NonNMethodCodeHeapSize                   = 5832780                                {pd product} {ergonomic}
    uintx NonProfiledCodeHeapSize                  = 122912730                              {pd product} {ergonomic}
    uintx ProfiledCodeHeapSize                     = 122912730                              {pd product} {ergonomic}
    uintx ReservedCodeCacheSize                    = 251658240                              {pd product} {ergonomic}
     bool SegmentedCodeCache                       = true                                      {product} {ergonomic}
   size_t SoftMaxHeapSize                          = 2116026368                             {manageable} {ergonomic}
     bool UseCompressedClassPointers               = true                                 {lp64_product} {ergonomic}
     bool UseCompressedOops                        = true                                 {lp64_product} {ergonomic}
     bool UseG1GC                                  = true                                      {product} {ergonomic}
     bool UseLargePagesIndividualAllocation        = false                                  {pd product} {ergonomic}

Logging:
Log output configuration:
 #0: stdout all=warning uptime,level,tags
 #1: stderr all=off uptime,level,tags

Environment Variables:
PATH=C:\Program Files (x86)\NVIDIA Corporation\PhysX\Common;C:\Program Files (x86)\Common Files\Intel\Shared Libraries\redist\intel64\compiler;C:\Program Files (x86)\Common Files\Oracle\Java\javapath;C:\Program Files\Common Files\Oracle\Java\javapath;C:\ProgramData\Oracle\Java\javapath;C:\WINDOWS\system32;C:\WINDOWS;C:\WINDOWS\System32\Wbem;C:\WINDOWS\System32\WindowsPowerShell\v1.0\;C:\WINDOWS\System32\OpenSSH\;C:\Program Files (x86)\GtkSharp\2.12\bin;C:\Program Files\dotnet\;C:\Program Files (x86)\QuickTime\QTSystem\;C:\Program Files (x86)\Pixie\bin;C:\Program Files (x86)\dotnet\;C:\Program Files\PuTTY\;C:\Program Files\Git\cmd;D:\Users\Nero\AppData\Local\Programs\Python\Python38\Scripts\;D:\Users\Nero\AppData\Local\Programs\Python\Python38\;C:\Users\Nero\AppData\Local\Programs\Python\Python35\Scripts\;C:\Users\Nero\AppData\Local\Programs\Python\Python35\;C:\Users\Nero\AppData\Local\Microsoft\WindowsApps;C:\Program Files (x86)\FAHClient;C:\Users\Nero\AppData\Local\GitHubDesktop\bin
USERNAME=Nero
OS=Windows_NT
PROCESSOR_IDENTIFIER=Intel64 Family 6 Model 58 Stepping 9, GenuineIntel



---------------  S Y S T E M  ---------------

OS:
 Windows 10 , 64 bit Build 19041 (10.0.19041.1348)
OS uptime: 0 days 0:59 hours

CPU: total 4 (initial active 4) (2 cores per cpu, 2 threads per core) family 6 model 58 stepping 9 microcode 0x21, cmov, cx8, fxsr, mmx, sse, sse2, sse3, ssse3, sse4.1, sse4.2, popcnt, vzeroupper, avx, clmul, erms, ht, tsc, tscinvbit, tscinv, clflush

Memory: 4k page, system-wide physical 8067M (2424M free)
TotalPageFile size 11011M (AvailPageFile size 4692M)
current process WorkingSet (physical memory assigned to process): 168M, peak: 186M
current process commit charge ("private bytes"): 313M, peak: 336M

vm_info: Java HotSpot(TM) 64-Bit Server VM (15.0.2+7-27) for windows-amd64 JRE (15.0.2+7-27), built on Dec  7 2020 20:07:01 by "mach5one" with unknown MS VC++:1925

END.
