#
# There is insufficient memory for the Java Runtime Environment to continue.
# Native memory allocation (mmap) failed to map 352321536 bytes for G1 virtual space
# Possible reasons:
#   The system is out of physical RAM or swap space
#   The process is running with CompressedOops enabled, and the Java Heap may be blocking the growth of the native heap
# Possible solutions:
#   Reduce memory load on the system
#   Increase physical memory or swap space
#   Check if swap backing store is full
#   Decrease Java heap size (-Xmx/-Xms)
#   Decrease number of Java threads
#   Decrease Java thread stack sizes (-Xss)
#   Set larger code cache with -XX:ReservedCodeCacheSize=
#   JVM is running with Unscaled Compressed Oops mode in which the Java heap is
#     placed in the first 4GB address space. The Java Heap base address is the
#     maximum limit for the native heap growth. Please use -XX:HeapBaseMinAddress
#     to set the Java Heap base and to place the Java Heap above 4GB virtual address.
# This output file may be truncated or incomplete.
#
#  Out of Memory Error (./open/src/hotspot/os/windows/os_windows.cpp:3321), pid=14000, tid=7868
#
# JRE version: Java(TM) SE Runtime Environment (15.0.2+7) (build 15.0.2+7-27)
# Java VM: Java HotSpot(TM) 64-Bit Server VM (15.0.2+7-27, mixed mode, sharing, tiered, compressed oops, g1 gc, windows-amd64)
# No core dump will be written. Minidumps are not enabled by default on client versions of Windows
#

---------------  S U M M A R Y ------------

Command Line: -javaagent:D:\Program Files\JetBrains\IntelliJ IDEA Community Edition 2021.2\lib\idea_rt.jar=58027:D:\Program Files\JetBrains\IntelliJ IDEA Community Edition 2021.2\bin -Dfile.encoding=UTF-8 com.ATTAR.main.Main

Host: Intel(R) Core(TM) i3-3110M CPU @ 2.40GHz, 4 cores, 7G,  Windows 10 , 64 bit Build 19041 (10.0.19041.1348)
Time: Tue Dec 28 13:47:41 2021 Central Europe Standard Time elapsed time: 1655.682972 seconds (0d 0h 27m 35s)

---------------  T H R E A D  ---------------

Current thread (0x00000213cb9d7eb0):  VMThread "VM Thread" [stack: 0x0000008ce6b00000,0x0000008ce6c00000] [id=7868]

Stack: [0x0000008ce6b00000,0x0000008ce6c00000]
[error occurred during error reporting (printing stack bounds), id 0xc0000005, EXCEPTION_ACCESS_VIOLATION (0xc0000005) at pc=0x00000213b52810ad]

Native frames: (J=compiled Java code, j=interpreted, Vv=VM code, C=native code)
V  [jvm.dll+0x62ae9a]
V  [jvm.dll+0x7817a9]
V  [jvm.dll+0x782f03]
V  [jvm.dll+0x7834c5]
V  [jvm.dll+0x78347b]
V  [jvm.dll+0x62a2b9]
V  [jvm.dll+0x62aa88]
C  [ntdll.dll+0xa20cf]
C  [ntdll.dll+0x51454]
C  [ntdll.dll+0xa0bfe]
C  0x00000213b52810ad

VM_Operation (0x0000008ce7efd860): G1CollectForAllocation, mode: safepoint, requested by thread 0x00000213cc4d70b0


---------------  P R O C E S S  ---------------

Threads class SMR info:
_java_thread_list=0x00000213981978f0, length=16, elements={
0x00000213cb9dd2f0, 0x00000213cb9ddec0, 0x00000213cb9f6bc0, 0x00000213cb9fb5a0,
0x00000213cb9fd060, 0x00000213cb9fdef0, 0x00000213cba56b10, 0x00000213cc3a0040,
0x00000213cb9be520, 0x00000213cc637ed0, 0x00000213cc6383a0, 0x00000213cc8ed2e0,
0x00000213cc8edc30, 0x00000213cc8e37b0, 0x00000213cc4d70b0, 0x00000213ab854610
}

Java Threads: ( => current thread )
  0x00000213cb9dd2f0 JavaThread "Reference Handler" daemon [_thread_blocked, id=13524, stack(0x0000008ce6c00000,0x0000008ce6d00000)]
  0x00000213cb9ddec0 JavaThread "Finalizer" daemon [_thread_blocked, id=13968, stack(0x0000008ce6d00000,0x0000008ce6e00000)]
  0x00000213cb9f6bc0 JavaThread "Signal Dispatcher" daemon [_thread_blocked, id=12592, stack(0x0000008ce6e00000,0x0000008ce6f00000)]
  0x00000213cb9fb5a0 JavaThread "Attach Listener" daemon [_thread_blocked, id=7264, stack(0x0000008ce6f00000,0x0000008ce7000000)]
  0x00000213cb9fd060 JavaThread "Service Thread" daemon [_thread_blocked, id=13380, stack(0x0000008ce7000000,0x0000008ce7100000)]
  0x00000213cb9fdef0 JavaThread "C2 CompilerThread0" daemon [_thread_blocked, id=12680, stack(0x0000008ce7100000,0x0000008ce7200000)]
  0x00000213cba56b10 JavaThread "C1 CompilerThread0" daemon [_thread_blocked, id=824, stack(0x0000008ce7200000,0x0000008ce7300000)]
  0x00000213cc3a0040 JavaThread "Sweeper thread" daemon [_thread_blocked, id=12556, stack(0x0000008ce7300000,0x0000008ce7400000)]
  0x00000213cb9be520 JavaThread "Common-Cleaner" daemon [_thread_blocked, id=1940, stack(0x0000008ce7400000,0x0000008ce7500000)]
  0x00000213cc637ed0 JavaThread "Monitor Ctrl-Break" daemon [_thread_in_native, id=9084, stack(0x0000008ce7500000,0x0000008ce7600000)]
  0x00000213cc6383a0 JavaThread "Notification Thread" daemon [_thread_blocked, id=13228, stack(0x0000008ce7600000,0x0000008ce7700000)]
  0x00000213cc8ed2e0 JavaThread "Java2D Disposer" daemon [_thread_blocked, id=12972, stack(0x0000008ce7b00000,0x0000008ce7c00000)]
  0x00000213cc8edc30 JavaThread "AWT-Shutdown" [_thread_blocked, id=11572, stack(0x0000008ce7c00000,0x0000008ce7d00000)]
  0x00000213cc8e37b0 JavaThread "AWT-Windows" daemon [_thread_in_native, id=4880, stack(0x0000008ce7d00000,0x0000008ce7e00000)]
  0x00000213cc4d70b0 JavaThread "AWT-EventQueue-0" [_thread_blocked, id=12000, stack(0x0000008ce7e00000,0x0000008ce7f00000)]
  0x00000213ab854610 JavaThread "DestroyJavaVM" [_thread_blocked, id=10712, stack(0x0000008ce6400000,0x0000008ce6500000)]

Other Threads:
=>0x00000213cb9d7eb0 VMThread "VM Thread" [stack: 0x0000008ce6b00000,0x0000008ce6c00000] [id=7868]
  0x00000213cc4affe0 WatcherThread [stack: 0x0000008ce7700000,0x0000008ce7800000] [id=12832]
  0x00000213ab893610 GCTaskThread "GC Thread#0" [stack: 0x0000008ce6600000,0x0000008ce6700000] [id=13316]
  0x00000213cc908e40 GCTaskThread "GC Thread#1" [stack: 0x0000008ce8400000,0x0000008ce8500000] [id=14096]
  0x00000213cc907190 GCTaskThread "GC Thread#2" [stack: 0x0000008ce8500000,0x0000008ce8600000] [id=13636]
  0x00000213cc9074c0 GCTaskThread "GC Thread#3" [stack: 0x0000008ce8600000,0x0000008ce8700000] [id=1400]
  0x00000213ab8a43a0 ConcurrentGCThread "G1 Main Marker" [stack: 0x0000008ce6700000,0x0000008ce6800000] [id=12600]
  0x00000213ab8a4f90 ConcurrentGCThread "G1 Conc#0" [stack: 0x0000008ce6800000,0x0000008ce6900000] [id=5720]
  0x00000213ab91b4e0 ConcurrentGCThread "G1 Refine#0" [stack: 0x0000008ce6900000,0x0000008ce6a00000] [id=11948]
  0x00000213ab91d0f0 ConcurrentGCThread "G1 Young RemSet Sampling" [stack: 0x0000008ce6a00000,0x0000008ce6b00000] [id=4312]

Threads with active compile tasks:

VM state: at safepoint (normal execution)

VM Mutex/Monitor currently owned by a thread:  ([mutex/lock_event])
[0x00000213ab84e2a0] Threads_lock - owner thread: 0x00000213cb9d7eb0
[0x00000213ab84ec30] Heap_lock - owner thread: 0x00000213cc4d70b0

Heap address: 0x0000000081e00000, size: 2018 MB, Compressed Oops mode: 32-bit
CDS archive(s) mapped at: [0x0000000800000000-0x0000000800b50000-0x0000000800b50000), size 11862016, SharedBaseAddress: 0x0000000800000000, ArchiveRelocationMode: 0.
Compressed class space mapped at: 0x0000000800b50000-0x0000000840b50000, size: 1073741824
Narrow klass base: 0x0000000800000000, Narrow klass shift: 3, Narrow klass range: 0x100000000

GC Precious Log:
 CPUs: 4 total, 4 available
 Memory: 8067M
 Large Page Support: Disabled
 NUMA Support: Disabled
 Compressed Oops: Enabled (32-bit)
 Heap Region Size: 1M
 Heap Min Capacity: 8M
 Heap Initial Capacity: 128M
 Heap Max Capacity: 2018M
 Pre-touch: Disabled
 Parallel Workers: 4
 Concurrent Workers: 1
 Concurrent Refinement Workers: 4
 Periodic GC: Disabled

Heap:
 garbage-first heap   total 516096K, used 8221K [0x0000000081e00000, 0x0000000100000000)
  region size 1024K, 1 young (1024K), 1 survivors (1024K)
 Metaspace       used 15230K, capacity 15457K, committed 15616K, reserved 1062912K
  class space    used 1407K, capacity 1495K, committed 1536K, reserved 1048576K

Heap Regions: E=young(eden), S=young(survivor), O=old, HS=humongous(starts), HC=humongous(continues), CS=collection set, F=free, OA=open archive, CA=closed archive, TAMS=top-at-mark-start (previous, next)
|   0|0x0000000081e00000, 0x0000000081f00000, 0x0000000081f00000|100%|HS|  |TAMS 0x0000000081e00000, 0x0000000081e00000| Complete 
|   1|0x0000000081f00000, 0x0000000082000000, 0x0000000082000000|100%|HC|  |TAMS 0x0000000081f00000, 0x0000000081f00000| Complete 
|   2|0x0000000082000000, 0x0000000082100000, 0x0000000082100000|100%| O|  |TAMS 0x0000000082000000, 0x0000000082000000| Untracked 
|   3|0x0000000082100000, 0x0000000082200000, 0x0000000082200000|100%| O|  |TAMS 0x0000000082100000, 0x0000000082100000| Untracked 
|   4|0x0000000082200000, 0x0000000082300000, 0x0000000082300000|100%| O|  |TAMS 0x0000000082200000, 0x0000000082200000| Untracked 
|   5|0x0000000082300000, 0x0000000082400000, 0x0000000082400000|100%| O|  |TAMS 0x0000000082300000, 0x0000000082300000| Untracked 
|   6|0x0000000082400000, 0x0000000082500000, 0x0000000082500000|100%| O|  |TAMS 0x0000000082400000, 0x0000000082400000| Untracked 
|   7|0x0000000082500000, 0x00000000825a1e00, 0x0000000082600000| 63%| O|  |TAMS 0x0000000082500000, 0x0000000082500000| Untracked 
|   8|0x0000000082600000, 0x0000000082600000, 0x0000000082700000|  0%| F|  |TAMS 0x0000000082600000, 0x0000000082600000| Untracked 
|   9|0x0000000082700000, 0x0000000082700000, 0x0000000082800000|  0%| F|  |TAMS 0x0000000082700000, 0x0000000082700000| Untracked 
|  10|0x0000000082800000, 0x0000000082800000, 0x0000000082900000|  0%| F|  |TAMS 0x0000000082800000, 0x0000000082800000| Untracked 
|  11|0x0000000082900000, 0x0000000082900000, 0x0000000082a00000|  0%| F|  |TAMS 0x0000000082900000, 0x0000000082900000| Untracked 
|  12|0x0000000082a00000, 0x0000000082a00000, 0x0000000082b00000|  0%| F|  |TAMS 0x0000000082a00000, 0x0000000082a00000| Untracked 
|  13|0x0000000082b00000, 0x0000000082b00000, 0x0000000082c00000|  0%| F|  |TAMS 0x0000000082b00000, 0x0000000082b00000| Untracked 
|  14|0x0000000082c00000, 0x0000000082c00000, 0x0000000082d00000|  0%| F|  |TAMS 0x0000000082c00000, 0x0000000082c00000| Untracked 
|  15|0x0000000082d00000, 0x0000000082d00000, 0x0000000082e00000|  0%| F|  |TAMS 0x0000000082d00000, 0x0000000082d00000| Untracked 
|  16|0x0000000082e00000, 0x0000000082e00000, 0x0000000082f00000|  0%| F|  |TAMS 0x0000000082e00000, 0x0000000082e00000| Untracked 
|  17|0x0000000082f00000, 0x0000000082f00000, 0x0000000083000000|  0%| F|  |TAMS 0x0000000082f00000, 0x0000000082f00000| Untracked 
|  18|0x0000000083000000, 0x0000000083000000, 0x0000000083100000|  0%| F|  |TAMS 0x0000000083000000, 0x0000000083000000| Untracked 
|  19|0x0000000083100000, 0x0000000083100000, 0x0000000083200000|  0%| F|  |TAMS 0x0000000083100000, 0x0000000083100000| Untracked 
|  20|0x0000000083200000, 0x0000000083200000, 0x0000000083300000|  0%| F|  |TAMS 0x0000000083200000, 0x0000000083200000| Untracked 
|  21|0x0000000083300000, 0x0000000083300000, 0x0000000083400000|  0%| F|  |TAMS 0x0000000083300000, 0x0000000083300000| Untracked 
|  22|0x0000000083400000, 0x0000000083400000, 0x0000000083500000|  0%| F|  |TAMS 0x0000000083400000, 0x0000000083400000| Untracked 
|  23|0x0000000083500000, 0x0000000083500000, 0x0000000083600000|  0%| F|  |TAMS 0x0000000083500000, 0x0000000083500000| Untracked 
|  24|0x0000000083600000, 0x0000000083600000, 0x0000000083700000|  0%| F|  |TAMS 0x0000000083600000, 0x0000000083600000| Untracked 
|  25|0x0000000083700000, 0x0000000083700000, 0x0000000083800000|  0%| F|  |TAMS 0x0000000083700000, 0x0000000083700000| Untracked 
|  26|0x0000000083800000, 0x0000000083800000, 0x0000000083900000|  0%| F|  |TAMS 0x0000000083800000, 0x0000000083800000| Untracked 
|  27|0x0000000083900000, 0x0000000083900000, 0x0000000083a00000|  0%| F|  |TAMS 0x0000000083900000, 0x0000000083900000| Untracked 
|  28|0x0000000083a00000, 0x0000000083a00000, 0x0000000083b00000|  0%| F|  |TAMS 0x0000000083a00000, 0x0000000083a00000| Untracked 
|  29|0x0000000083b00000, 0x0000000083b00000, 0x0000000083c00000|  0%| F|  |TAMS 0x0000000083b00000, 0x0000000083b00000| Untracked 
|  30|0x0000000083c00000, 0x0000000083c00000, 0x0000000083d00000|  0%| F|  |TAMS 0x0000000083c00000, 0x0000000083c00000| Untracked 
|  31|0x0000000083d00000, 0x0000000083d00000, 0x0000000083e00000|  0%| F|  |TAMS 0x0000000083d00000, 0x0000000083d00000| Untracked 
|  32|0x0000000083e00000, 0x0000000083e00000, 0x0000000083f00000|  0%| F|  |TAMS 0x0000000083e00000, 0x0000000083e00000| Untracked 
|  33|0x0000000083f00000, 0x0000000083f00000, 0x0000000084000000|  0%| F|  |TAMS 0x0000000083f00000, 0x0000000083f00000| Untracked 
|  34|0x0000000084000000, 0x0000000084000000, 0x0000000084100000|  0%| F|  |TAMS 0x0000000084000000, 0x0000000084000000| Untracked 
|  35|0x0000000084100000, 0x0000000084100000, 0x0000000084200000|  0%| F|  |TAMS 0x0000000084100000, 0x0000000084100000| Untracked 
|  36|0x0000000084200000, 0x0000000084200000, 0x0000000084300000|  0%| F|  |TAMS 0x0000000084200000, 0x0000000084200000| Untracked 
|  37|0x0000000084300000, 0x0000000084300000, 0x0000000084400000|  0%| F|  |TAMS 0x0000000084300000, 0x0000000084300000| Untracked 
|  38|0x0000000084400000, 0x0000000084400000, 0x0000000084500000|  0%| F|  |TAMS 0x0000000084400000, 0x0000000084400000| Untracked 
|  39|0x0000000084500000, 0x0000000084500000, 0x0000000084600000|  0%| F|  |TAMS 0x0000000084500000, 0x0000000084500000| Untracked 
|  40|0x0000000084600000, 0x0000000084600000, 0x0000000084700000|  0%| F|  |TAMS 0x0000000084600000, 0x0000000084600000| Untracked 
|  41|0x0000000084700000, 0x0000000084700000, 0x0000000084800000|  0%| F|  |TAMS 0x0000000084700000, 0x0000000084700000| Untracked 
|  42|0x0000000084800000, 0x0000000084800000, 0x0000000084900000|  0%| F|  |TAMS 0x0000000084800000, 0x0000000084800000| Untracked 
|  43|0x0000000084900000, 0x0000000084900000, 0x0000000084a00000|  0%| F|  |TAMS 0x0000000084900000, 0x0000000084900000| Untracked 
|  44|0x0000000084a00000, 0x0000000084a00000, 0x0000000084b00000|  0%| F|  |TAMS 0x0000000084a00000, 0x0000000084a00000| Untracked 
|  45|0x0000000084b00000, 0x0000000084b00000, 0x0000000084c00000|  0%| F|  |TAMS 0x0000000084b00000, 0x0000000084b00000| Untracked 
|  46|0x0000000084c00000, 0x0000000084c00000, 0x0000000084d00000|  0%| F|  |TAMS 0x0000000084c00000, 0x0000000084c00000| Untracked 
|  47|0x0000000084d00000, 0x0000000084d00000, 0x0000000084e00000|  0%| F|  |TAMS 0x0000000084d00000, 0x0000000084d00000| Untracked 
|  48|0x0000000084e00000, 0x0000000084e00000, 0x0000000084f00000|  0%| F|  |TAMS 0x0000000084e00000, 0x0000000084e00000| Untracked 
|  49|0x0000000084f00000, 0x0000000084f00000, 0x0000000085000000|  0%| F|  |TAMS 0x0000000084f00000, 0x0000000084f00000| Untracked 
|  50|0x0000000085000000, 0x0000000085000000, 0x0000000085100000|  0%| F|  |TAMS 0x0000000085000000, 0x0000000085000000| Untracked 
|  51|0x0000000085100000, 0x0000000085100000, 0x0000000085200000|  0%| F|  |TAMS 0x0000000085100000, 0x0000000085100000| Untracked 
|  52|0x0000000085200000, 0x0000000085200000, 0x0000000085300000|  0%| F|  |TAMS 0x0000000085200000, 0x0000000085200000| Untracked 
|  53|0x0000000085300000, 0x0000000085300000, 0x0000000085400000|  0%| F|  |TAMS 0x0000000085300000, 0x0000000085300000| Untracked 
|  54|0x0000000085400000, 0x0000000085400000, 0x0000000085500000|  0%| F|  |TAMS 0x0000000085400000, 0x0000000085400000| Untracked 
|  55|0x0000000085500000, 0x0000000085500000, 0x0000000085600000|  0%| F|  |TAMS 0x0000000085500000, 0x0000000085500000| Untracked 
|  56|0x0000000085600000, 0x0000000085600000, 0x0000000085700000|  0%| F|  |TAMS 0x0000000085600000, 0x0000000085600000| Untracked 
|  57|0x0000000085700000, 0x0000000085700000, 0x0000000085800000|  0%| F|  |TAMS 0x0000000085700000, 0x0000000085700000| Untracked 
|  58|0x0000000085800000, 0x0000000085800000, 0x0000000085900000|  0%| F|  |TAMS 0x0000000085800000, 0x0000000085800000| Untracked 
|  59|0x0000000085900000, 0x0000000085900000, 0x0000000085a00000|  0%| F|  |TAMS 0x0000000085900000, 0x0000000085900000| Untracked 
|  60|0x0000000085a00000, 0x0000000085a00000, 0x0000000085b00000|  0%| F|  |TAMS 0x0000000085a00000, 0x0000000085a00000| Untracked 
|  61|0x0000000085b00000, 0x0000000085b00000, 0x0000000085c00000|  0%| F|  |TAMS 0x0000000085b00000, 0x0000000085b00000| Untracked 
|  62|0x0000000085c00000, 0x0000000085c00000, 0x0000000085d00000|  0%| F|  |TAMS 0x0000000085c00000, 0x0000000085c00000| Untracked 
|  63|0x0000000085d00000, 0x0000000085d00000, 0x0000000085e00000|  0%| F|  |TAMS 0x0000000085d00000, 0x0000000085d00000| Untracked 
|  64|0x0000000085e00000, 0x0000000085e00000, 0x0000000085f00000|  0%| F|  |TAMS 0x0000000085e00000, 0x0000000085e00000| Untracked 
|  65|0x0000000085f00000, 0x0000000085f00000, 0x0000000086000000|  0%| F|  |TAMS 0x0000000085f00000, 0x0000000085f00000| Untracked 
|  66|0x0000000086000000, 0x0000000086000000, 0x0000000086100000|  0%| F|  |TAMS 0x0000000086000000, 0x0000000086000000| Untracked 
|  67|0x0000000086100000, 0x0000000086100000, 0x0000000086200000|  0%| F|  |TAMS 0x0000000086100000, 0x0000000086100000| Untracked 
|  68|0x0000000086200000, 0x0000000086265780, 0x0000000086300000| 39%| S|CS|TAMS 0x0000000086200000, 0x0000000086200000| Complete 
|  69|0x0000000086300000, 0x0000000086300000, 0x0000000086400000|  0%| F|  |TAMS 0x0000000086300000, 0x0000000086300000| Untracked 
|  70|0x0000000086400000, 0x0000000086400000, 0x0000000086500000|  0%| F|  |TAMS 0x0000000086400000, 0x0000000086400000| Untracked 
|  71|0x0000000086500000, 0x0000000086500000, 0x0000000086600000|  0%| F|  |TAMS 0x0000000086500000, 0x0000000086500000| Untracked 
|  72|0x0000000086600000, 0x0000000086600000, 0x0000000086700000|  0%| F|  |TAMS 0x0000000086600000, 0x0000000086600000| Untracked 
|  73|0x0000000086700000, 0x0000000086700000, 0x0000000086800000|  0%| F|  |TAMS 0x0000000086700000, 0x0000000086700000| Untracked 
|  74|0x0000000086800000, 0x0000000086800000, 0x0000000086900000|  0%| F|  |TAMS 0x0000000086800000, 0x0000000086800000| Untracked 
|  75|0x0000000086900000, 0x0000000086900000, 0x0000000086a00000|  0%| F|  |TAMS 0x0000000086900000, 0x0000000086900000| Untracked 
|  76|0x0000000086a00000, 0x0000000086a00000, 0x0000000086b00000|  0%| F|  |TAMS 0x0000000086a00000, 0x0000000086a00000| Untracked 
|  77|0x0000000086b00000, 0x0000000086b00000, 0x0000000086c00000|  0%| F|  |TAMS 0x0000000086b00000, 0x0000000086b00000| Untracked 
|  78|0x0000000086c00000, 0x0000000086c00000, 0x0000000086d00000|  0%| F|  |TAMS 0x0000000086c00000, 0x0000000086c00000| Untracked 
|  79|0x0000000086d00000, 0x0000000086d00000, 0x0000000086e00000|  0%| F|  |TAMS 0x0000000086d00000, 0x0000000086d00000| Untracked 
|  80|0x0000000086e00000, 0x0000000086e00000, 0x0000000086f00000|  0%| F|  |TAMS 0x0000000086e00000, 0x0000000086e00000| Untracked 
|  81|0x0000000086f00000, 0x0000000086f00000, 0x0000000087000000|  0%| F|  |TAMS 0x0000000086f00000, 0x0000000086f00000| Untracked 
|  82|0x0000000087000000, 0x0000000087000000, 0x0000000087100000|  0%| F|  |TAMS 0x0000000087000000, 0x0000000087000000| Untracked 
|  83|0x0000000087100000, 0x0000000087100000, 0x0000000087200000|  0%| F|  |TAMS 0x0000000087100000, 0x0000000087100000| Untracked 
|  84|0x0000000087200000, 0x0000000087200000, 0x0000000087300000|  0%| F|  |TAMS 0x0000000087200000, 0x0000000087200000| Untracked 
|  85|0x0000000087300000, 0x0000000087300000, 0x0000000087400000|  0%| F|  |TAMS 0x0000000087300000, 0x0000000087300000| Untracked 
|  86|0x0000000087400000, 0x0000000087400000, 0x0000000087500000|  0%| F|  |TAMS 0x0000000087400000, 0x0000000087400000| Untracked 
|  87|0x0000000087500000, 0x0000000087500000, 0x0000000087600000|  0%| F|  |TAMS 0x0000000087500000, 0x0000000087500000| Untracked 
|  88|0x0000000087600000, 0x0000000087600000, 0x0000000087700000|  0%| F|  |TAMS 0x0000000087600000, 0x0000000087600000| Untracked 
|  89|0x0000000087700000, 0x0000000087700000, 0x0000000087800000|  0%| F|  |TAMS 0x0000000087700000, 0x0000000087700000| Untracked 
|  90|0x0000000087800000, 0x0000000087800000, 0x0000000087900000|  0%| F|  |TAMS 0x0000000087800000, 0x0000000087800000| Untracked 
|  91|0x0000000087900000, 0x0000000087900000, 0x0000000087a00000|  0%| F|  |TAMS 0x0000000087900000, 0x0000000087900000| Untracked 
|  92|0x0000000087a00000, 0x0000000087a00000, 0x0000000087b00000|  0%| F|  |TAMS 0x0000000087a00000, 0x0000000087a00000| Untracked 
|  93|0x0000000087b00000, 0x0000000087b00000, 0x0000000087c00000|  0%| F|  |TAMS 0x0000000087b00000, 0x0000000087b00000| Untracked 
|  94|0x0000000087c00000, 0x0000000087c00000, 0x0000000087d00000|  0%| F|  |TAMS 0x0000000087c00000, 0x0000000087c00000| Untracked 
|  95|0x0000000087d00000, 0x0000000087d00000, 0x0000000087e00000|  0%| F|  |TAMS 0x0000000087d00000, 0x0000000087d00000| Untracked 
|  96|0x0000000087e00000, 0x0000000087e00000, 0x0000000087f00000|  0%| F|  |TAMS 0x0000000087e00000, 0x0000000087e00000| Untracked 
|  97|0x0000000087f00000, 0x0000000087f00000, 0x0000000088000000|  0%| F|  |TAMS 0x0000000087f00000, 0x0000000087f00000| Untracked 
|  98|0x0000000088000000, 0x0000000088000000, 0x0000000088100000|  0%| F|  |TAMS 0x0000000088000000, 0x0000000088000000| Untracked 
|  99|0x0000000088100000, 0x0000000088100000, 0x0000000088200000|  0%| F|  |TAMS 0x0000000088100000, 0x0000000088100000| Untracked 
| 100|0x0000000088200000, 0x0000000088200000, 0x0000000088300000|  0%| F|  |TAMS 0x0000000088200000, 0x0000000088200000| Untracked 
| 101|0x0000000088300000, 0x0000000088300000, 0x0000000088400000|  0%| F|  |TAMS 0x0000000088300000, 0x0000000088300000| Untracked 
| 102|0x0000000088400000, 0x0000000088400000, 0x0000000088500000|  0%| F|  |TAMS 0x0000000088400000, 0x0000000088400000| Untracked 
| 103|0x0000000088500000, 0x0000000088500000, 0x0000000088600000|  0%| F|  |TAMS 0x0000000088500000, 0x0000000088500000| Untracked 
| 104|0x0000000088600000, 0x0000000088600000, 0x0000000088700000|  0%| F|  |TAMS 0x0000000088600000, 0x0000000088600000| Untracked 
| 105|0x0000000088700000, 0x0000000088700000, 0x0000000088800000|  0%| F|  |TAMS 0x0000000088700000, 0x0000000088700000| Untracked 
| 106|0x0000000088800000, 0x0000000088800000, 0x0000000088900000|  0%| F|  |TAMS 0x0000000088800000, 0x0000000088800000| Untracked 
| 107|0x0000000088900000, 0x0000000088900000, 0x0000000088a00000|  0%| F|  |TAMS 0x0000000088900000, 0x0000000088900000| Untracked 
| 108|0x0000000088a00000, 0x0000000088a00000, 0x0000000088b00000|  0%| F|  |TAMS 0x0000000088a00000, 0x0000000088a00000| Untracked 
| 109|0x0000000088b00000, 0x0000000088b00000, 0x0000000088c00000|  0%| F|  |TAMS 0x0000000088b00000, 0x0000000088b00000| Untracked 
| 110|0x0000000088c00000, 0x0000000088c00000, 0x0000000088d00000|  0%| F|  |TAMS 0x0000000088c00000, 0x0000000088c00000| Untracked 
| 111|0x0000000088d00000, 0x0000000088d00000, 0x0000000088e00000|  0%| F|  |TAMS 0x0000000088d00000, 0x0000000088d00000| Untracked 
| 112|0x0000000088e00000, 0x0000000088e00000, 0x0000000088f00000|  0%| F|  |TAMS 0x0000000088e00000, 0x0000000088e00000| Untracked 
| 113|0x0000000088f00000, 0x0000000088f00000, 0x0000000089000000|  0%| F|  |TAMS 0x0000000088f00000, 0x0000000088f00000| Untracked 
| 114|0x0000000089000000, 0x0000000089000000, 0x0000000089100000|  0%| F|  |TAMS 0x0000000089000000, 0x0000000089000000| Untracked 
| 115|0x0000000089100000, 0x0000000089100000, 0x0000000089200000|  0%| F|  |TAMS 0x0000000089100000, 0x0000000089100000| Untracked 
| 116|0x0000000089200000, 0x0000000089200000, 0x0000000089300000|  0%| F|  |TAMS 0x0000000089200000, 0x0000000089200000| Untracked 
| 117|0x0000000089300000, 0x0000000089300000, 0x0000000089400000|  0%| F|  |TAMS 0x0000000089300000, 0x0000000089300000| Untracked 
| 118|0x0000000089400000, 0x0000000089400000, 0x0000000089500000|  0%| F|  |TAMS 0x0000000089400000, 0x0000000089400000| Untracked 
| 119|0x0000000089500000, 0x0000000089500000, 0x0000000089600000|  0%| F|  |TAMS 0x0000000089500000, 0x0000000089500000| Untracked 
| 120|0x0000000089600000, 0x0000000089600000, 0x0000000089700000|  0%| F|  |TAMS 0x0000000089600000, 0x0000000089600000| Untracked 
| 121|0x0000000089700000, 0x0000000089700000, 0x0000000089800000|  0%| F|  |TAMS 0x0000000089700000, 0x0000000089700000| Untracked 
| 122|0x0000000089800000, 0x0000000089800000, 0x0000000089900000|  0%| F|  |TAMS 0x0000000089800000, 0x0000000089800000| Untracked 
| 123|0x0000000089900000, 0x0000000089900000, 0x0000000089a00000|  0%| F|  |TAMS 0x0000000089900000, 0x0000000089900000| Untracked 
| 124|0x0000000089a00000, 0x0000000089a00000, 0x0000000089b00000|  0%| F|  |TAMS 0x0000000089a00000, 0x0000000089a00000| Untracked 
| 125|0x0000000089b00000, 0x0000000089b00000, 0x0000000089c00000|  0%| F|  |TAMS 0x0000000089b00000, 0x0000000089b00000| Untracked 
| 126|0x0000000089c00000, 0x0000000089c00000, 0x0000000089d00000|  0%| F|  |TAMS 0x0000000089c00000, 0x0000000089c00000| Untracked 
| 127|0x0000000089d00000, 0x0000000089d00000, 0x0000000089e00000|  0%| F|  |TAMS 0x0000000089d00000, 0x0000000089d00000| Untracked 
| 128|0x0000000089e00000, 0x0000000089e00000, 0x0000000089f00000|  0%| F|  |TAMS 0x0000000089e00000, 0x0000000089e00000| Untracked 
| 129|0x0000000089f00000, 0x0000000089f00000, 0x000000008a000000|  0%| F|  |TAMS 0x0000000089f00000, 0x0000000089f00000| Untracked 
| 130|0x000000008a000000, 0x000000008a000000, 0x000000008a100000|  0%| F|  |TAMS 0x000000008a000000, 0x000000008a000000| Untracked 
| 131|0x000000008a100000, 0x000000008a100000, 0x000000008a200000|  0%| F|  |TAMS 0x000000008a100000, 0x000000008a100000| Untracked 
| 132|0x000000008a200000, 0x000000008a200000, 0x000000008a300000|  0%| F|  |TAMS 0x000000008a200000, 0x000000008a200000| Untracked 
| 133|0x000000008a300000, 0x000000008a300000, 0x000000008a400000|  0%| F|  |TAMS 0x000000008a300000, 0x000000008a300000| Untracked 
| 134|0x000000008a400000, 0x000000008a400000, 0x000000008a500000|  0%| F|  |TAMS 0x000000008a400000, 0x000000008a400000| Untracked 
| 135|0x000000008a500000, 0x000000008a500000, 0x000000008a600000|  0%| F|  |TAMS 0x000000008a500000, 0x000000008a500000| Untracked 
| 136|0x000000008a600000, 0x000000008a600000, 0x000000008a700000|  0%| F|  |TAMS 0x000000008a600000, 0x000000008a600000| Untracked 
| 137|0x000000008a700000, 0x000000008a700000, 0x000000008a800000|  0%| F|  |TAMS 0x000000008a700000, 0x000000008a700000| Untracked 
| 138|0x000000008a800000, 0x000000008a800000, 0x000000008a900000|  0%| F|  |TAMS 0x000000008a800000, 0x000000008a800000| Untracked 
| 139|0x000000008a900000, 0x000000008a900000, 0x000000008aa00000|  0%| F|  |TAMS 0x000000008a900000, 0x000000008a900000| Untracked 
| 140|0x000000008aa00000, 0x000000008aa00000, 0x000000008ab00000|  0%| F|  |TAMS 0x000000008aa00000, 0x000000008aa00000| Untracked 
| 141|0x000000008ab00000, 0x000000008ab00000, 0x000000008ac00000|  0%| F|  |TAMS 0x000000008ab00000, 0x000000008ab00000| Untracked 
| 142|0x000000008ac00000, 0x000000008ac00000, 0x000000008ad00000|  0%| F|  |TAMS 0x000000008ac00000, 0x000000008ac00000| Untracked 
| 143|0x000000008ad00000, 0x000000008ad00000, 0x000000008ae00000|  0%| F|  |TAMS 0x000000008ad00000, 0x000000008ad00000| Untracked 
| 144|0x000000008ae00000, 0x000000008ae00000, 0x000000008af00000|  0%| F|  |TAMS 0x000000008ae00000, 0x000000008ae00000| Untracked 
| 145|0x000000008af00000, 0x000000008af00000, 0x000000008b000000|  0%| F|  |TAMS 0x000000008af00000, 0x000000008af00000| Untracked 
| 146|0x000000008b000000, 0x000000008b000000, 0x000000008b100000|  0%| F|  |TAMS 0x000000008b000000, 0x000000008b000000| Untracked 
| 147|0x000000008b100000, 0x000000008b100000, 0x000000008b200000|  0%| F|  |TAMS 0x000000008b100000, 0x000000008b100000| Untracked 
| 148|0x000000008b200000, 0x000000008b200000, 0x000000008b300000|  0%| F|  |TAMS 0x000000008b200000, 0x000000008b200000| Untracked 
| 149|0x000000008b300000, 0x000000008b300000, 0x000000008b400000|  0%| F|  |TAMS 0x000000008b300000, 0x000000008b300000| Untracked 
| 150|0x000000008b400000, 0x000000008b400000, 0x000000008b500000|  0%| F|  |TAMS 0x000000008b400000, 0x000000008b400000| Untracked 
| 151|0x000000008b500000, 0x000000008b500000, 0x000000008b600000|  0%| F|  |TAMS 0x000000008b500000, 0x000000008b500000| Untracked 
| 152|0x000000008b600000, 0x000000008b600000, 0x000000008b700000|  0%| F|  |TAMS 0x000000008b600000, 0x000000008b600000| Untracked 
| 153|0x000000008b700000, 0x000000008b700000, 0x000000008b800000|  0%| F|  |TAMS 0x000000008b700000, 0x000000008b700000| Untracked 
| 154|0x000000008b800000, 0x000000008b800000, 0x000000008b900000|  0%| F|  |TAMS 0x000000008b800000, 0x000000008b800000| Untracked 
| 155|0x000000008b900000, 0x000000008b900000, 0x000000008ba00000|  0%| F|  |TAMS 0x000000008b900000, 0x000000008b900000| Untracked 
| 156|0x000000008ba00000, 0x000000008ba00000, 0x000000008bb00000|  0%| F|  |TAMS 0x000000008ba00000, 0x000000008ba00000| Untracked 
| 157|0x000000008bb00000, 0x000000008bb00000, 0x000000008bc00000|  0%| F|  |TAMS 0x000000008bb00000, 0x000000008bb00000| Untracked 
| 158|0x000000008bc00000, 0x000000008bc00000, 0x000000008bd00000|  0%| F|  |TAMS 0x000000008bc00000, 0x000000008bc00000| Untracked 
| 159|0x000000008bd00000, 0x000000008bd00000, 0x000000008be00000|  0%| F|  |TAMS 0x000000008bd00000, 0x000000008bd00000| Untracked 
| 160|0x000000008be00000, 0x000000008be00000, 0x000000008bf00000|  0%| F|  |TAMS 0x000000008be00000, 0x000000008be00000| Untracked 
| 161|0x000000008bf00000, 0x000000008bf00000, 0x000000008c000000|  0%| F|  |TAMS 0x000000008bf00000, 0x000000008bf00000| Untracked 
| 162|0x000000008c000000, 0x000000008c000000, 0x000000008c100000|  0%| F|  |TAMS 0x000000008c000000, 0x000000008c000000| Untracked 
| 163|0x000000008c100000, 0x000000008c100000, 0x000000008c200000|  0%| F|  |TAMS 0x000000008c100000, 0x000000008c100000| Untracked 
| 164|0x000000008c200000, 0x000000008c200000, 0x000000008c300000|  0%| F|  |TAMS 0x000000008c200000, 0x000000008c200000| Untracked 
| 165|0x000000008c300000, 0x000000008c300000, 0x000000008c400000|  0%| F|  |TAMS 0x000000008c300000, 0x000000008c300000| Untracked 
| 166|0x000000008c400000, 0x000000008c400000, 0x000000008c500000|  0%| F|  |TAMS 0x000000008c400000, 0x000000008c400000| Untracked 
| 167|0x000000008c500000, 0x000000008c500000, 0x000000008c600000|  0%| F|  |TAMS 0x000000008c500000, 0x000000008c500000| Untracked 

Card table byte_map: [0x00000213c4cb0000,0x00000213c50b0000] _byte_map_base: 0x00000213c48a1000

Marking Bits (Prev, Next): (CMBitMap*) 0x00000213ab893e00, (CMBitMap*) 0x00000213ab893e40
 Prev Bits: [0x00000213c54b0000, 0x00000213c7438000)
 Next Bits: [0x00000213c7440000, 0x00000213c93c8000)

Polling page: 0x00000213ab930000

Metaspace:

Usage:
  Non-class:     13.63 MB capacity,    13.50 MB (>99%) used,   114.30 KB ( <1%) free+waste,    24.62 KB ( <1%) overhead. 
      Class:      1.46 MB capacity,     1.37 MB ( 94%) used,    78.54 KB (  5%) free+waste,     8.88 KB ( <1%) overhead. 
       Both:     15.09 MB capacity,    14.87 MB ( 99%) used,   192.84 KB (  1%) free+waste,    33.50 KB ( <1%) overhead. 

Virtual space:
  Non-class space:       14.00 MB reserved,      13.75 MB ( 98%) committed 
      Class space:        1.00 GB reserved,       1.50 MB ( <1%) committed 
             Both:        1.01 GB reserved,      15.25 MB (  1%) committed 

Chunk freelists:
   Non-Class:  54.00 KB
       Class:  0 bytes
        Both:  54.00 KB

MaxMetaspaceSize: 17179869184.00 GB
CompressedClassSpaceSize: 1.00 GB

CodeHeap 'non-profiled nmethods': size=120000Kb used=2295Kb max_used=2295Kb free=117704Kb
 bounds [0x00000213bcd50000, 0x00000213bcfc0000, 0x00000213c4280000]
CodeHeap 'profiled nmethods': size=120000Kb used=5199Kb max_used=5199Kb free=114800Kb
 bounds [0x00000213b5820000, 0x00000213b5d40000, 0x00000213bcd50000]
CodeHeap 'non-nmethods': size=5760Kb used=1684Kb max_used=1737Kb free=4075Kb
 bounds [0x00000213b5280000, 0x00000213b54f0000, 0x00000213b5820000]
 total_blobs=3902 nmethods=2803 adapters=1012
 compilation: enabled
              stopped_count=0, restarted_count=0
 full_count=0

Compilation events (20 events):
Event: 444.935 Thread 0x00000213cb9fdef0 2797       4       java.lang.ThreadLocal$ThreadLocalMap::getEntryAfterMiss (63 bytes)
Event: 444.938 Thread 0x00000213cb9fdef0 nmethod 2797 0x00000213bcf8a010 code [0x00000213bcf8a1a0, 0x00000213bcf8a358]
Event: 474.516 Thread 0x00000213cba56b10 2798       3       jdk.internal.math.FloatingDecimal$BinaryToASCIIBuffer::dtoa (1509 bytes)
Event: 474.522 Thread 0x00000213cba56b10 nmethod 2798 0x00000213b5d2e090 code [0x00000213b5d2e520, 0x00000213b5d30d38]
Event: 509.904 Thread 0x00000213cb9fdef0 2799       4       jdk.internal.math.FloatingDecimal$BinaryToASCIIBuffer::dtoa (1509 bytes)
Event: 509.933 Thread 0x00000213cb9fdef0 nmethod 2799 0x00000213bcf8a510 code [0x00000213bcf8a720, 0x00000213bcf8b608]
Event: 541.869 Thread 0x00000213cb9fdef0 2800 %     4       java.util.HashMap::clear @ 33 (50 bytes)
Event: 541.872 Thread 0x00000213cb9fdef0 nmethod 2800% 0x00000213bcf8c410 code [0x00000213bcf8c5a0, 0x00000213bcf8c6b8]
Event: 582.475 Thread 0x00000213cb9fdef0 2801       4       java.util.HashMap::clear (50 bytes)
Event: 582.482 Thread 0x00000213cb9fdef0 nmethod 2801 0x00000213bcf8c790 code [0x00000213bcf8c920, 0x00000213bcf8cbb8]
Event: 782.335 Thread 0x00000213cba56b10 2802 % !   3       sun.java2d.Disposer::run @ 0 (53 bytes)
Event: 782.542 Thread 0x00000213cba56b10 nmethod 2802% 0x00000213b5d31f10 code [0x00000213b5d32140, 0x00000213b5d32918]
Event: 795.348 Thread 0x00000213cba56b10 2803   !   3       sun.java2d.Disposer::run (53 bytes)
Event: 795.349 Thread 0x00000213cba56b10 nmethod 2803 0x00000213b5d32c10 code [0x00000213b5d32e40, 0x00000213b5d335f8]
Event: 1243.517 Thread 0x00000213cb9fdef0 2805       4       java.awt.image.DataBufferByte::getElem (20 bytes)
Event: 1246.261 Thread 0x00000213cb9fdef0 nmethod 2805 0x00000213bcf8cc90 code [0x00000213bcf8ce20, 0x00000213bcf8cf38]
Event: 1302.888 Thread 0x00000213cb9fdef0 2806 % !   4       sun.java2d.Disposer::run @ 0 (53 bytes)
Event: 1304.959 Thread 0x00000213cb9fdef0 nmethod 2806% 0x00000213bcf8d090 code [0x00000213bcf8d280, 0x00000213bcf8dad0]
Event: 1411.184 Thread 0x00000213cba56b10 2808       3       java.util.HashMap$KeySet::size (8 bytes)
Event: 1411.578 Thread 0x00000213cba56b10 nmethod 2808 0x00000213b5d33910 code [0x00000213b5d33aa0, 0x00000213b5d33bb8]

GC Heap History (20 events):
Event: 1641.417 GC heap after
{Heap after GC invocations=1783 (full 0):
 garbage-first heap   total 131072K, used 7696K [0x0000000081e00000, 0x0000000100000000)
  region size 1024K, 1 young (1024K), 1 survivors (1024K)
 Metaspace       used 15230K, capacity 15457K, committed 15616K, reserved 1062912K
  class space    used 1407K, capacity 1495K, committed 1536K, reserved 1048576K
}
Event: 1642.427 GC heap before
{Heap before GC invocations=1783 (full 0):
 garbage-first heap   total 131072K, used 83472K [0x0000000081e00000, 0x0000000100000000)
  region size 1024K, 76 young (77824K), 1 survivors (1024K)
 Metaspace       used 15230K, capacity 15457K, committed 15616K, reserved 1062912K
  class space    used 1407K, capacity 1495K, committed 1536K, reserved 1048576K
}
Event: 1643.179 GC heap after
{Heap after GC invocations=1784 (full 0):
 garbage-first heap   total 172032K, used 7901K [0x0000000081e00000, 0x0000000100000000)
  region size 1024K, 1 young (1024K), 1 survivors (1024K)
 Metaspace       used 15230K, capacity 15457K, committed 15616K, reserved 1062912K
  class space    used 1407K, capacity 1495K, committed 1536K, reserved 1048576K
}
Event: 1643.291 GC heap before
{Heap before GC invocations=1784 (full 0):
 garbage-first heap   total 172032K, used 14045K [0x0000000081e00000, 0x0000000100000000)
  region size 1024K, 8 young (8192K), 1 survivors (1024K)
 Metaspace       used 15230K, capacity 15457K, committed 15616K, reserved 1062912K
  class space    used 1407K, capacity 1495K, committed 1536K, reserved 1048576K
}
Event: 1643.467 GC heap after
{Heap after GC invocations=1785 (full 0):
 garbage-first heap   total 172032K, used 7934K [0x0000000081e00000, 0x0000000100000000)
  region size 1024K, 1 young (1024K), 1 survivors (1024K)
 Metaspace       used 15230K, capacity 15457K, committed 15616K, reserved 1062912K
  class space    used 1407K, capacity 1495K, committed 1536K, reserved 1048576K
}
Event: 1643.528 GC heap before
{Heap before GC invocations=1785 (full 0):
 garbage-first heap   total 172032K, used 14078K [0x0000000081e00000, 0x0000000100000000)
  region size 1024K, 8 young (8192K), 1 survivors (1024K)
 Metaspace       used 15230K, capacity 15457K, committed 15616K, reserved 1062912K
  class space    used 1407K, capacity 1495K, committed 1536K, reserved 1048576K
}
Event: 1643.529 GC heap after
{Heap after GC invocations=1786 (full 0):
 garbage-first heap   total 172032K, used 7871K [0x0000000081e00000, 0x0000000100000000)
  region size 1024K, 1 young (1024K), 1 survivors (1024K)
 Metaspace       used 15230K, capacity 15457K, committed 15616K, reserved 1062912K
  class space    used 1407K, capacity 1495K, committed 1536K, reserved 1048576K
}
Event: 1643.593 GC heap before
{Heap before GC invocations=1786 (full 0):
 garbage-first heap   total 172032K, used 14015K [0x0000000081e00000, 0x0000000100000000)
  region size 1024K, 8 young (8192K), 1 survivors (1024K)
 Metaspace       used 15230K, capacity 15457K, committed 15616K, reserved 1062912K
  class space    used 1407K, capacity 1495K, committed 1536K, reserved 1048576K
}
Event: 1643.594 GC heap after
{Heap after GC invocations=1787 (full 0):
 garbage-first heap   total 172032K, used 7863K [0x0000000081e00000, 0x0000000100000000)
  region size 1024K, 1 young (1024K), 1 survivors (1024K)
 Metaspace       used 15230K, capacity 15457K, committed 15616K, reserved 1062912K
  class space    used 1407K, capacity 1495K, committed 1536K, reserved 1048576K
}
Event: 1643.786 GC heap before
{Heap before GC invocations=1787 (full 0):
 garbage-first heap   total 172032K, used 34487K [0x0000000081e00000, 0x0000000100000000)
  region size 1024K, 28 young (28672K), 1 survivors (1024K)
 Metaspace       used 15230K, capacity 15457K, committed 15616K, reserved 1062912K
  class space    used 1407K, capacity 1495K, committed 1536K, reserved 1048576K
}
Event: 1643.787 GC heap after
{Heap after GC invocations=1788 (full 0):
 garbage-first heap   total 172032K, used 7922K [0x0000000081e00000, 0x0000000100000000)
  region size 1024K, 1 young (1024K), 1 survivors (1024K)
 Metaspace       used 15230K, capacity 15457K, committed 15616K, reserved 1062912K
  class space    used 1407K, capacity 1495K, committed 1536K, reserved 1048576K
}
Event: 1647.431 GC heap before
{Heap before GC invocations=1788 (full 0):
 garbage-first heap   total 172032K, used 108274K [0x0000000081e00000, 0x0000000100000000)
  region size 1024K, 100 young (102400K), 1 survivors (1024K)
 Metaspace       used 15230K, capacity 15457K, committed 15616K, reserved 1062912K
  class space    used 1407K, capacity 1495K, committed 1536K, reserved 1048576K
}
Event: 1647.875 GC heap after
{Heap after GC invocations=1789 (full 0):
 garbage-first heap   total 172032K, used 9294K [0x0000000081e00000, 0x0000000100000000)
  region size 1024K, 2 young (2048K), 2 survivors (2048K)
 Metaspace       used 15230K, capacity 15457K, committed 15616K, reserved 1062912K
  class space    used 1407K, capacity 1495K, committed 1536K, reserved 1048576K
}
Event: 1647.901 GC heap before
{Heap before GC invocations=1789 (full 0):
 garbage-first heap   total 172032K, used 14414K [0x0000000081e00000, 0x0000000100000000)
  region size 1024K, 8 young (8192K), 2 survivors (2048K)
 Metaspace       used 15230K, capacity 15457K, committed 15616K, reserved 1062912K
  class space    used 1407K, capacity 1495K, committed 1536K, reserved 1048576K
}
Event: 1647.904 GC heap after
{Heap after GC invocations=1790 (full 0):
 garbage-first heap   total 172032K, used 7815K [0x0000000081e00000, 0x0000000100000000)
  region size 1024K, 0 young (0K), 0 survivors (0K)
 Metaspace       used 15230K, capacity 15457K, committed 15616K, reserved 1062912K
  class space    used 1407K, capacity 1495K, committed 1536K, reserved 1048576K
}
Event: 1647.937 GC heap before
{Heap before GC invocations=1790 (full 0):
 garbage-first heap   total 172032K, used 14983K [0x0000000081e00000, 0x0000000100000000)
  region size 1024K, 8 young (8192K), 0 survivors (0K)
 Metaspace       used 15230K, capacity 15457K, committed 15616K, reserved 1062912K
  class space    used 1407K, capacity 1495K, committed 1536K, reserved 1048576K
}
Event: 1647.937 GC heap after
{Heap after GC invocations=1791 (full 0):
 garbage-first heap   total 172032K, used 7815K [0x0000000081e00000, 0x0000000100000000)
  region size 1024K, 0 young (0K), 0 survivors (0K)
 Metaspace       used 15230K, capacity 15457K, committed 15616K, reserved 1062912K
  class space    used 1407K, capacity 1495K, committed 1536K, reserved 1048576K
}
Event: 1648.450 GC heap before
{Heap before GC invocations=1791 (full 0):
 garbage-first heap   total 172032K, used 109191K [0x0000000081e00000, 0x0000000100000000)
  region size 1024K, 100 young (102400K), 0 survivors (0K)
 Metaspace       used 15230K, capacity 15457K, committed 15616K, reserved 1062912K
  class space    used 1407K, capacity 1495K, committed 1536K, reserved 1048576K
}
Event: 1648.524 GC heap after
{Heap after GC invocations=1792 (full 0):
 garbage-first heap   total 172032K, used 7921K [0x0000000081e00000, 0x0000000100000000)
  region size 1024K, 1 young (1024K), 1 survivors (1024K)
 Metaspace       used 15230K, capacity 15457K, committed 15616K, reserved 1062912K
  class space    used 1407K, capacity 1495K, committed 1536K, reserved 1048576K
}
Event: 1650.875 GC heap before
{Heap before GC invocations=1792 (full 0):
 garbage-first heap   total 172032K, used 108273K [0x0000000081e00000, 0x0000000100000000)
  region size 1024K, 100 young (102400K), 1 survivors (1024K)
 Metaspace       used 15230K, capacity 15457K, committed 15616K, reserved 1062912K
  class space    used 1407K, capacity 1495K, committed 1536K, reserved 1048576K
}

Deoptimization events (20 events):
Event: 541.869 Thread 0x00000213cc4d70b0 DEOPT PACKING pc=0x00000213b5d2c095 sp=0x0000008ce7efda20
Event: 541.869 Thread 0x00000213cc4d70b0 DEOPT UNPACKING pc=0x00000213b52ce23f sp=0x0000008ce7efceb8 mode 0
Event: 582.475 Thread 0x00000213cc4d70b0 DEOPT PACKING pc=0x00000213b5d2c095 sp=0x0000008ce7efda20
Event: 582.475 Thread 0x00000213cc4d70b0 DEOPT UNPACKING pc=0x00000213b52ce23f sp=0x0000008ce7efceb8 mode 0
Event: 713.717 Thread 0x00000213cc4d70b0 DEOPT PACKING pc=0x00000213b5c663f8 sp=0x0000008ce7efdce0
Event: 713.717 Thread 0x00000213cc4d70b0 DEOPT UNPACKING pc=0x00000213b52ce23f sp=0x0000008ce7efd1f8 mode 0
Event: 883.970 Thread 0x00000213cc8ed2e0 DEOPT PACKING pc=0x00000213b5d327cf sp=0x0000008ce7bfee90
Event: 883.986 Thread 0x00000213cc8ed2e0 DEOPT UNPACKING pc=0x00000213b52ce23f sp=0x0000008ce7bfe348 mode 0
Event: 986.902 Thread 0x00000213cc8ed2e0 DEOPT PACKING pc=0x00000213b5d327cf sp=0x0000008ce7bfee90
Event: 986.902 Thread 0x00000213cc8ed2e0 DEOPT UNPACKING pc=0x00000213b52ce23f sp=0x0000008ce7bfe348 mode 0
Event: 1056.394 Thread 0x00000213cc4d70b0 DEOPT PACKING pc=0x00000213b5c663f8 sp=0x0000008ce7efdce0
Event: 1056.394 Thread 0x00000213cc4d70b0 DEOPT UNPACKING pc=0x00000213b52ce23f sp=0x0000008ce7efd1f8 mode 0
Event: 1093.328 Thread 0x00000213cc8ed2e0 DEOPT PACKING pc=0x00000213b5d327cf sp=0x0000008ce7bfee90
Event: 1093.353 Thread 0x00000213cc8ed2e0 DEOPT UNPACKING pc=0x00000213b52ce23f sp=0x0000008ce7bfe348 mode 0
Event: 1196.305 Thread 0x00000213cc8ed2e0 DEOPT PACKING pc=0x00000213b5d327cf sp=0x0000008ce7bfee90
Event: 1196.305 Thread 0x00000213cc8ed2e0 DEOPT UNPACKING pc=0x00000213b52ce23f sp=0x0000008ce7bfe348 mode 0
Event: 1302.857 Thread 0x00000213cc8ed2e0 DEOPT PACKING pc=0x00000213b5d327cf sp=0x0000008ce7bfee90
Event: 1302.857 Thread 0x00000213cc8ed2e0 DEOPT UNPACKING pc=0x00000213b52ce23f sp=0x0000008ce7bfe348 mode 0
Event: 1470.836 Thread 0x00000213cc4d70b0 DEOPT PACKING pc=0x00000213b5c663f8 sp=0x0000008ce7efdce0
Event: 1470.863 Thread 0x00000213cc4d70b0 DEOPT UNPACKING pc=0x00000213b52ce23f sp=0x0000008ce7efd1f8 mode 0

Classes unloaded (0 events):
No events

Classes redefined (0 events):
No events

Internal exceptions (20 events):
Event: 0.719 Thread 0x00000213ab854610 Exception <a 'java/lang/NoSuchMethodError'{0x0000000089ab21f8}: 'void java.lang.invoke.DirectMethodHandle$Holder.invokeSpecial(java.lang.Object, java.lang.Object, java.lang.Object)'> (0x0000000089ab21f8) 
thrown [./open/src/hotspot/share/interpreter/linkResolver.cpp, line 782]
Event: 0.732 Thread 0x00000213ab854610 Exception <a 'java/lang/NoSuchMethodError'{0x0000000089ac6758}: 'java.lang.Object java.lang.invoke.DirectMethodHandle$Holder.invokeStatic(java.lang.Object, java.lang.Object, int)'> (0x0000000089ac6758) 
thrown [./open/src/hotspot/share/interpreter/linkResolver.cpp, line 782]
Event: 0.736 Thread 0x00000213ab854610 Exception <a 'java/lang/NoSuchMethodError'{0x0000000089ad2908}: 'void java.lang.invoke.DelegatingMethodHandle$Holder.delegate(java.lang.Object, java.lang.Object, int, java.lang.Object)'> (0x0000000089ad2908) 
thrown [./open/src/hotspot/share/interpreter/linkResolver.cpp, line 782]
Event: 0.737 Thread 0x00000213ab854610 Exception <a 'java/lang/NoSuchMethodError'{0x0000000089ad6a58}: 'int java.lang.invoke.DirectMethodHandle$Holder.invokeSpecial(java.lang.Object, java.lang.Object, java.lang.Object)'> (0x0000000089ad6a58) 
thrown [./open/src/hotspot/share/interpreter/linkResolver.cpp, line 782]
Event: 1.189 Thread 0x00000213ab854610 Exception <a 'java/lang/ClassNotFoundException'{0x00000000898cad50}: sun/awt/resources/spi/awtProvider> (0x00000000898cad50) 
thrown [./open/src/hotspot/share/classfile/systemDictionary.cpp, line 295]
Event: 1.230 Thread 0x00000213ab854610 Exception <a 'java/io/FileNotFoundException'{0x0000000089715958}> (0x0000000089715958) 
thrown [./open/src/hotspot/share/prims/jni.cpp, line 578]
Event: 1.244 Thread 0x00000213ab854610 Exception <a 'java/io/FileNotFoundException'{0x0000000089744a30}> (0x0000000089744a30) 
thrown [./open/src/hotspot/share/prims/jni.cpp, line 578]
Event: 1.400 Thread 0x00000213ab854610 Exception <a 'java/lang/NoSuchMethodError'{0x0000000089625f88}: 'java.lang.Object java.lang.invoke.DirectMethodHandle$Holder.newInvokeSpecial(java.lang.Object, java.lang.Object, java.lang.Object, java.lang.Object, java.lang.Object)'> (0x0000000089625f88) 
thrown [./open/src/hotspot/share/interpreter/linkResolver.cpp, line 782]
Event: 1.403 Thread 0x00000213ab854610 Exception <a 'java/lang/NoSuchMethodError'{0x0000000089631a18}: 'java.lang.Object java.lang.invoke.DirectMethodHandle$Holder.invokeStatic(java.lang.Object, int, java.lang.Object, java.lang.Object, java.lang.Object, java.lang.Object)'> (0x0000000089631a18) 
thrown [./open/src/hotspot/share/interpreter/linkResolver.cpp, line 782]
Event: 1.412 Thread 0x00000213ab854610 Exception <a 'java/lang/NoSuchMethodError'{0x0000000089657f20}: 'java.lang.Object java.lang.invoke.DirectMethodHandle$Holder.invokeStatic(java.lang.Object, int, java.lang.Object)'> (0x0000000089657f20) 
thrown [./open/src/hotspot/share/interpreter/linkResolver.cpp, line 782]
Event: 1.463 Thread 0x00000213ab854610 Exception <a 'java/lang/ClassNotFoundException'{0x0000000089514bf0}: com/sun/swing/internal/plaf/metal/resources/spi/metalProvider> (0x0000000089514bf0) 
thrown [./open/src/hotspot/share/classfile/systemDictionary.cpp, line 295]
Event: 1.466 Thread 0x00000213ab854610 Exception <a 'java/lang/ClassNotFoundException'{0x0000000089518eb0}: com/sun/swing/internal/plaf/basic/resources/spi/basicProvider> (0x0000000089518eb0) 
thrown [./open/src/hotspot/share/classfile/systemDictionary.cpp, line 295]
Event: 1.489 Thread 0x00000213ab854610 Implicit null exception at 0x00000213bcd8a4be to 0x00000213bcd8aca0
Event: 1.698 Thread 0x00000213ab854610 Exception <a 'java/lang/NoSuchMethodError'{0x0000000089416b00}: 'void java.lang.invoke.DirectMethodHandle$Holder.invokeStaticInit(java.lang.Object)'> (0x0000000089416b00) 
thrown [./open/src/hotspot/share/interpreter/linkResolver.cpp, line 782]
Event: 27.338 Thread 0x00000213cc4d70b0 Exception <a 'sun/nio/fs/WindowsException'{0x0000000089326c38}> (0x0000000089326c38) 
thrown [./open/src/hotspot/share/prims/jni.cpp, line 578]
Event: 27.339 Thread 0x00000213cc4d70b0 Exception <a 'sun/nio/fs/WindowsException'{0x0000000089327108}> (0x0000000089327108) 
thrown [./open/src/hotspot/share/prims/jni.cpp, line 578]
Event: 36.355 Thread 0x00000213cc4d70b0 Exception <a 'java/lang/NoSuchMethodError'{0x00000000857a50d0}: 'java.lang.Object java.lang.invoke.Invokers$Holder.linkToTargetMethod(int, int, int, int, java.lang.Object)'> (0x00000000857a50d0) 
thrown [./open/src/hotspot/share/interpreter/linkResolver.cpp, line 782]
Event: 42.013 Thread 0x00000213cc4d70b0 Exception <a 'java/lang/NoSuchMethodError'{0x0000000089414b10}: 'java.lang.Object java.lang.invoke.DirectMethodHandle$Holder.invokeSpecial(java.lang.Object, java.lang.Object, long, java.lang.Object, java.lang.Object, int, java.lang.Object, java.lang.Object, java.lang.Object, java.lang.Object)'> (0x0000000089414b10) 
thrown [./open/src/hotspot/share/interpreter/linkResolver.cpp, line 782]
Event: 42.014 Thread 0x00000213cc4d70b0 Exception <a 'java/lang/NoSuchMethodError'{0x0000000089419920}: 'java.lang.Object java.lang.invoke.DelegatingMethodHandle$Holder.reinvoke_L(java.lang.Object, long, java.lang.Object, java.lang.Object, int, java.lang.Object, java.lang.Object, java.lang.Object, java.lang.Object)'> (0x0000000089419920) 
thrown [./open/src/hotspot/share/interpreter/linkResolver.cpp, line 782]
Event: 164.544 Thread 0x00000213cb9be520 Implicit null exception at 0x00000213bcf22763 to 0x00000213bcf22f70

Events (20 events):
Event: 1641.417 Executing VM operation: G1CollectForAllocation done
Event: 1642.427 Executing VM operation: G1CollectForAllocation
Event: 1643.179 Executing VM operation: G1CollectForAllocation done
Event: 1643.291 Executing VM operation: G1CollectForAllocation
Event: 1643.467 Executing VM operation: G1CollectForAllocation done
Event: 1643.528 Executing VM operation: G1CollectForAllocation
Event: 1643.529 Executing VM operation: G1CollectForAllocation done
Event: 1643.593 Executing VM operation: G1CollectForAllocation
Event: 1643.594 Executing VM operation: G1CollectForAllocation done
Event: 1643.786 Executing VM operation: G1CollectForAllocation
Event: 1643.787 Executing VM operation: G1CollectForAllocation done
Event: 1647.431 Executing VM operation: G1CollectForAllocation
Event: 1647.876 Executing VM operation: G1CollectForAllocation done
Event: 1647.901 Executing VM operation: G1CollectForAllocation
Event: 1647.904 Executing VM operation: G1CollectForAllocation done
Event: 1647.937 Executing VM operation: G1CollectForAllocation
Event: 1647.937 Executing VM operation: G1CollectForAllocation done
Event: 1648.449 Executing VM operation: G1CollectForAllocation
Event: 1648.524 Executing VM operation: G1CollectForAllocation done
Event: 1650.875 Executing VM operation: G1CollectForAllocation


Dynamic libraries:
0x00007ff6af630000 - 0x00007ff6af63f000 	C:\Program Files\Java\jdk-15.0.2\bin\java.exe
0x00007ffa9c530000 - 0x00007ffa9c725000 	C:\WINDOWS\SYSTEM32\ntdll.dll
0x00007ffa9b150000 - 0x00007ffa9b20e000 	C:\WINDOWS\System32\KERNEL32.DLL
0x00007ffa99d80000 - 0x00007ffa9a048000 	C:\WINDOWS\System32\KERNELBASE.dll
0x00007ffa9a110000 - 0x00007ffa9a210000 	C:\WINDOWS\System32\ucrtbase.dll
0x00007ffa95780000 - 0x00007ffa95798000 	C:\Program Files\Java\jdk-15.0.2\bin\jli.dll
0x00007ffa9bec0000 - 0x00007ffa9bf6c000 	C:\WINDOWS\System32\ADVAPI32.dll
0x00007ffa9b210000 - 0x00007ffa9b2ae000 	C:\WINDOWS\System32\msvcrt.dll
0x00007ffa9a740000 - 0x00007ffa9a7db000 	C:\WINDOWS\System32\sechost.dll
0x00007ffa9a580000 - 0x00007ffa9a6aa000 	C:\WINDOWS\System32\RPCRT4.dll
0x00007ffa9bb20000 - 0x00007ffa9bcc1000 	C:\WINDOWS\System32\USER32.dll
0x00007ffa9a0e0000 - 0x00007ffa9a102000 	C:\WINDOWS\System32\win32u.dll
0x00007ffa9bd60000 - 0x00007ffa9bd8b000 	C:\WINDOWS\System32\GDI32.dll
0x00007ffa9a410000 - 0x00007ffa9a51d000 	C:\WINDOWS\System32\gdi32full.dll
0x00007ffa9a370000 - 0x00007ffa9a40d000 	C:\WINDOWS\System32\msvcp_win.dll
0x00007ffa95760000 - 0x00007ffa95779000 	C:\Program Files\Java\jdk-15.0.2\bin\VCRUNTIME140.dll
0x00007ffa8e380000 - 0x00007ffa8e61a000 	C:\WINDOWS\WinSxS\amd64_microsoft.windows.common-controls_6595b64144ccf1df_6.0.19041.1110_none_60b5254171f9507e\COMCTL32.dll
0x00007ffa8eb60000 - 0x00007ffa8eb6a000 	C:\WINDOWS\SYSTEM32\VERSION.dll
0x00007ffa9baf0000 - 0x00007ffa9bb20000 	C:\WINDOWS\System32\IMM32.DLL
0x00007ffa8d7f0000 - 0x00007ffa8d7fc000 	C:\Program Files\Java\jdk-15.0.2\bin\vcruntime140_1.dll
0x00007ffa715c0000 - 0x00007ffa71651000 	C:\Program Files\Java\jdk-15.0.2\bin\msvcp140.dll
0x00007ffa3db10000 - 0x00007ffa3e66e000 	C:\Program Files\Java\jdk-15.0.2\bin\server\jvm.dll
0x00007ffa9c420000 - 0x00007ffa9c428000 	C:\WINDOWS\System32\PSAPI.DLL
0x00007ffa8c800000 - 0x00007ffa8c809000 	C:\WINDOWS\SYSTEM32\WSOCK32.dll
0x00007ffa9a6b0000 - 0x00007ffa9a71b000 	C:\WINDOWS\System32\WS2_32.dll
0x00007ffa8eda0000 - 0x00007ffa8edc7000 	C:\WINDOWS\SYSTEM32\WINMM.dll
0x00007ffa97b30000 - 0x00007ffa97b42000 	C:\WINDOWS\SYSTEM32\kernel.appcore.dll
0x00007ffa8d7e0000 - 0x00007ffa8d7ea000 	C:\Program Files\Java\jdk-15.0.2\bin\jimage.dll
0x00007ffa852a0000 - 0x00007ffa85484000 	C:\WINDOWS\SYSTEM32\DBGHELP.DLL
0x00007ffa85270000 - 0x00007ffa8529c000 	C:\WINDOWS\SYSTEM32\dbgcore.DLL
0x00007ffa99cf0000 - 0x00007ffa99d72000 	C:\WINDOWS\System32\bcryptPrimitives.dll
0x00007ffa8d7c0000 - 0x00007ffa8d7ce000 	C:\Program Files\Java\jdk-15.0.2\bin\instrument.dll
0x00007ffa79330000 - 0x00007ffa79355000 	C:\Program Files\Java\jdk-15.0.2\bin\java.dll
0x00007ffa9b2b0000 - 0x00007ffa9b9f4000 	C:\WINDOWS\System32\SHELL32.dll
0x00007ffa97d30000 - 0x00007ffa984c4000 	C:\WINDOWS\SYSTEM32\windows.storage.dll
0x00007ffa9c0c0000 - 0x00007ffa9c415000 	C:\WINDOWS\System32\combase.dll
0x00007ffa99620000 - 0x00007ffa9964e000 	C:\WINDOWS\SYSTEM32\Wldp.dll
0x00007ffa9aa10000 - 0x00007ffa9aabd000 	C:\WINDOWS\System32\SHCORE.dll
0x00007ffa9c490000 - 0x00007ffa9c4e5000 	C:\WINDOWS\System32\shlwapi.dll
0x00007ffa99b80000 - 0x00007ffa99b9f000 	C:\WINDOWS\SYSTEM32\profapi.dll
0x00007ffa79e90000 - 0x00007ffa79ea8000 	C:\Program Files\Java\jdk-15.0.2\bin\zip.dll
0x00007ffa7f980000 - 0x00007ffa7f999000 	C:\Program Files\Java\jdk-15.0.2\bin\net.dll
0x00007ffa8df40000 - 0x00007ffa8e04c000 	C:\WINDOWS\SYSTEM32\WINHTTP.dll
0x00007ffa99320000 - 0x00007ffa9938a000 	C:\WINDOWS\system32\mswsock.dll
0x00007ffa7f2d0000 - 0x00007ffa7f2e2000 	C:\Program Files\Java\jdk-15.0.2\bin\nio.dll
0x00007ffa79310000 - 0x00007ffa7932a000 	D:\Program Files\JetBrains\IntelliJ IDEA Community Edition 2021.2\bin\breakgen64.dll
0x00007ffa5c390000 - 0x00007ffa5c3eb000 	C:\Users\Nero\AppData\Local\Temp\lwjglNero\3.1.6-build-14\lwjgl.dll
0x00007ffa5c330000 - 0x00007ffa5c381000 	C:\Users\Nero\AppData\Local\Temp\lwjglNero\3.1.6-build-14\glfw.dll
0x00007ffa975d0000 - 0x00007ffa9766e000 	C:\WINDOWS\system32\uxtheme.dll
0x00007ffa5c2e0000 - 0x00007ffa5c325000 	C:\WINDOWS\SYSTEM32\dinput8.dll
0x00007ffa95730000 - 0x00007ffa95741000 	C:\WINDOWS\SYSTEM32\xinput1_4.dll
0x00007ffa9a520000 - 0x00007ffa9a56e000 	C:\WINDOWS\System32\cfgmgr32.dll
0x00007ffa99990000 - 0x00007ffa999c4000 	C:\WINDOWS\SYSTEM32\DEVOBJ.dll
0x00007ffa97840000 - 0x00007ffa9786f000 	C:\WINDOWS\SYSTEM32\dwmapi.dll
0x00007ffa9a8f0000 - 0x00007ffa9aa05000 	C:\WINDOWS\System32\MSCTF.dll
0x00007ffa9bff0000 - 0x00007ffa9c0bd000 	C:\WINDOWS\System32\OLEAUT32.dll
0x00007ffa984d0000 - 0x00007ffa984dd000 	C:\WINDOWS\SYSTEM32\HID.DLL
0x00007ffa9acd0000 - 0x00007ffa9b142000 	C:\WINDOWS\System32\SETUPAPI.DLL
0x00007ffa9a050000 - 0x00007ffa9a077000 	C:\WINDOWS\System32\bcrypt.dll
0x00007ffa7ca30000 - 0x00007ffa7cb82000 	C:\WINDOWS\SYSTEM32\inputhost.dll
0x00007ffa97330000 - 0x00007ffa97422000 	C:\WINDOWS\SYSTEM32\CoreMessaging.dll
0x00007ffa957d0000 - 0x00007ffa958c6000 	C:\WINDOWS\SYSTEM32\PROPSYS.dll
0x00007ffa95a90000 - 0x00007ffa95be4000 	C:\WINDOWS\SYSTEM32\wintypes.dll
0x00007ffa96c50000 - 0x00007ffa96fae000 	C:\WINDOWS\SYSTEM32\CoreUIComponents.dll
0x00007ffa98930000 - 0x00007ffa98963000 	C:\WINDOWS\SYSTEM32\ntmarta.dll
0x00007ffa9a080000 - 0x00007ffa9a0e0000 	C:\WINDOWS\System32\WINTRUST.dll
0x00007ffa9a210000 - 0x00007ffa9a366000 	C:\WINDOWS\System32\CRYPT32.dll
0x00007ffa997b0000 - 0x00007ffa997c2000 	C:\WINDOWS\SYSTEM32\MSASN1.dll
0x00007ffa5c160000 - 0x00007ffa5c2e0000 	C:\Program Files\Java\jdk-15.0.2\bin\awt.dll
0x00007ffa97470000 - 0x00007ffa97500000 	C:\WINDOWS\SYSTEM32\apphelp.dll
0x00007ffa73250000 - 0x00007ffa73375000 	C:\WINDOWS\system32\opengl32.dll
0x00007ffa73220000 - 0x00007ffa7324c000 	C:\WINDOWS\SYSTEM32\GLU32.dll
0x00007ffa9bd90000 - 0x00007ffa9beba000 	C:\WINDOWS\System32\ole32.dll
0x00007ffa5c0d0000 - 0x00007ffa5c155000 	C:\Program Files\Java\jdk-15.0.2\bin\freetype.dll
0x00007ffa5c020000 - 0x00007ffa5c0c9000 	C:\Program Files\Java\jdk-15.0.2\bin\fontmanager.dll
0x00007ffa85500000 - 0x00007ffa855f9000 	C:\WINDOWS\SYSTEM32\textinputframework.dll
0x00007ffa9a840000 - 0x00007ffa9a8e9000 	C:\WINDOWS\System32\clbcatq.dll
0x00007ffa92890000 - 0x00007ffa92989000 	C:\Windows\System32\AppXDeploymentClient.dll
0x00007ffa3c3d0000 - 0x00007ffa3cc02000 	C:\WINDOWS\SYSTEM32\ig7icd64.dll
0x00007ffa8fa10000 - 0x00007ffa8fe74000 	C:\WINDOWS\SYSTEM32\igdusc64.dll
0x00007ffa95900000 - 0x00007ffa95914000 	C:\WINDOWS\SYSTEM32\WTSAPI32.dll
0x00007ffa99ab0000 - 0x00007ffa99afb000 	C:\WINDOWS\SYSTEM32\powrprof.dll
0x00007ffa99a90000 - 0x00007ffa99aa2000 	C:\WINDOWS\SYSTEM32\UMPDC.dll
0x00007ffa98530000 - 0x00007ffa98624000 	C:\WINDOWS\SYSTEM32\dxgi.dll
0x00007ffa96130000 - 0x00007ffa96394000 	C:\WINDOWS\SYSTEM32\d3d11.dll
0x00007ffa8fef0000 - 0x00007ffa90a92000 	C:\WINDOWS\SYSTEM32\igd10iumd64.dll
0x00007ffa99690000 - 0x00007ffa996b7000 	C:\WINDOWS\SYSTEM32\ncrypt.dll
0x00007ffa99650000 - 0x00007ffa9968b000 	C:\WINDOWS\SYSTEM32\NTASN1.dll
0x00007ffa94ec0000 - 0x00007ffa94efb000 	C:\WINDOWS\SYSTEM32\dxcore.dll
0x00007ffa5bf50000 - 0x00007ffa5bfaf000 	C:\Users\Nero\AppData\Local\Temp\lwjglNero\3.1.6-build-14\lwjgl_opengl.dll
0x00007ffa5be60000 - 0x00007ffa5bf50000 	C:\Users\Nero\AppData\Local\Temp\lwjglNero\3.1.6-build-14\OpenAL.dll
0x00007ffa8f020000 - 0x00007ffa8f0a5000 	C:\WINDOWS\System32\MMDevApi.dll
0x00007ffa8e830000 - 0x00007ffa8e9b1000 	C:\WINDOWS\SYSTEM32\AUDIOSES.DLL
0x00007ffa97740000 - 0x00007ffa97754000 	C:\WINDOWS\SYSTEM32\resourcepolicyclient.dll
0x00007ffa56730000 - 0x00007ffa5687e000 	D:\eclipse-workspace\2DGameEngine\freetype-jni-64.dll
0x00007ffa79230000 - 0x00007ffa7925b000 	C:\WINDOWS\SYSTEM32\VCRUNTIME140D.dll
0x00007ffa56560000 - 0x00007ffa56727000 	C:\WINDOWS\SYSTEM32\ucrtbased.dll
0x00007ffa56a30000 - 0x00007ffa56aae000 	C:\Users\Nero\AppData\Local\Temp\lwjglNero\3.1.6-build-14\lwjgl_stb.dll

dbghelp: loaded successfully - version: 4.0.5 - missing functions: none
symbol engine: initialized successfully - sym options: 0x614 - pdb path: .;C:\Program Files\Java\jdk-15.0.2\bin;C:\WINDOWS\SYSTEM32;C:\WINDOWS\WinSxS\amd64_microsoft.windows.common-controls_6595b64144ccf1df_6.0.19041.1110_none_60b5254171f9507e;C:\Program Files\Java\jdk-15.0.2\bin\server;D:\Program Files\JetBrains\IntelliJ IDEA Community Edition 2021.2\bin;C:\Users\Nero\AppData\Local\Temp\lwjglNero\3.1.6-build-14;D:\eclipse-workspace\2DGameEngine

VM Arguments:
jvm_args: -javaagent:D:\Program Files\JetBrains\IntelliJ IDEA Community Edition 2021.2\lib\idea_rt.jar=58027:D:\Program Files\JetBrains\IntelliJ IDEA Community Edition 2021.2\bin -Dfile.encoding=UTF-8 
java_command: com.ATTAR.main.Main
java_class_path (initial): D:\eclipse-workspace\2DGameEngine\bin;D:\eclipse-workspace\2DGameEngine\lib\lwjgl.jar;D:\eclipse-workspace\2DGameEngine\lib\lwjgl-assimp.jar;D:\eclipse-workspace\2DGameEngine\lib\lwjgl-assimp-natives-linux.jar;D:\eclipse-workspace\2DGameEngine\lib\lwjgl-assimp-natives-macos.jar;D:\eclipse-workspace\2DGameEngine\lib\lwjgl-assimp-natives-windows.jar;D:\eclipse-workspace\2DGameEngine\lib\lwjgl-glfw.jar;D:\eclipse-workspace\2DGameEngine\lib\lwjgl-glfw-natives-linux.jar;D:\eclipse-workspace\2DGameEngine\lib\lwjgl-glfw-natives-macos.jar;D:\eclipse-workspace\2DGameEngine\lib\lwjgl-glfw-natives-windows.jar;D:\eclipse-workspace\2DGameEngine\lib\lwjgl-natives-linux.jar;D:\eclipse-workspace\2DGameEngine\lib\lwjgl-natives-macos.jar;D:\eclipse-workspace\2DGameEngine\lib\lwjgl-natives-windows.jar;D:\eclipse-workspace\2DGameEngine\lib\lwjgl-openal.jar;D:\eclipse-workspace\2DGameEngine\lib\lwjgl-openal-natives-linux.jar;D:\eclipse-workspace\2DGameEngine\lib\lwjgl-openal-natives-macos.jar;D:\eclipse-workspace\2DGameEngine\lib\lwjgl-openal-natives-windows.jar;D:\eclipse-workspace\2DGameEngine\lib\lwjgl-opengl.jar;D:\eclipse-workspace\2DGameEngine\lib\lwjgl-opengl-natives-linux.jar;D:\eclipse-workspace\2DGameEngine\lib\lwjgl-opengl-natives-macos.jar;D:\eclipse-workspace\2DGameEngine\lib\lwjgl-opengl-natives-windows.jar;D:\eclipse-workspace\2DGameEngine\lib\lwjgl-stb.jar;D:\eclipse-workspace\2DGameEngine\lib\lwjgl-stb-natives-linux.jar;D:\eclipse-workspace\2DGameEngine\lib\lwjgl-stb-natives-macos.jar;D:\eclipse-workspace\2DGameEngine\lib\lwjgl-stb-natives-windows.jar;D:\eclipse-workspace\2DGameEngine\lib\jbox2d-library.jar;D:\eclipse-workspace\2DGameEngine\lib\freetype-jni.jar
Launcher Type: SUN_STANDARD

[Global flags]
     intx CICompilerCount                          = 3                                         {product} {ergonomic}
     uint ConcGCThreads                            = 1                                         {product} {ergonomic}
     uint G1ConcRefinementThreads                  = 4                                         {product} {ergonomic}
   size_t G1HeapRegionSize                         = 1048576                                   {product} {ergonomic}
    uintx GCDrainStackTargetSize                   = 64                                        {product} {ergonomic}
   size_t InitialHeapSize                          = 134217728                                 {product} {ergonomic}
   size_t MarkStackSize                            = 4194304                                   {product} {ergonomic}
   size_t MaxHeapSize                              = 2116026368                                {product} {ergonomic}
   size_t MaxNewSize                               = 1268776960                                {product} {ergonomic}
   size_t MinHeapDeltaBytes                        = 1048576                                   {product} {ergonomic}
   size_t MinHeapSize                              = 8388608                                   {product} {ergonomic}
    uintx NonNMethodCodeHeapSize                   = 5832780                                {pd product} {ergonomic}
    uintx NonProfiledCodeHeapSize                  = 122912730                              {pd product} {ergonomic}
    uintx ProfiledCodeHeapSize                     = 122912730                              {pd product} {ergonomic}
    uintx ReservedCodeCacheSize                    = 251658240                              {pd product} {ergonomic}
     bool SegmentedCodeCache                       = true                                      {product} {ergonomic}
   size_t SoftMaxHeapSize                          = 2116026368                             {manageable} {ergonomic}
     bool UseCompressedClassPointers               = true                                 {lp64_product} {ergonomic}
     bool UseCompressedOops                        = true                                 {lp64_product} {ergonomic}
     bool UseG1GC                                  = true                                      {product} {ergonomic}
     bool UseLargePagesIndividualAllocation        = false                                  {pd product} {ergonomic}

Logging:
Log output configuration:
 #0: stdout all=warning uptime,level,tags
 #1: stderr all=off uptime,level,tags

Environment Variables:
PATH=C:\Program Files (x86)\NVIDIA Corporation\PhysX\Common;C:\Program Files (x86)\Common Files\Intel\Shared Libraries\redist\intel64\compiler;C:\Program Files (x86)\Common Files\Oracle\Java\javapath;C:\Program Files\Common Files\Oracle\Java\javapath;C:\ProgramData\Oracle\Java\javapath;C:\WINDOWS\system32;C:\WINDOWS;C:\WINDOWS\System32\Wbem;C:\WINDOWS\System32\WindowsPowerShell\v1.0\;C:\WINDOWS\System32\OpenSSH\;C:\Program Files (x86)\GtkSharp\2.12\bin;C:\Program Files\dotnet\;C:\Program Files (x86)\QuickTime\QTSystem\;C:\Program Files (x86)\Pixie\bin;C:\Program Files (x86)\dotnet\;C:\Program Files\PuTTY\;C:\Program Files\Git\cmd;D:\Users\Nero\AppData\Local\Programs\Python\Python38\Scripts\;D:\Users\Nero\AppData\Local\Programs\Python\Python38\;C:\Users\Nero\AppData\Local\Programs\Python\Python35\Scripts\;C:\Users\Nero\AppData\Local\Programs\Python\Python35\;C:\Users\Nero\AppData\Local\Microsoft\WindowsApps;C:\Program Files (x86)\FAHClient;C:\Users\Nero\AppData\Local\GitHubDesktop\bin
USERNAME=Nero
OS=Windows_NT
PROCESSOR_IDENTIFIER=Intel64 Family 6 Model 58 Stepping 9, GenuineIntel



---------------  S Y S T E M  ---------------

OS:
 Windows 10 , 64 bit Build 19041 (10.0.19041.1348)
OS uptime: 0 days 2:46 hours

CPU: total 4 (initial active 4) (2 cores per cpu, 2 threads per core) family 6 model 58 stepping 9 microcode 0x21, cmov, cx8, fxsr, mmx, sse, sse2, sse3, ssse3, sse4.1, sse4.2, popcnt, vzeroupper, avx, clmul, erms, ht, tsc, tscinvbit, tscinv, clflush

Memory: 4k page, system-wide physical 8067M (371M free)
TotalPageFile size 20473M (AvailPageFile size 53M)
current process WorkingSet (physical memory assigned to process): 5367M, peak: 5443M
current process commit charge ("private bytes"): 11666M, peak: 12002M

vm_info: Java HotSpot(TM) 64-Bit Server VM (15.0.2+7-27) for windows-amd64 JRE (15.0.2+7-27), built on Dec  7 2020 20:07:01 by "mach5one" with unknown MS VC++:1925

END.
