#
# A fatal error has been detected by the Java Runtime Environment:
#
#  EXCEPTION_ACCESS_VIOLATION (0xc0000005) at pc=0x00007fff84c6f46d, pid=17592, tid=14168
#
# JRE version: Java(TM) SE Runtime Environment (13.0.1+9) (build 13.0.1+9)
# Java VM: Java HotSpot(TM) 64-Bit Server VM (13.0.1+9, mixed mode, sharing, tiered, compressed oops, g1 gc, windows-amd64)
# Problematic frame:
# C  [lwjgl_opengl.dll+0xf46d]
#
# No core dump will be written. Minidumps are not enabled by default on client versions of Windows
#
# If you would like to submit a bug report, please visit:
#   http://bugreport.java.com/bugreport/crash.jsp
# The crash happened outside the Java Virtual Machine in native code.
# See problematic frame for where to report the bug.
#

---------------  S U M M A R Y ------------

Command Line: -javaagent:D:\Program Files\JetBrains\IntelliJ IDEA Community Edition 2021.2\lib\idea_rt.jar=55865:D:\Program Files\JetBrains\IntelliJ IDEA Community Edition 2021.2\bin -Dfile.encoding=UTF-8 com.ATTAR.main.Main

Host: Intel(R) Core(TM) i3-3110M CPU @ 2.40GHz, 4 cores, 7G,  Windows 10 , 64 bit Build 19041 (10.0.19041.1202)
Time: Mon Sep 27 19:05:58 2021 Central Europe Daylight Time elapsed time: 3 seconds (0d 0h 0m 3s)

---------------  T H R E A D  ---------------

Current thread (0x0000020f83b74800):  JavaThread "Thread-0" [_thread_in_native, id=14168, stack(0x000000bc07d00000,0x000000bc07e00000)]

Stack: [0x000000bc07d00000,0x000000bc07e00000],  sp=0x000000bc07dfea78,  free space=1018k
Native frames: (J=compiled Java code, j=interpreted, Vv=VM code, C=native code)
C  [lwjgl_opengl.dll+0xf46d]

Java frames: (J=compiled Java code, j=interpreted, Vv=VM code)
j  org.lwjgl.opengl.GL11.nglGenTextures(IJ)V+0
j  org.lwjgl.opengl.GL11.glGenTextures()I+20
j  com.ATTAR.grafic.Texture.<init>(Ljava/lang/String;)V+10
j  com.ATTAR.components.CompRender.init(Lcom/ATTAR/grafic/Shader;Ljava/lang/String;Lcom/ATTAR/grafic/Camera;)V+31
j  com.ATTAR.objects.Tiles.init(I)V+63
j  com.ATTAR.maps.LoadTiles.loadTiles(Lorg/joml/Vector2f;Lorg/joml/Vector3f;Lorg/joml/Vector2f;ILcom/ATTAR/grafic/Camera;)Lcom/ATTAR/objects/Tiles;+14
j  com.ATTAR.maps.LoadTiles.load(Ljava/util/HashMap;Lcom/ATTAR/grafic/Camera;)Ljava/util/HashMap;+70
j  com.ATTAR.maps.LoadMap$1.run()V+331
j  java.lang.Thread.run()V+11 java.base@13.0.1
v  ~StubRoutines::call_stub

siginfo: EXCEPTION_ACCESS_VIOLATION (0xc0000005), reading address 0x0000000000000f58


Register to memory mapping:

RIP=0x00007fff84c6f46d lwjgl_opengl.dll
RAX=0x00007fff3ff2e850 jvm.dll
RBX={method} {0x0000020fffbbc108} 'nglGenTextures' '(IJ)V' in 'org/lwjgl/opengl/GL11'
RCX=0x0000000000000001 is an unknown value
RDX=0x0000020f808bbbdc points into unknown readable memory: 00 00 00 00
RSP=0x000000bc07dfea78 is pointing into the stack for thread: 0x0000020f83b74800
RBP=0x000000bc07dfeb08 is pointing into the stack for thread: 0x0000020f83b74800
RSI=0x0000000000000148 is an unknown value
RDI=0x0000020fe8d6a273 is at code_begin+2355 in an Interpreter codelet
invoke return entry points  [0x0000020fe8d69940, 0x0000020fe8d6a360]  2592 bytes
R8 =0x0000000000000001 is an unknown value
R9 =0x0000020f808bbbdc points into unknown readable memory: 00 00 00 00
R10=0x0 is NULL
R11=0x0000000088fe4ab8 is an oop: java.lang.Class 
{0x0000000088fe4ab8} - klass: 'java/lang/Class'
R12=0x0 is NULL
R13={method} {0x0000020fffbbc108} 'nglGenTextures' '(IJ)V' in 'org/lwjgl/opengl/GL11'
R14=0x000000bc07dfeb38 is pointing into the stack for thread: 0x0000020f83b74800
R15=0x0000020f83b74800 is a thread


Registers:
RAX=0x00007fff3ff2e850, RBX=0x0000020fffbbc100, RCX=0x0000000000000001, RDX=0x0000020f808bbbdc
RSP=0x000000bc07dfea78, RBP=0x000000bc07dfeb08, RSI=0x0000000000000148, RDI=0x0000020fe8d6a273
R8 =0x0000000000000001, R9 =0x0000020f808bbbdc, R10=0x0000000000000000, R11=0x0000000088fe4ab8
R12=0x0000000000000000, R13=0x0000020fffbbc100, R14=0x000000bc07dfeb38, R15=0x0000020f83b74800
RIP=0x00007fff84c6f46d, EFLAGS=0x0000000000010206

Top of Stack: (sp=0x000000bc07dfea78)
0x000000bc07dfea78:   0000020fe8d6f477 000000bc07dfead0
0x000000bc07dfea88:   0000020fffaf0fc0 0000000000000000
0x000000bc07dfea98:   0000000088fd4128 0000020fffae9748
0x000000bc07dfeaa8:   0000000000000000 000000bc07dfeac8
0x000000bc07dfeab8:   000000bc07dfeb20 000000bc07dfeac0
0x000000bc07dfeac8:   0000000000000000 000000bc07dfeb38
0x000000bc07dfead8:   0000020fffbe1298 0000000000000000
0x000000bc07dfeae8:   0000000088fe4ab8 0000020fffbbc100
0x000000bc07dfeaf8:   0000000000000000 000000bc07dfeb28
0x000000bc07dfeb08:   000000bc07dfeb88 0000020fe8d6a273
0x000000bc07dfeb18:   0000000088fe4ab8 0000020fe8d6c418
0x000000bc07dfeb28:   0000020f808bbbdc 0000000000000000
0x000000bc07dfeb38:   0000000000000001 000000bc07dfeb40
0x000000bc07dfeb48:   0000020fffbbc284 000000bc07dfebb8
0x000000bc07dfeb58:   0000020fffbe1298 0000000000000000
0x000000bc07dfeb68:   0000000088fe4ab8 0000020fffbbc2f0 

Instructions: (pc=0x00007fff84c6f46d)
0x00007fff84c6f36d:   d1 41 8b cb 4c 8b 50 18 49 ff a2 48 0d 00 00 cc
0x00007fff84c6f37d:   cc cc cc 48 8b 01 48 8b 48 18 48 ff a1 58 0d 00
0x00007fff84c6f38d:   00 cc cc 48 8b 01 48 8b 48 18 48 ff a1 68 0d 00
0x00007fff84c6f39d:   00 cc cc 48 8b 01 41 8b d1 41 8b c8 4c 8b 50 18
0x00007fff84c6f3ad:   49 ff a2 e8 0d 00 00 cc cc cc cc cc cc cc cc cc
0x00007fff84c6f3bd:   cc cc cc 48 8b 01 49 8b d1 41 8b c8 4c 8b 50 18
0x00007fff84c6f3cd:   49 ff a2 f0 0d 00 00 cc cc cc cc cc cc cc cc cc
0x00007fff84c6f3dd:   cc cc cc 48 8b 01 0f 28 cb 41 8b c8 48 8b 50 18
0x00007fff84c6f3ed:   48 ff a2 d8 0d 00 00 cc cc cc cc cc cc cc cc cc
0x00007fff84c6f3fd:   cc cc cc 48 8b 01 49 8b d1 41 8b c8 4c 8b 50 18
0x00007fff84c6f40d:   49 ff a2 e0 0d 00 00 cc cc cc cc cc cc cc cc cc
0x00007fff84c6f41d:   cc cc cc 48 8b 01 41 8b c8 48 8b 50 18 48 ff a2
0x00007fff84c6f42d:   c0 0e 00 00 cc cc cc cc cc cc cc cc cc cc cc cc
0x00007fff84c6f43d:   cc cc cc 48 8b 01 48 8b 48 18 48 8b 81 f8 0e 00
0x00007fff84c6f44d:   00 41 8b c8 48 ff e0 cc cc cc cc cc cc cc cc cc
0x00007fff84c6f45d:   cc cc cc 48 8b 01 49 8b d1 41 8b c8 4c 8b 50 18
0x00007fff84c6f46d:   49 ff a2 58 0f 00 00 cc cc cc cc cc cc cc cc cc
0x00007fff84c6f47d:   cc cc cc 48 8b 01 49 8b d1 41 8b c8 4c 8b 50 18
0x00007fff84c6f48d:   49 ff a2 18 0a 00 00 cc cc cc cc cc cc cc cc cc
0x00007fff84c6f49d:   cc cc cc 48 8b 01 49 8b d1 41 8b c8 4c 8b 50 18
0x00007fff84c6f4ad:   49 ff a2 80 10 00 00 cc cc cc cc cc cc cc cc cc
0x00007fff84c6f4bd:   cc cc cc 48 8b 01 49 8b d1 41 8b c8 4c 8b 50 18
0x00007fff84c6f4cd:   49 ff a2 38 10 00 00 cc cc cc cc cc cc cc cc cc
0x00007fff84c6f4dd:   cc cc cc 48 8b 01 49 8b d1 41 8b c8 4c 8b 50 18
0x00007fff84c6f4ed:   49 ff a2 60 11 00 00 cc cc cc cc cc cc cc cc cc
0x00007fff84c6f4fd:   cc cc cc 48 8b 01 49 8b d1 41 8b c8 4c 8b 50 18
0x00007fff84c6f50d:   49 ff a2 18 12 00 00 cc cc cc cc cc cc cc cc cc
0x00007fff84c6f51d:   cc cc cc 48 8b 01 49 8b d1 41 8b c8 4c 8b 50 18
0x00007fff84c6f52d:   49 ff a2 28 11 00 00 cc cc cc cc cc cc cc cc cc
0x00007fff84c6f53d:   cc cc cc 48 8b 01 48 8b 48 18 48 8b 81 30 11 00
0x00007fff84c6f54d:   00 48 ff e0 cc cc cc cc cc cc cc cc cc cc cc cc
0x00007fff84c6f55d:   cc cc cc 48 8b 01 45 8b d8 4c 8b 44 24 28 41 8b 


Stack slot to memory mapping:
stack at sp + 0 slots: 0x0000020fe8d6f477 is at code_begin+1047 in an Interpreter codelet
method entry point (kind = native)  [0x0000020fe8d6f060, 0x0000020fe8d6fbc0]  2912 bytes
stack at sp + 1 slots: 0x000000bc07dfead0 is pointing into the stack for thread: 0x0000020f83b74800
stack at sp + 2 slots: 0x0000020fffaf0fc0 is pointing into metadata
stack at sp + 3 slots: 0x0 is NULL
stack at sp + 4 slots: 0x0000000088fd4128 is an oop: java.lang.Class 
{0x0000000088fd4128} - klass: 'java/lang/Class'
stack at sp + 5 slots: {method} {0x0000020fffae9750} 'memAddress' '(Ljava/nio/IntBuffer;I)J' in 'org/lwjgl/system/MemoryUtil'
stack at sp + 6 slots: 0x0 is NULL
stack at sp + 7 slots: 0x000000bc07dfeac8 is pointing into the stack for thread: 0x0000020f83b74800


---------------  P R O C E S S  ---------------

Threads class SMR info:
_java_thread_list=0x0000020f80965f00, length=13, elements={
0x0000020fdf07d000, 0x0000020fff60a800, 0x0000020fff60d800, 0x0000020fff62c000,
0x0000020fff62d000, 0x0000020fff62e800, 0x0000020fff62f800, 0x0000020fff67d800,
0x0000020fdf158000, 0x0000020f80276800, 0x0000020f80277000, 0x0000020f83b74800,
0x0000020f83767800
}

Java Threads: ( => current thread )
  0x0000020fdf07d000 JavaThread "main" [_thread_in_native, id=704, stack(0x000000bc06200000,0x000000bc06300000)]
  0x0000020fff60a800 JavaThread "Reference Handler" daemon [_thread_blocked, id=13488, stack(0x000000bc06900000,0x000000bc06a00000)]
  0x0000020fff60d800 JavaThread "Finalizer" daemon [_thread_blocked, id=3004, stack(0x000000bc06a00000,0x000000bc06b00000)]
  0x0000020fff62c000 JavaThread "Signal Dispatcher" daemon [_thread_blocked, id=7948, stack(0x000000bc06b00000,0x000000bc06c00000)]
  0x0000020fff62d000 JavaThread "Attach Listener" daemon [_thread_blocked, id=18120, stack(0x000000bc06c00000,0x000000bc06d00000)]
  0x0000020fff62e800 JavaThread "C2 CompilerThread0" daemon [_thread_blocked, id=7896, stack(0x000000bc06d00000,0x000000bc06e00000)]
  0x0000020fff62f800 JavaThread "C1 CompilerThread0" daemon [_thread_blocked, id=7940, stack(0x000000bc06e00000,0x000000bc06f00000)]
  0x0000020fff67d800 JavaThread "Sweeper thread" daemon [_thread_blocked, id=14508, stack(0x000000bc06f00000,0x000000bc07000000)]
  0x0000020fdf158000 JavaThread "Common-Cleaner" daemon [_thread_blocked, id=17456, stack(0x000000bc07000000,0x000000bc07100000)]
  0x0000020f80276800 JavaThread "Monitor Ctrl-Break" daemon [_thread_in_native, id=5712, stack(0x000000bc07100000,0x000000bc07200000)]
  0x0000020f80277000 JavaThread "Service Thread" daemon [_thread_blocked, id=8568, stack(0x000000bc07200000,0x000000bc07300000)]
=>0x0000020f83b74800 JavaThread "Thread-0" [_thread_in_native, id=14168, stack(0x000000bc07d00000,0x000000bc07e00000)]
  0x0000020f83767800 JavaThread "C2 CompilerThread1" daemon [_thread_blocked, id=17292, stack(0x000000bc07e00000,0x000000bc07f00000)]

Other Threads:
  0x0000020fff604000 VMThread "VM Thread" [stack: 0x000000bc06800000,0x000000bc06900000] [id=15152]
  0x0000020f80308000 WatcherThread [stack: 0x000000bc07300000,0x000000bc07400000] [id=9720]
  0x0000020fdf0c1800 GCTaskThread "GC Thread#0" [stack: 0x000000bc06300000,0x000000bc06400000] [id=8852]
  0x0000020f80a4b000 GCTaskThread "GC Thread#1" [stack: 0x000000bc07b00000,0x000000bc07c00000] [id=716]
  0x0000020f80a09800 GCTaskThread "GC Thread#2" [stack: 0x000000bc07c00000,0x000000bc07d00000] [id=6548]
  0x0000020fdf0d4800 ConcurrentGCThread "G1 Main Marker" [stack: 0x000000bc06400000,0x000000bc06500000] [id=15172]
  0x0000020fdf0d7000 ConcurrentGCThread "G1 Conc#0" [stack: 0x000000bc06500000,0x000000bc06600000] [id=6304]
  0x0000020fff490800 ConcurrentGCThread "G1 Refine#0" [stack: 0x000000bc06600000,0x000000bc06700000] [id=13004]
  0x0000020fff491800 ConcurrentGCThread "G1 Young RemSet Sampling" [stack: 0x000000bc06700000,0x000000bc06800000] [id=8784]

Threads with active compile tasks:

VM state:not at safepoint (normal execution)

VM Mutex/Monitor currently owned by a thread: None

Heap address: 0x0000000081e00000, size: 2018 MB, Compressed Oops mode: 32-bit
Narrow klass base: 0x0000000800000000, Narrow klass shift: 3
Compressed class space size: 1073741824 Address: 0x0000000800b40000

Heap:
 garbage-first heap   total 131072K, used 7063K [0x0000000081e00000, 0x0000000100000000)
  region size 1024K, 8 young (8192K), 2 survivors (2048K)
 Metaspace       used 4976K, capacity 7586K, committed 7808K, reserved 1056768K
  class space    used 294K, capacity 577K, committed 640K, reserved 1048576K
Heap Regions: E=young(eden), S=young(survivor), O=old, HS=humongous(starts), HC=humongous(continues), CS=collection set, F=free, A=archive, TAMS=top-at-mark-start (previous, next)
|   0|0x0000000081e00000, 0x0000000081e00000, 0x0000000081f00000|  0%| F|  |TAMS 0x0000000081e00000, 0x0000000081e00000| Untracked 
|   1|0x0000000081f00000, 0x0000000081f00000, 0x0000000082000000|  0%| F|  |TAMS 0x0000000081f00000, 0x0000000081f00000| Untracked 
|   2|0x0000000082000000, 0x0000000082000000, 0x0000000082100000|  0%| F|  |TAMS 0x0000000082000000, 0x0000000082000000| Untracked 
|   3|0x0000000082100000, 0x0000000082100000, 0x0000000082200000|  0%| F|  |TAMS 0x0000000082100000, 0x0000000082100000| Untracked 
|   4|0x0000000082200000, 0x0000000082200000, 0x0000000082300000|  0%| F|  |TAMS 0x0000000082200000, 0x0000000082200000| Untracked 
|   5|0x0000000082300000, 0x0000000082300000, 0x0000000082400000|  0%| F|  |TAMS 0x0000000082300000, 0x0000000082300000| Untracked 
|   6|0x0000000082400000, 0x0000000082400000, 0x0000000082500000|  0%| F|  |TAMS 0x0000000082400000, 0x0000000082400000| Untracked 
|   7|0x0000000082500000, 0x0000000082500000, 0x0000000082600000|  0%| F|  |TAMS 0x0000000082500000, 0x0000000082500000| Untracked 
|   8|0x0000000082600000, 0x0000000082600000, 0x0000000082700000|  0%| F|  |TAMS 0x0000000082600000, 0x0000000082600000| Untracked 
|   9|0x0000000082700000, 0x0000000082700000, 0x0000000082800000|  0%| F|  |TAMS 0x0000000082700000, 0x0000000082700000| Untracked 
|  10|0x0000000082800000, 0x0000000082800000, 0x0000000082900000|  0%| F|  |TAMS 0x0000000082800000, 0x0000000082800000| Untracked 
|  11|0x0000000082900000, 0x0000000082900000, 0x0000000082a00000|  0%| F|  |TAMS 0x0000000082900000, 0x0000000082900000| Untracked 
|  12|0x0000000082a00000, 0x0000000082a00000, 0x0000000082b00000|  0%| F|  |TAMS 0x0000000082a00000, 0x0000000082a00000| Untracked 
|  13|0x0000000082b00000, 0x0000000082b00000, 0x0000000082c00000|  0%| F|  |TAMS 0x0000000082b00000, 0x0000000082b00000| Untracked 
|  14|0x0000000082c00000, 0x0000000082c00000, 0x0000000082d00000|  0%| F|  |TAMS 0x0000000082c00000, 0x0000000082c00000| Untracked 
|  15|0x0000000082d00000, 0x0000000082d00000, 0x0000000082e00000|  0%| F|  |TAMS 0x0000000082d00000, 0x0000000082d00000| Untracked 
|  16|0x0000000082e00000, 0x0000000082e00000, 0x0000000082f00000|  0%| F|  |TAMS 0x0000000082e00000, 0x0000000082e00000| Untracked 
|  17|0x0000000082f00000, 0x0000000082f00000, 0x0000000083000000|  0%| F|  |TAMS 0x0000000082f00000, 0x0000000082f00000| Untracked 
|  18|0x0000000083000000, 0x0000000083000000, 0x0000000083100000|  0%| F|  |TAMS 0x0000000083000000, 0x0000000083000000| Untracked 
|  19|0x0000000083100000, 0x0000000083100000, 0x0000000083200000|  0%| F|  |TAMS 0x0000000083100000, 0x0000000083100000| Untracked 
|  20|0x0000000083200000, 0x0000000083200000, 0x0000000083300000|  0%| F|  |TAMS 0x0000000083200000, 0x0000000083200000| Untracked 
|  21|0x0000000083300000, 0x0000000083300000, 0x0000000083400000|  0%| F|  |TAMS 0x0000000083300000, 0x0000000083300000| Untracked 
|  22|0x0000000083400000, 0x0000000083400000, 0x0000000083500000|  0%| F|  |TAMS 0x0000000083400000, 0x0000000083400000| Untracked 
|  23|0x0000000083500000, 0x0000000083500000, 0x0000000083600000|  0%| F|  |TAMS 0x0000000083500000, 0x0000000083500000| Untracked 
|  24|0x0000000083600000, 0x0000000083600000, 0x0000000083700000|  0%| F|  |TAMS 0x0000000083600000, 0x0000000083600000| Untracked 
|  25|0x0000000083700000, 0x0000000083700000, 0x0000000083800000|  0%| F|  |TAMS 0x0000000083700000, 0x0000000083700000| Untracked 
|  26|0x0000000083800000, 0x0000000083800000, 0x0000000083900000|  0%| F|  |TAMS 0x0000000083800000, 0x0000000083800000| Untracked 
|  27|0x0000000083900000, 0x0000000083900000, 0x0000000083a00000|  0%| F|  |TAMS 0x0000000083900000, 0x0000000083900000| Untracked 
|  28|0x0000000083a00000, 0x0000000083a00000, 0x0000000083b00000|  0%| F|  |TAMS 0x0000000083a00000, 0x0000000083a00000| Untracked 
|  29|0x0000000083b00000, 0x0000000083b00000, 0x0000000083c00000|  0%| F|  |TAMS 0x0000000083b00000, 0x0000000083b00000| Untracked 
|  30|0x0000000083c00000, 0x0000000083c00000, 0x0000000083d00000|  0%| F|  |TAMS 0x0000000083c00000, 0x0000000083c00000| Untracked 
|  31|0x0000000083d00000, 0x0000000083d00000, 0x0000000083e00000|  0%| F|  |TAMS 0x0000000083d00000, 0x0000000083d00000| Untracked 
|  32|0x0000000083e00000, 0x0000000083e00000, 0x0000000083f00000|  0%| F|  |TAMS 0x0000000083e00000, 0x0000000083e00000| Untracked 
|  33|0x0000000083f00000, 0x0000000083f00000, 0x0000000084000000|  0%| F|  |TAMS 0x0000000083f00000, 0x0000000083f00000| Untracked 
|  34|0x0000000084000000, 0x0000000084000000, 0x0000000084100000|  0%| F|  |TAMS 0x0000000084000000, 0x0000000084000000| Untracked 
|  35|0x0000000084100000, 0x0000000084100000, 0x0000000084200000|  0%| F|  |TAMS 0x0000000084100000, 0x0000000084100000| Untracked 
|  36|0x0000000084200000, 0x0000000084200000, 0x0000000084300000|  0%| F|  |TAMS 0x0000000084200000, 0x0000000084200000| Untracked 
|  37|0x0000000084300000, 0x0000000084300000, 0x0000000084400000|  0%| F|  |TAMS 0x0000000084300000, 0x0000000084300000| Untracked 
|  38|0x0000000084400000, 0x0000000084400000, 0x0000000084500000|  0%| F|  |TAMS 0x0000000084400000, 0x0000000084400000| Untracked 
|  39|0x0000000084500000, 0x0000000084500000, 0x0000000084600000|  0%| F|  |TAMS 0x0000000084500000, 0x0000000084500000| Untracked 
|  40|0x0000000084600000, 0x0000000084600000, 0x0000000084700000|  0%| F|  |TAMS 0x0000000084600000, 0x0000000084600000| Untracked 
|  41|0x0000000084700000, 0x0000000084700000, 0x0000000084800000|  0%| F|  |TAMS 0x0000000084700000, 0x0000000084700000| Untracked 
|  42|0x0000000084800000, 0x0000000084800000, 0x0000000084900000|  0%| F|  |TAMS 0x0000000084800000, 0x0000000084800000| Untracked 
|  43|0x0000000084900000, 0x0000000084900000, 0x0000000084a00000|  0%| F|  |TAMS 0x0000000084900000, 0x0000000084900000| Untracked 
|  44|0x0000000084a00000, 0x0000000084a00000, 0x0000000084b00000|  0%| F|  |TAMS 0x0000000084a00000, 0x0000000084a00000| Untracked 
|  45|0x0000000084b00000, 0x0000000084b00000, 0x0000000084c00000|  0%| F|  |TAMS 0x0000000084b00000, 0x0000000084b00000| Untracked 
|  46|0x0000000084c00000, 0x0000000084c00000, 0x0000000084d00000|  0%| F|  |TAMS 0x0000000084c00000, 0x0000000084c00000| Untracked 
|  47|0x0000000084d00000, 0x0000000084d00000, 0x0000000084e00000|  0%| F|  |TAMS 0x0000000084d00000, 0x0000000084d00000| Untracked 
|  48|0x0000000084e00000, 0x0000000084e00000, 0x0000000084f00000|  0%| F|  |TAMS 0x0000000084e00000, 0x0000000084e00000| Untracked 
|  49|0x0000000084f00000, 0x0000000084f00000, 0x0000000085000000|  0%| F|  |TAMS 0x0000000084f00000, 0x0000000084f00000| Untracked 
|  50|0x0000000085000000, 0x0000000085000000, 0x0000000085100000|  0%| F|  |TAMS 0x0000000085000000, 0x0000000085000000| Untracked 
|  51|0x0000000085100000, 0x0000000085100000, 0x0000000085200000|  0%| F|  |TAMS 0x0000000085100000, 0x0000000085100000| Untracked 
|  52|0x0000000085200000, 0x0000000085200000, 0x0000000085300000|  0%| F|  |TAMS 0x0000000085200000, 0x0000000085200000| Untracked 
|  53|0x0000000085300000, 0x0000000085300000, 0x0000000085400000|  0%| F|  |TAMS 0x0000000085300000, 0x0000000085300000| Untracked 
|  54|0x0000000085400000, 0x0000000085400000, 0x0000000085500000|  0%| F|  |TAMS 0x0000000085400000, 0x0000000085400000| Untracked 
|  55|0x0000000085500000, 0x0000000085500000, 0x0000000085600000|  0%| F|  |TAMS 0x0000000085500000, 0x0000000085500000| Untracked 
|  56|0x0000000085600000, 0x0000000085600000, 0x0000000085700000|  0%| F|  |TAMS 0x0000000085600000, 0x0000000085600000| Untracked 
|  57|0x0000000085700000, 0x0000000085700000, 0x0000000085800000|  0%| F|  |TAMS 0x0000000085700000, 0x0000000085700000| Untracked 
|  58|0x0000000085800000, 0x0000000085800000, 0x0000000085900000|  0%| F|  |TAMS 0x0000000085800000, 0x0000000085800000| Untracked 
|  59|0x0000000085900000, 0x0000000085900000, 0x0000000085a00000|  0%| F|  |TAMS 0x0000000085900000, 0x0000000085900000| Untracked 
|  60|0x0000000085a00000, 0x0000000085a00000, 0x0000000085b00000|  0%| F|  |TAMS 0x0000000085a00000, 0x0000000085a00000| Untracked 
|  61|0x0000000085b00000, 0x0000000085b00000, 0x0000000085c00000|  0%| F|  |TAMS 0x0000000085b00000, 0x0000000085b00000| Untracked 
|  62|0x0000000085c00000, 0x0000000085c00000, 0x0000000085d00000|  0%| F|  |TAMS 0x0000000085c00000, 0x0000000085c00000| Untracked 
|  63|0x0000000085d00000, 0x0000000085d00000, 0x0000000085e00000|  0%| F|  |TAMS 0x0000000085d00000, 0x0000000085d00000| Untracked 
|  64|0x0000000085e00000, 0x0000000085e00000, 0x0000000085f00000|  0%| F|  |TAMS 0x0000000085e00000, 0x0000000085e00000| Untracked 
|  65|0x0000000085f00000, 0x0000000085f00000, 0x0000000086000000|  0%| F|  |TAMS 0x0000000085f00000, 0x0000000085f00000| Untracked 
|  66|0x0000000086000000, 0x0000000086000000, 0x0000000086100000|  0%| F|  |TAMS 0x0000000086000000, 0x0000000086000000| Untracked 
|  67|0x0000000086100000, 0x0000000086100000, 0x0000000086200000|  0%| F|  |TAMS 0x0000000086100000, 0x0000000086100000| Untracked 
|  68|0x0000000086200000, 0x0000000086200000, 0x0000000086300000|  0%| F|  |TAMS 0x0000000086200000, 0x0000000086200000| Untracked 
|  69|0x0000000086300000, 0x0000000086300000, 0x0000000086400000|  0%| F|  |TAMS 0x0000000086300000, 0x0000000086300000| Untracked 
|  70|0x0000000086400000, 0x0000000086400000, 0x0000000086500000|  0%| F|  |TAMS 0x0000000086400000, 0x0000000086400000| Untracked 
|  71|0x0000000086500000, 0x0000000086500000, 0x0000000086600000|  0%| F|  |TAMS 0x0000000086500000, 0x0000000086500000| Untracked 
|  72|0x0000000086600000, 0x0000000086600000, 0x0000000086700000|  0%| F|  |TAMS 0x0000000086600000, 0x0000000086600000| Untracked 
|  73|0x0000000086700000, 0x0000000086700000, 0x0000000086800000|  0%| F|  |TAMS 0x0000000086700000, 0x0000000086700000| Untracked 
|  74|0x0000000086800000, 0x0000000086800000, 0x0000000086900000|  0%| F|  |TAMS 0x0000000086800000, 0x0000000086800000| Untracked 
|  75|0x0000000086900000, 0x0000000086900000, 0x0000000086a00000|  0%| F|  |TAMS 0x0000000086900000, 0x0000000086900000| Untracked 
|  76|0x0000000086a00000, 0x0000000086a00000, 0x0000000086b00000|  0%| F|  |TAMS 0x0000000086a00000, 0x0000000086a00000| Untracked 
|  77|0x0000000086b00000, 0x0000000086b00000, 0x0000000086c00000|  0%| F|  |TAMS 0x0000000086b00000, 0x0000000086b00000| Untracked 
|  78|0x0000000086c00000, 0x0000000086c00000, 0x0000000086d00000|  0%| F|  |TAMS 0x0000000086c00000, 0x0000000086c00000| Untracked 
|  79|0x0000000086d00000, 0x0000000086d00000, 0x0000000086e00000|  0%| F|  |TAMS 0x0000000086d00000, 0x0000000086d00000| Untracked 
|  80|0x0000000086e00000, 0x0000000086e00000, 0x0000000086f00000|  0%| F|  |TAMS 0x0000000086e00000, 0x0000000086e00000| Untracked 
|  81|0x0000000086f00000, 0x0000000086f00000, 0x0000000087000000|  0%| F|  |TAMS 0x0000000086f00000, 0x0000000086f00000| Untracked 
|  82|0x0000000087000000, 0x0000000087000000, 0x0000000087100000|  0%| F|  |TAMS 0x0000000087000000, 0x0000000087000000| Untracked 
|  83|0x0000000087100000, 0x0000000087100000, 0x0000000087200000|  0%| F|  |TAMS 0x0000000087100000, 0x0000000087100000| Untracked 
|  84|0x0000000087200000, 0x0000000087200000, 0x0000000087300000|  0%| F|  |TAMS 0x0000000087200000, 0x0000000087200000| Untracked 
|  85|0x0000000087300000, 0x0000000087300000, 0x0000000087400000|  0%| F|  |TAMS 0x0000000087300000, 0x0000000087300000| Untracked 
|  86|0x0000000087400000, 0x0000000087400000, 0x0000000087500000|  0%| F|  |TAMS 0x0000000087400000, 0x0000000087400000| Untracked 
|  87|0x0000000087500000, 0x0000000087500000, 0x0000000087600000|  0%| F|  |TAMS 0x0000000087500000, 0x0000000087500000| Untracked 
|  88|0x0000000087600000, 0x0000000087600000, 0x0000000087700000|  0%| F|  |TAMS 0x0000000087600000, 0x0000000087600000| Untracked 
|  89|0x0000000087700000, 0x0000000087700000, 0x0000000087800000|  0%| F|  |TAMS 0x0000000087700000, 0x0000000087700000| Untracked 
|  90|0x0000000087800000, 0x0000000087800000, 0x0000000087900000|  0%| F|  |TAMS 0x0000000087800000, 0x0000000087800000| Untracked 
|  91|0x0000000087900000, 0x0000000087900000, 0x0000000087a00000|  0%| F|  |TAMS 0x0000000087900000, 0x0000000087900000| Untracked 
|  92|0x0000000087a00000, 0x0000000087a00000, 0x0000000087b00000|  0%| F|  |TAMS 0x0000000087a00000, 0x0000000087a00000| Untracked 
|  93|0x0000000087b00000, 0x0000000087b00000, 0x0000000087c00000|  0%| F|  |TAMS 0x0000000087b00000, 0x0000000087b00000| Untracked 
|  94|0x0000000087c00000, 0x0000000087c00000, 0x0000000087d00000|  0%| F|  |TAMS 0x0000000087c00000, 0x0000000087c00000| Untracked 
|  95|0x0000000087d00000, 0x0000000087d00000, 0x0000000087e00000|  0%| F|  |TAMS 0x0000000087d00000, 0x0000000087d00000| Untracked 
|  96|0x0000000087e00000, 0x0000000087e00000, 0x0000000087f00000|  0%| F|  |TAMS 0x0000000087e00000, 0x0000000087e00000| Untracked 
|  97|0x0000000087f00000, 0x0000000087f00000, 0x0000000088000000|  0%| F|  |TAMS 0x0000000087f00000, 0x0000000087f00000| Untracked 
|  98|0x0000000088000000, 0x0000000088000000, 0x0000000088100000|  0%| F|  |TAMS 0x0000000088000000, 0x0000000088000000| Untracked 
|  99|0x0000000088100000, 0x0000000088100000, 0x0000000088200000|  0%| F|  |TAMS 0x0000000088100000, 0x0000000088100000| Untracked 
| 100|0x0000000088200000, 0x0000000088200000, 0x0000000088300000|  0%| F|  |TAMS 0x0000000088200000, 0x0000000088200000| Untracked 
| 101|0x0000000088300000, 0x0000000088300000, 0x0000000088400000|  0%| F|  |TAMS 0x0000000088300000, 0x0000000088300000| Untracked 
| 102|0x0000000088400000, 0x0000000088400000, 0x0000000088500000|  0%| F|  |TAMS 0x0000000088400000, 0x0000000088400000| Untracked 
| 103|0x0000000088500000, 0x0000000088500000, 0x0000000088600000|  0%| F|  |TAMS 0x0000000088500000, 0x0000000088500000| Untracked 
| 104|0x0000000088600000, 0x0000000088600000, 0x0000000088700000|  0%| F|  |TAMS 0x0000000088600000, 0x0000000088600000| Untracked 
| 105|0x0000000088700000, 0x0000000088700000, 0x0000000088800000|  0%| F|  |TAMS 0x0000000088700000, 0x0000000088700000| Untracked 
| 106|0x0000000088800000, 0x0000000088800000, 0x0000000088900000|  0%| F|  |TAMS 0x0000000088800000, 0x0000000088800000| Untracked 
| 107|0x0000000088900000, 0x0000000088900000, 0x0000000088a00000|  0%| F|  |TAMS 0x0000000088900000, 0x0000000088900000| Untracked 
| 108|0x0000000088a00000, 0x0000000088a00000, 0x0000000088b00000|  0%| F|  |TAMS 0x0000000088a00000, 0x0000000088a00000| Untracked 
| 109|0x0000000088b00000, 0x0000000088b00000, 0x0000000088c00000|  0%| F|  |TAMS 0x0000000088b00000, 0x0000000088b00000| Untracked 
| 110|0x0000000088c00000, 0x0000000088c00000, 0x0000000088d00000|  0%| F|  |TAMS 0x0000000088c00000, 0x0000000088c00000| Untracked 
| 111|0x0000000088d00000, 0x0000000088d00000, 0x0000000088e00000|  0%| F|  |TAMS 0x0000000088d00000, 0x0000000088d00000| Untracked 
| 112|0x0000000088e00000, 0x0000000088ee5d08, 0x0000000088f00000| 89%| S|CS|TAMS 0x0000000088e00000, 0x0000000088e00000| Complete 
| 113|0x0000000088f00000, 0x0000000089000000, 0x0000000089000000|100%| S|CS|TAMS 0x0000000088f00000, 0x0000000088f00000| Complete 
| 114|0x0000000089000000, 0x0000000089000000, 0x0000000089100000|  0%| F|  |TAMS 0x0000000089000000, 0x0000000089000000| Untracked 
| 115|0x0000000089100000, 0x0000000089100000, 0x0000000089200000|  0%| F|  |TAMS 0x0000000089100000, 0x0000000089100000| Untracked 
| 116|0x0000000089200000, 0x0000000089200000, 0x0000000089300000|  0%| F|  |TAMS 0x0000000089200000, 0x0000000089200000| Untracked 
| 117|0x0000000089300000, 0x0000000089300000, 0x0000000089400000|  0%| F|  |TAMS 0x0000000089300000, 0x0000000089300000| Untracked 
| 118|0x0000000089400000, 0x0000000089400000, 0x0000000089500000|  0%| F|  |TAMS 0x0000000089400000, 0x0000000089400000| Untracked 
| 119|0x0000000089500000, 0x0000000089500000, 0x0000000089600000|  0%| F|  |TAMS 0x0000000089500000, 0x0000000089500000| Untracked 
| 120|0x0000000089600000, 0x0000000089600000, 0x0000000089700000|  0%| F|  |TAMS 0x0000000089600000, 0x0000000089600000| Untracked 
| 121|0x0000000089700000, 0x0000000089700000, 0x0000000089800000|  0%| F|  |TAMS 0x0000000089700000, 0x0000000089700000| Untracked 
| 122|0x0000000089800000, 0x00000000898fecc8, 0x0000000089900000| 99%| E|  |TAMS 0x0000000089800000, 0x0000000089800000| Complete 
| 123|0x0000000089900000, 0x0000000089a00000, 0x0000000089a00000|100%| E|CS|TAMS 0x0000000089900000, 0x0000000089900000| Complete 
| 124|0x0000000089a00000, 0x0000000089b00000, 0x0000000089b00000|100%| E|CS|TAMS 0x0000000089a00000, 0x0000000089a00000| Complete 
| 125|0x0000000089b00000, 0x0000000089c00000, 0x0000000089c00000|100%| E|CS|TAMS 0x0000000089b00000, 0x0000000089b00000| Complete 
| 126|0x0000000089c00000, 0x0000000089d00000, 0x0000000089d00000|100%| E|CS|TAMS 0x0000000089c00000, 0x0000000089c00000| Complete 
| 127|0x0000000089d00000, 0x0000000089e00000, 0x0000000089e00000|100%| E|CS|TAMS 0x0000000089d00000, 0x0000000089d00000| Complete 

Card table byte_map: [0x0000020ff88d0000,0x0000020ff8cd0000] _byte_map_base: 0x0000020ff84c1000

Marking Bits (Prev, Next): (CMBitMap*) 0x0000020fdf0c30d8, (CMBitMap*) 0x0000020fdf0c3118
 Prev Bits: [0x0000020ff90d0000, 0x0000020ffb058000)
 Next Bits: [0x0000020ffb060000, 0x0000020ffcfe8000)

Polling page: 0x0000020fe0910000

Metaspace:

Usage:
  Non-class:      6.84 MB capacity,     4.57 MB ( 67%) used,     2.26 MB ( 33%) free+waste,     8.75 KB ( <1%) overhead. 
      Class:    577.00 KB capacity,   294.76 KB ( 51%) used,   278.18 KB ( 48%) free+waste,     4.06 KB ( <1%) overhead. 
       Both:      7.41 MB capacity,     4.86 MB ( 66%) used,     2.54 MB ( 34%) free+waste,    12.81 KB ( <1%) overhead. 

Virtual space:
  Non-class space:        8.00 MB reserved,       7.00 MB ( 88%) committed 
      Class space:        1.00 GB reserved,     640.00 KB ( <1%) committed 
             Both:        1.01 GB reserved,       7.63 MB ( <1%) committed 

Chunk freelists:
   Non-Class:  95.00 KB
       Class:  0 bytes
        Both:  95.00 KB

MaxMetaspaceSize: 17179869184.00 GB
CompressedClassSpaceSize: 1.00 GB

CodeHeap 'non-profiled nmethods': size=120064Kb used=339Kb max_used=339Kb free=119724Kb
 bounds [0x0000020ff0820000, 0x0000020ff0a90000, 0x0000020ff7d60000]
CodeHeap 'profiled nmethods': size=120000Kb used=1609Kb max_used=1609Kb free=118390Kb
 bounds [0x0000020fe92f0000, 0x0000020fe9560000, 0x0000020ff0820000]
CodeHeap 'non-nmethods': size=5696Kb used=1538Kb max_used=1550Kb free=4158Kb
 bounds [0x0000020fe8d60000, 0x0000020fe8fd0000, 0x0000020fe92f0000]
 total_blobs=2370 nmethods=949 adapters=816
 compilation: enabled
              stopped_count=0, restarted_count=0
 full_count=0

Compilation events (20 events):
Event: 3.437 Thread 0x0000020fff62e800  934       4       java.lang.String::indexOf (29 bytes)
Event: 3.437 Thread 0x0000020fff62f800 nmethod 933 0x0000020fe9477910 code [0x0000020fe9477de0, 0x0000020fe947a000]
Event: 3.437 Thread 0x0000020fff62f800  931       3       java.lang.StringLatin1::trim (76 bytes)
Event: 3.438 Thread 0x0000020fff62f800 nmethod 931 0x0000020fe947ad10 code [0x0000020fe947af00, 0x0000020fe947b550]
Event: 3.438 Thread 0x0000020fff62f800  930       3       java.lang.String::trim (35 bytes)
Event: 3.439 Thread 0x0000020fff62f800 nmethod 930 0x0000020fe947b710 code [0x0000020fe947b8e0, 0x0000020fe947bc40]
Event: 3.439 Thread 0x0000020fff62f800  932       3       java.lang.Integer::parseInt (7 bytes)
Event: 3.439 Thread 0x0000020fff62f800 nmethod 932 0x0000020fe947bd10 code [0x0000020fe947bec0, 0x0000020fe947c030]
Event: 3.439 Thread 0x0000020fff62f800  936       3       java.util.ArrayList::grow (60 bytes)
Event: 3.440 Thread 0x0000020fff62f800 nmethod 936 0x0000020fe947c110 code [0x0000020fe947c320, 0x0000020fe947cb40]
Event: 3.440 Thread 0x0000020fff62f800  937       3       java.util.Arrays::copyOf (10 bytes)
Event: 3.440 Thread 0x0000020fff62f800 nmethod 937 0x0000020fe947cd90 code [0x0000020fe947cf40, 0x0000020fe947d0f0]
Event: 3.442 Thread 0x0000020fff62e800 nmethod 934 0x0000020ff0870390 code [0x0000020ff0870520, 0x0000020ff0870738]
Event: 3.442 Thread 0x0000020fff62e800  935       4       java.util.ArrayList::add (25 bytes)
Event: 3.447 Thread 0x0000020fff62f800  942       3       java.lang.String::split (327 bytes)
Event: 3.450 Thread 0x0000020fff62e800 nmethod 935 0x0000020ff0870890 code [0x0000020ff0870a20, 0x0000020ff0870c28]
Event: 3.453 Thread 0x0000020fff62e800  939       4       java.lang.Integer::parseInt (264 bytes)
Event: 3.457 Thread 0x0000020fff62f800 nmethod 942 0x0000020fe947d190 code [0x0000020fe947d760, 0x0000020fe9480e10]
Event: 3.467 Thread 0x0000020fff62e800 nmethod 939 0x0000020ff0870d90 code [0x0000020ff0870f40, 0x0000020ff0871318]
Event: 3.467 Thread 0x0000020fff62e800  943       4       java.lang.StringLatin1::trim (76 bytes)

GC Heap History (2 events):
Event: 1.338 GC heap before
{Heap before GC invocations=0 (full 0):
 garbage-first heap   total 131072K, used 14336K [0x0000000081e00000, 0x0000000100000000)
  region size 1024K, 14 young (14336K), 0 survivors (0K)
 Metaspace       used 4344K, capacity 7081K, committed 7296K, reserved 1056768K
  class space    used 254K, capacity 536K, committed 640K, reserved 1048576K
}
Event: 1.344 GC heap after
{Heap after GC invocations=1 (full 0):
 garbage-first heap   total 131072K, used 1943K [0x0000000081e00000, 0x0000000100000000)
  region size 1024K, 2 young (2048K), 2 survivors (2048K)
 Metaspace       used 4344K, capacity 7081K, committed 7296K, reserved 1056768K
  class space    used 254K, capacity 536K, committed 640K, reserved 1048576K
}

Deoptimization events (20 events):
Event: 2.949 Thread 0x0000020fdf07d000 Uncommon trap: trap_request=0xffffff66 fr.pc=0x0000020ff0864d88 relative=0x0000000000000168
Event: 2.949 Thread 0x0000020fdf07d000 Uncommon trap: reason=speculate_class_check action=maybe_recompile pc=0x0000020ff0864d88 method=org.lwjgl.system.MemoryAccess$MemoryAccessorUnsafe.setup(Ljava/lang/Class;JI)Ljava/nio/Buffer; @ 53 c2
Event: 2.949 Thread 0x0000020fdf07d000 DEOPT PACKING pc=0x0000020ff0864d88 sp=0x000000bc062fee20
Event: 2.949 Thread 0x0000020fdf07d000 DEOPT UNPACKING pc=0x0000020fe8da912f sp=0x000000bc062fedb0 mode 2
Event: 2.950 Thread 0x0000020fdf07d000 Uncommon trap: trap_request=0xffffff66 fr.pc=0x0000020ff0864d88 relative=0x0000000000000168
Event: 2.950 Thread 0x0000020fdf07d000 Uncommon trap: reason=speculate_class_check action=maybe_recompile pc=0x0000020ff0864d88 method=org.lwjgl.system.MemoryAccess$MemoryAccessorUnsafe.setup(Ljava/lang/Class;JI)Ljava/nio/Buffer; @ 53 c2
Event: 2.950 Thread 0x0000020fdf07d000 DEOPT PACKING pc=0x0000020ff0864d88 sp=0x000000bc062feed0
Event: 2.950 Thread 0x0000020fdf07d000 DEOPT UNPACKING pc=0x0000020fe8da912f sp=0x000000bc062fee60 mode 2
Event: 2.950 Thread 0x0000020fdf07d000 Uncommon trap: trap_request=0xffffff66 fr.pc=0x0000020ff0864d88 relative=0x0000000000000168
Event: 2.950 Thread 0x0000020fdf07d000 Uncommon trap: reason=speculate_class_check action=maybe_recompile pc=0x0000020ff0864d88 method=org.lwjgl.system.MemoryAccess$MemoryAccessorUnsafe.setup(Ljava/lang/Class;JI)Ljava/nio/Buffer; @ 53 c2
Event: 2.950 Thread 0x0000020fdf07d000 DEOPT PACKING pc=0x0000020ff0864d88 sp=0x000000bc062fee20
Event: 2.950 Thread 0x0000020fdf07d000 DEOPT UNPACKING pc=0x0000020fe8da912f sp=0x000000bc062fedb0 mode 2
Event: 2.950 Thread 0x0000020fdf07d000 Uncommon trap: trap_request=0xffffff66 fr.pc=0x0000020ff0864d88 relative=0x0000000000000168
Event: 2.950 Thread 0x0000020fdf07d000 Uncommon trap: reason=speculate_class_check action=maybe_recompile pc=0x0000020ff0864d88 method=org.lwjgl.system.MemoryAccess$MemoryAccessorUnsafe.setup(Ljava/lang/Class;JI)Ljava/nio/Buffer; @ 53 c2
Event: 2.950 Thread 0x0000020fdf07d000 DEOPT PACKING pc=0x0000020ff0864d88 sp=0x000000bc062feed0
Event: 2.950 Thread 0x0000020fdf07d000 DEOPT UNPACKING pc=0x0000020fe8da912f sp=0x000000bc062fee60 mode 2
Event: 3.451 Thread 0x0000020f83b74800 Uncommon trap: trap_request=0xffffff45 fr.pc=0x0000020ff08325f8 relative=0x0000000000000258
Event: 3.451 Thread 0x0000020f83b74800 Uncommon trap: reason=unstable_if action=reinterpret pc=0x0000020ff08325f8 method=java.util.HashMap.putVal(ILjava/lang/Object;Ljava/lang/Object;ZZ)Ljava/lang/Object; @ 162 c2
Event: 3.451 Thread 0x0000020f83b74800 DEOPT PACKING pc=0x0000020ff08325f8 sp=0x000000bc07dfed10
Event: 3.451 Thread 0x0000020f83b74800 DEOPT UNPACKING pc=0x0000020fe8da912f sp=0x000000bc07dfecc0 mode 2

Classes unloaded (0 events):
No events

Classes redefined (0 events):
No events

Internal exceptions (4 events):
Event: 0.382 Thread 0x0000020fdf07d000 Exception <a 'java/lang/NoSuchMethodError'{0x0000000089915618}: 'void java.lang.invoke.DelegatingMethodHandle$Holder.delegate(java.lang.Object, java.lang.Object, int, java.lang.Object)'> (0x0000000089915618) 
thrown [t:/workspace/open/src/hotspot/share/interpreter/linkResolver.cpp, line 767]
Event: 0.385 Thread 0x0000020fdf07d000 Exception <a 'java/lang/NoSuchMethodError'{0x000000008991c120}: 'java.lang.Object java.lang.invoke.DirectMethodHandle$Holder.invokeStaticInit(java.lang.Object, java.lang.Object, java.lang.Object)'> (0x000000008991c120) 
thrown [t:/workspace/open/src/hotspot/share/interpreter/linkResolver.cpp, line 767]
Event: 1.078 Thread 0x0000020fdf07d000 Exception <a 'sun/nio/fs/WindowsException'{0x00000000897b3420}> (0x00000000897b3420) 
thrown [t:/workspace/open/src/hotspot/share/prims/jni.cpp, line 598]
Event: 1.079 Thread 0x0000020fdf07d000 Exception <a 'sun/nio/fs/WindowsException'{0x00000000897b38f0}> (0x00000000897b38f0) 
thrown [t:/workspace/open/src/hotspot/share/prims/jni.cpp, line 598]

Events (20 events):
Event: 3.366 loading class org/lwjgl/stb/STBImage done
Event: 3.369 loading class org/lwjgl/stb/LibSTB
Event: 3.369 loading class org/lwjgl/stb/LibSTB done
Event: 3.390 Loaded shared library C:\Users\Nero\AppData\Local\Temp\lwjglNero\3.1.6-build-14\lwjgl_stb.dll
Event: 3.422 loading class com/ATTAR/maps/LoadMap
Event: 3.422 loading class com/ATTAR/maps/LoadMap done
Event: 3.424 loading class com/ATTAR/maps/LoadMap$1
Event: 3.424 loading class com/ATTAR/maps/LoadMap$1 done
Event: 3.426 Thread 0x0000020f83b74800 Thread added: 0x0000020f83b74800
Event: 3.426 loading class com/ATTAR/maps/TileSetLoad
Event: 3.426 loading class com/ATTAR/maps/TileSetLoad done
Event: 3.427 loading class com/ATTAR/maps/LoadTiles
Event: 3.427 loading class com/ATTAR/maps/LoadTiles done
Event: 3.428 loading class java/util/regex/Pattern$BnM
Event: 3.428 loading class java/util/regex/Pattern$BnM done
Event: 3.432 loading class java/util/regex/Pattern$SliceS
Event: 3.432 loading class java/util/regex/Pattern$SliceS done
Event: 3.450 Thread 0x0000020f83767800 Thread added: 0x0000020f83767800
Event: 3.451 loading class com/ATTAR/objects/Tiles
Event: 3.451 loading class com/ATTAR/objects/Tiles done


Dynamic libraries:
0x00007ff7b74d0000 - 0x00007ff7b74df000 	D:\Program Files\Java\jdk-13.0.1\bin\java.exe
0x00007fff94290000 - 0x00007fff94485000 	C:\WINDOWS\SYSTEM32\ntdll.dll
0x00007fff922e0000 - 0x00007fff9239e000 	C:\WINDOWS\System32\KERNEL32.DLL
0x00007fff919e0000 - 0x00007fff91ca9000 	C:\WINDOWS\System32\KERNELBASE.dll
0x00007fff92160000 - 0x00007fff92260000 	C:\WINDOWS\System32\ucrtbase.dll
0x00007fff8c5e0000 - 0x00007fff8c5f8000 	D:\Program Files\Java\jdk-13.0.1\bin\jli.dll
0x00007fff93900000 - 0x00007fff939ac000 	C:\WINDOWS\System32\ADVAPI32.dll
0x00007fff93560000 - 0x00007fff935fe000 	C:\WINDOWS\System32\msvcrt.dll
0x00007fff94120000 - 0x00007fff941bb000 	C:\WINDOWS\System32\sechost.dll
0x00007fff93040000 - 0x00007fff9316a000 	C:\WINDOWS\System32\RPCRT4.dll
0x00007fff93720000 - 0x00007fff938c1000 	C:\WINDOWS\System32\USER32.dll
0x00007fff92260000 - 0x00007fff92282000 	C:\WINDOWS\System32\win32u.dll
0x00007fff938d0000 - 0x00007fff938fb000 	C:\WINDOWS\System32\GDI32.dll
0x00007fff91cb0000 - 0x00007fff91dbb000 	C:\WINDOWS\System32\gdi32full.dll
0x00007fff91e70000 - 0x00007fff91f0d000 	C:\WINDOWS\System32\msvcp_win.dll
0x00007fff8c5c0000 - 0x00007fff8c5d5000 	D:\Program Files\Java\jdk-13.0.1\bin\VCRUNTIME140.dll
0x00007fff885c0000 - 0x00007fff8885a000 	C:\WINDOWS\WinSxS\amd64_microsoft.windows.common-controls_6595b64144ccf1df_6.0.19041.1110_none_60b5254171f9507e\COMCTL32.dll
0x00007fff874f0000 - 0x00007fff874fa000 	C:\WINDOWS\SYSTEM32\VERSION.dll
0x00007fff94220000 - 0x00007fff94250000 	C:\WINDOWS\System32\IMM32.DLL
0x00007fff84dd0000 - 0x00007fff84e6b000 	D:\Program Files\Java\jdk-13.0.1\bin\msvcp140.dll
0x00007fff3f530000 - 0x00007fff40096000 	D:\Program Files\Java\jdk-13.0.1\bin\server\jvm.dll
0x00007fff93eb0000 - 0x00007fff93eb8000 	C:\WINDOWS\System32\PSAPI.DLL
0x00007fff82310000 - 0x00007fff82319000 	C:\WINDOWS\SYSTEM32\WSOCK32.dll
0x00007fff93f70000 - 0x00007fff93fdb000 	C:\WINDOWS\System32\WS2_32.dll
0x00007fff87c90000 - 0x00007fff87cb7000 	C:\WINDOWS\SYSTEM32\WINMM.dll
0x00007fff8f8b0000 - 0x00007fff8f8c2000 	C:\WINDOWS\SYSTEM32\kernel.appcore.dll
0x00007fff8eb10000 - 0x00007fff8eb20000 	D:\Program Files\Java\jdk-13.0.1\bin\verify.dll
0x00007fff81e90000 - 0x00007fff82074000 	C:\WINDOWS\SYSTEM32\DBGHELP.DLL
0x00007fff81e60000 - 0x00007fff81e8c000 	C:\WINDOWS\SYSTEM32\dbgcore.DLL
0x00007fff92070000 - 0x00007fff920f3000 	C:\WINDOWS\System32\bcryptPrimitives.dll
0x00007fff8a560000 - 0x00007fff8a586000 	D:\Program Files\Java\jdk-13.0.1\bin\java.dll
0x00007fff8a550000 - 0x00007fff8a55e000 	D:\Program Files\Java\jdk-13.0.1\bin\instrument.dll
0x00007fff8a510000 - 0x00007fff8a527000 	D:\Program Files\Java\jdk-13.0.1\bin\zip.dll
0x00007fff8c5b0000 - 0x00007fff8c5ba000 	D:\Program Files\Java\jdk-13.0.1\bin\jimage.dll
0x00007fff92470000 - 0x00007fff92baf000 	C:\WINDOWS\System32\SHELL32.dll
0x00007fff8fab0000 - 0x00007fff90240000 	C:\WINDOWS\SYSTEM32\windows.storage.dll
0x00007fff92cd0000 - 0x00007fff93025000 	C:\WINDOWS\System32\combase.dll
0x00007fff91330000 - 0x00007fff9135c000 	C:\WINDOWS\SYSTEM32\Wldp.dll
0x00007fff934b0000 - 0x00007fff9355e000 	C:\WINDOWS\System32\SHCORE.dll
0x00007fff92c60000 - 0x00007fff92cb5000 	C:\WINDOWS\System32\shlwapi.dll
0x00007fff918f0000 - 0x00007fff9190f000 	C:\WINDOWS\SYSTEM32\profapi.dll
0x00007fff88310000 - 0x00007fff88329000 	D:\Program Files\Java\jdk-13.0.1\bin\net.dll
0x00007fff88d60000 - 0x00007fff88e68000 	C:\WINDOWS\SYSTEM32\WINHTTP.dll
0x00007fff91090000 - 0x00007fff910fa000 	C:\WINDOWS\system32\mswsock.dll
0x00007fff88250000 - 0x00007fff88263000 	D:\Program Files\Java\jdk-13.0.1\bin\nio.dll
0x00007fff84f00000 - 0x00007fff84f1a000 	D:\Program Files\JetBrains\IntelliJ IDEA Community Edition 2021.2\bin\breakgen64.dll
0x00007fff84d70000 - 0x00007fff84dcb000 	C:\Users\Nero\AppData\Local\Temp\lwjglNero\3.1.6-build-14\lwjgl.dll
0x00007fff84d10000 - 0x00007fff84d61000 	C:\Users\Nero\AppData\Local\Temp\lwjglNero\3.1.6-build-14\glfw.dll
0x00007fff8f3f0000 - 0x00007fff8f48e000 	C:\WINDOWS\system32\uxtheme.dll
0x00007fff84cc0000 - 0x00007fff84d05000 	C:\WINDOWS\SYSTEM32\dinput8.dll
0x00007fff84ee0000 - 0x00007fff84ef1000 	C:\WINDOWS\SYSTEM32\xinput1_4.dll
0x00007fff92290000 - 0x00007fff922de000 	C:\WINDOWS\System32\cfgmgr32.dll
0x00007fff916e0000 - 0x00007fff91714000 	C:\WINDOWS\SYSTEM32\DEVOBJ.dll
0x00007fff8f4d0000 - 0x00007fff8f4ff000 	C:\WINDOWS\SYSTEM32\dwmapi.dll
0x00007fff89040000 - 0x00007fff89192000 	C:\WINDOWS\SYSTEM32\inputhost.dll
0x00007fff923a0000 - 0x00007fff9246d000 	C:\WINDOWS\System32\OLEAUT32.dll
0x00007fff8f1c0000 - 0x00007fff8f2b2000 	C:\WINDOWS\SYSTEM32\CoreMessaging.dll
0x00007fff8c9a0000 - 0x00007fff8ca96000 	C:\WINDOWS\SYSTEM32\PROPSYS.dll
0x00007fff8eb60000 - 0x00007fff8ecb4000 	C:\WINDOWS\SYSTEM32\wintypes.dll
0x00007fff8ee60000 - 0x00007fff8f1be000 	C:\WINDOWS\SYSTEM32\CoreUIComponents.dll
0x00007fff90670000 - 0x00007fff906a3000 	C:\WINDOWS\SYSTEM32\ntmarta.dll
0x00007fff93600000 - 0x00007fff93715000 	C:\WINDOWS\System32\MSCTF.dll
0x00007fff90240000 - 0x00007fff9024d000 	C:\WINDOWS\SYSTEM32\HID.DLL
0x00007fff93a30000 - 0x00007fff93ea2000 	C:\WINDOWS\System32\SETUPAPI.DLL
0x00007fff919b0000 - 0x00007fff919d7000 	C:\WINDOWS\System32\bcrypt.dll
0x00007fff92100000 - 0x00007fff92160000 	C:\WINDOWS\System32\WINTRUST.dll
0x00007fff91f10000 - 0x00007fff92066000 	C:\WINDOWS\System32\CRYPT32.dll
0x00007fff914c0000 - 0x00007fff914d2000 	C:\WINDOWS\SYSTEM32\MSASN1.dll
0x00007fff79a20000 - 0x00007fff79b45000 	C:\WINDOWS\SYSTEM32\opengl32.dll
0x00007fff85f50000 - 0x00007fff85f7c000 	C:\WINDOWS\SYSTEM32\GLU32.dll
0x00007fff92bb0000 - 0x00007fff92c59000 	C:\WINDOWS\System32\clbcatq.dll
0x00007fff3c2f0000 - 0x00007fff3cb22000 	C:\WINDOWS\SYSTEM32\ig7icd64.dll
0x00007fff83840000 - 0x00007fff83ca4000 	C:\WINDOWS\SYSTEM32\igdusc64.dll
0x00007fff8d500000 - 0x00007fff8d514000 	C:\WINDOWS\SYSTEM32\WTSAPI32.dll
0x00007fff91820000 - 0x00007fff9186b000 	C:\WINDOWS\SYSTEM32\powrprof.dll
0x00007fff91800000 - 0x00007fff91812000 	C:\WINDOWS\SYSTEM32\UMPDC.dll
0x00007fff902d0000 - 0x00007fff903c4000 	C:\WINDOWS\SYSTEM32\dxgi.dll
0x00007fff8d840000 - 0x00007fff8daa4000 	C:\WINDOWS\SYSTEM32\d3d11.dll
0x00007fff83cb0000 - 0x00007fff84852000 	C:\WINDOWS\SYSTEM32\igd10iumd64.dll
0x00007fff93170000 - 0x00007fff9329a000 	C:\WINDOWS\System32\ole32.dll
0x00007fff913a0000 - 0x00007fff913c7000 	C:\WINDOWS\SYSTEM32\ncrypt.dll
0x00007fff91360000 - 0x00007fff9139b000 	C:\WINDOWS\SYSTEM32\NTASN1.dll
0x00007fff8be80000 - 0x00007fff8bebb000 	C:\WINDOWS\SYSTEM32\dxcore.dll
0x00007fff88360000 - 0x00007fff88459000 	C:\WINDOWS\SYSTEM32\textinputframework.dll
0x00007fff84c60000 - 0x00007fff84cbf000 	C:\Users\Nero\AppData\Local\Temp\lwjglNero\3.1.6-build-14\lwjgl_opengl.dll
0x00007fff84be0000 - 0x00007fff84c5e000 	C:\Users\Nero\AppData\Local\Temp\lwjglNero\3.1.6-build-14\lwjgl_stb.dll

dbghelp: loaded successfully - version: 4.0.5 - missing functions: none
symbol engine: initialized successfully - sym options: 0x614 - pdb path: .;D:\Program Files\Java\jdk-13.0.1\bin;C:\WINDOWS\SYSTEM32;C:\WINDOWS\WinSxS\amd64_microsoft.windows.common-controls_6595b64144ccf1df_6.0.19041.1110_none_60b5254171f9507e;D:\Program Files\Java\jdk-13.0.1\bin\server;D:\Program Files\JetBrains\IntelliJ IDEA Community Edition 2021.2\bin;C:\Users\Nero\AppData\Local\Temp\lwjglNero\3.1.6-build-14

VM Arguments:
jvm_args: -javaagent:D:\Program Files\JetBrains\IntelliJ IDEA Community Edition 2021.2\lib\idea_rt.jar=55865:D:\Program Files\JetBrains\IntelliJ IDEA Community Edition 2021.2\bin -Dfile.encoding=UTF-8 
java_command: com.ATTAR.main.Main
java_class_path (initial): D:\eclipse-workspace\2DGameEngine\bin;D:\eclipse-workspace\2DGameEngine\lib\lwjgl.jar;D:\eclipse-workspace\2DGameEngine\lib\lwjgl-assimp.jar;D:\eclipse-workspace\2DGameEngine\lib\lwjgl-assimp-natives-linux.jar;D:\eclipse-workspace\2DGameEngine\lib\lwjgl-assimp-natives-macos.jar;D:\eclipse-workspace\2DGameEngine\lib\lwjgl-assimp-natives-windows.jar;D:\eclipse-workspace\2DGameEngine\lib\lwjgl-glfw.jar;D:\eclipse-workspace\2DGameEngine\lib\lwjgl-glfw-natives-linux.jar;D:\eclipse-workspace\2DGameEngine\lib\lwjgl-glfw-natives-macos.jar;D:\eclipse-workspace\2DGameEngine\lib\lwjgl-glfw-natives-windows.jar;D:\eclipse-workspace\2DGameEngine\lib\lwjgl-natives-linux.jar;D:\eclipse-workspace\2DGameEngine\lib\lwjgl-natives-macos.jar;D:\eclipse-workspace\2DGameEngine\lib\lwjgl-natives-windows.jar;D:\eclipse-workspace\2DGameEngine\lib\lwjgl-openal.jar;D:\eclipse-workspace\2DGameEngine\lib\lwjgl-openal-natives-linux.jar;D:\eclipse-workspace\2DGameEngine\lib\lwjgl-openal-natives-macos.jar;D:\eclipse-workspace\2DGameEngine\lib\lwjgl-openal-natives-windows.jar;D:\eclipse-workspace\2DGameEngine\lib\lwjgl-opengl.jar;D:\eclipse-workspace\2DGameEngine\lib\lwjgl-opengl-natives-linux.jar;D:\eclipse-workspace\2DGameEngine\lib\lwjgl-opengl-natives-macos.jar;D:\eclipse-workspace\2DGameEngine\lib\lwjgl-opengl-natives-windows.jar;D:\eclipse-workspace\2DGameEngine\lib\lwjgl-stb.jar;D:\eclipse-workspace\2DGameEngine\lib\lwjgl-stb-natives-linux.jar;D:\eclipse-workspace\2DGameEngine\lib\lwjgl-stb-natives-macos.jar;D:\eclipse-workspace\2DGameEngine\lib\lwjgl-stb-natives-windows.jar;D:\eclipse-workspace\2DGameEngine\lib\jbox2d-library.jar
Launcher Type: SUN_STANDARD

[Global flags]
     intx CICompilerCount                          = 3                                         {product} {ergonomic}
     uint ConcGCThreads                            = 1                                         {product} {ergonomic}
     uint G1ConcRefinementThreads                  = 4                                         {product} {ergonomic}
   size_t G1HeapRegionSize                         = 1048576                                   {product} {ergonomic}
    uintx GCDrainStackTargetSize                   = 64                                        {product} {ergonomic}
   size_t InitialHeapSize                          = 134217728                                 {product} {ergonomic}
   size_t MarkStackSize                            = 4194304                                   {product} {ergonomic}
   size_t MaxHeapSize                              = 2116026368                                {product} {ergonomic}
   size_t MaxNewSize                               = 1268776960                                {product} {ergonomic}
   size_t MinHeapDeltaBytes                        = 1048576                                   {product} {ergonomic}
   size_t MinHeapSize                              = 8388608                                   {product} {ergonomic}
    uintx NonNMethodCodeHeapSize                   = 5830732                                {pd product} {ergonomic}
    uintx NonProfiledCodeHeapSize                  = 122913754                              {pd product} {ergonomic}
    uintx ProfiledCodeHeapSize                     = 122913754                              {pd product} {ergonomic}
    uintx ReservedCodeCacheSize                    = 251658240                              {pd product} {ergonomic}
     bool SegmentedCodeCache                       = true                                      {product} {ergonomic}
   size_t SoftMaxHeapSize                          = 2116026368                             {manageable} {ergonomic}
     bool UseCompressedClassPointers               = true                                 {lp64_product} {ergonomic}
     bool UseCompressedOops                        = true                                 {lp64_product} {ergonomic}
     bool UseG1GC                                  = true                                      {product} {ergonomic}
     bool UseLargePagesIndividualAllocation        = false                                  {pd product} {ergonomic}

Logging:
Log output configuration:
 #0: stdout all=warning uptime,level,tags
 #1: stderr all=off uptime,level,tags

Environment Variables:
PATH=C:\Program Files (x86)\NVIDIA Corporation\PhysX\Common;C:\Program Files (x86)\Common Files\Intel\Shared Libraries\redist\intel64\compiler;C:\Program Files (x86)\Common Files\Oracle\Java\javapath;C:\Program Files\Common Files\Oracle\Java\javapath;C:\ProgramData\Oracle\Java\javapath;C:\WINDOWS\system32;C:\WINDOWS;C:\WINDOWS\System32\Wbem;C:\WINDOWS\System32\WindowsPowerShell\v1.0\;C:\WINDOWS\System32\OpenSSH\;C:\Program Files (x86)\GtkSharp\2.12\bin;C:\Program Files\dotnet\;C:\Program Files (x86)\QuickTime\QTSystem\;C:\Program Files (x86)\Pixie\bin;C:\Program Files (x86)\dotnet\;C:\Program Files\PuTTY\;D:\Users\Nero\AppData\Local\Programs\Python\Python38\Scripts\;D:\Users\Nero\AppData\Local\Programs\Python\Python38\;C:\Users\Nero\AppData\Local\Programs\Python\Python35\Scripts\;C:\Users\Nero\AppData\Local\Programs\Python\Python35\;C:\Users\Nero\AppData\Local\Microsoft\WindowsApps;C:\Program Files (x86)\FAHClient;C:\Users\Nero\AppData\Local\GitHubDesktop\bin
USERNAME=Nero
OS=Windows_NT
PROCESSOR_IDENTIFIER=Intel64 Family 6 Model 58 Stepping 9, GenuineIntel



---------------  S Y S T E M  ---------------

OS: Windows 10 , 64 bit Build 19041 (10.0.19041.1202)

CPU:total 4 (initial active 4) (2 cores per cpu, 2 threads per core) family 6 model 58 stepping 9, cmov, cx8, fxsr, mmx, sse, sse2, sse3, ssse3, sse4.1, sse4.2, popcnt, avx, clmul, erms, ht, tsc, tscinvbit, tscinv

Memory: 4k page, system-wide physical 8067M (2538M free)
TotalPageFile size 11326M (AvailPageFile size 4222M)
current process WorkingSet (physical memory assigned to process): 100M, peak: 105M
current process commit charge ("private bytes"): 261M, peak: 261M

vm_info: Java HotSpot(TM) 64-Bit Server VM (13.0.1+9) for windows-amd64 JRE (13.0.1+9), built on Oct  6 2019 12:37:49 by "mach5one" with unknown MS VC++:1916

END.
